GameSvrState|2014-09-28 11:29:04|127.0.0.1
GameSvrState|2014-09-28 11:30:04|127.0.0.1
GameSvrState|2014-09-28 11:31:04|127.0.0.1
GameSvrState|2014-09-28 11:32:04|127.0.0.1
GameSvrState|2014-09-28 11:33:04|127.0.0.1
GameSvrState|2014-09-28 11:34:04|127.0.0.1
GameSvrState|2014-09-28 11:35:04|127.0.0.1
GameSvrState|2014-09-28 11:36:04|127.0.0.1
GameSvrState|2014-09-28 11:37:04|127.0.0.1
GameSvrState|2014-09-28 11:38:04|127.0.0.1
PlayerLogin|1|2014-09-28 11:39:03|game_1_app_id|1|_test_id1003022414061086775|4|0|6303||HTML5||WiFi|0|0|0|0||0|||
PlayerLogin|1|2014-09-28 11:39:03|game_1_app_id|1|_test_id1003022414061086775|4|0|0.98|macos|intel|xxx|wifi|0|0|0.999999111|0|intel 001|1024|opengl 0.1|4.3|mac 10.94
GameSvrState|2014-09-28 11:39:04|127.0.0.1
ItemFlow|1|2014-09-28 11:39:26|0|game_1_app_id|1|_test_id1003022414061086775|3|304|1|1|-1|0|0|0
ItemFlow|1|2014-09-28 11:39:31|0|game_1_app_id|1|_test_id1003022414061086775|4|320|1|1|-1|0|0|0
ItemFlow|1|2014-09-28 11:39:57|0|game_1_app_id|1|_test_id1003022414061086775|12|262|0|1|25|0|1|0
PlayerPhysicalFlow|1|2014-09-28 11:40:03|game_1_app_id|1|_test_id1003022414061086775|4|97|3|0|11|1
PlayerMissionFlow|1|2014-09-28 11:40:03|game_1_app_id|1|_test_id1003022414061086775|4|0|7|110100|110100|0|0
GameSvrState|2014-09-28 11:40:04|127.0.0.1
MoneyFlow|1|2014-09-28 11:40:04|0|game_1_app_id|1|_test_id1003022414061086775|4|4300|30|26|0|0|0|0
ItemFlow|1|2014-09-28 11:40:42|0|game_1_app_id|1|_test_id1003022414061086775|2|231|2|2|10|0|0|0
MoneyFlow|1|2014-09-28 11:40:42|0|game_1_app_id|1|_test_id1003022414061086775|4|4650|350|2|0|0|0|0
PlayerExpFlow|1|2014-09-28 11:40:42|game_1_app_id|1|_test_id1003022414061086775|40|4|5|0|4|0|0
PlayerPhysicalFlow|1|2014-09-28 11:40:42|game_1_app_id|1|_test_id1003022414061086775|5|94|3|0|11|1
PlayerMissionFlow|1|2014-09-28 11:40:42|game_1_app_id|1|_test_id1003022414061086775|5|0|7|110100|110110|0|1
MoneyFlow|1|2014-09-28 11:40:42|0|game_1_app_id|1|_test_id1003022414061086775|5|4680|30|26|0|0|0|0
PlayerGuideFlow|1|2014-09-28 11:40:50|game_1_app_id|1|_test_id1003022414061086775|5|7|0|0
PlayerGuideFlow|1|2014-09-28 11:40:56|game_1_app_id|1|_test_id1003022414061086775|5|7|0|1
PlayerPhysicalFlow|1|2014-09-28 11:41:00|game_1_app_id|1|_test_id1003022414061086775|5|91|3|0|11|1
PlayerMissionFlow|1|2014-09-28 11:41:00|game_1_app_id|1|_test_id1003022414061086775|5|0|9|110110|110110|0|0
MoneyFlow|1|2014-09-28 11:41:02|0|game_1_app_id|1|_test_id1003022414061086775|5|4710|30|26|0|0|0|0
GameSvrState|2014-09-28 11:41:04|127.0.0.1
MoneyFlow|1|2014-09-28 11:41:14|0|game_1_app_id|1|_test_id1003022414061086775|5|7710|3000|26|0|0|0|0
PlayerPhysicalFlow|1|2014-09-28 11:41:14|game_1_app_id|1|_test_id1003022414061086775|5|121|30|0|7|0
ItemFlow|1|2014-09-28 11:41:14|0|game_1_app_id|1|_test_id1003022414061086775|12|262|1|1|14|0|0|0
ItemFlow|1|2014-09-28 11:41:18|0|game_1_app_id|1|_test_id1003022414061086775|3|32|1|1|10|0|0|0
ItemFlow|1|2014-09-28 11:41:19|0|game_1_app_id|1|_test_id1003022414061086775|6|38|1|1|10|0|0|0
MoneyFlow|1|2014-09-28 11:41:19|0|game_1_app_id|1|_test_id1003022414061086775|5|8160|450|2|0|0|0|0
PlayerExpFlow|1|2014-09-28 11:41:19|game_1_app_id|1|_test_id1003022414061086775|50|5|6|0|4|0|0
PlayerPhysicalFlow|1|2014-09-28 11:41:19|game_1_app_id|1|_test_id1003022414061086775|6|104|17|0|11|1
PlayerMissionFlow|1|2014-09-28 11:41:19|game_1_app_id|1|_test_id1003022414061086775|6|0|9|110110|110120|0|1
MoneyFlow|1|2014-09-28 11:41:19|0|game_1_app_id|1|_test_id1003022414061086775|6|8190|30|26|0|0|0|0
MoneyFlow|1|2014-09-28 11:41:22|0|game_1_app_id|1|_test_id1003022414061086775|6|12190|4000|26|0|0|0|0
PlayerPhysicalFlow|1|2014-09-28 11:41:37|game_1_app_id|1|_test_id1003022414061086775|6|101|3|0|11|1
PlayerMissionFlow|1|2014-09-28 11:41:37|game_1_app_id|1|_test_id1003022414061086775|6|0|11|110120|110120|0|0
MoneyFlow|1|2014-09-28 11:41:38|0|game_1_app_id|1|_test_id1003022414061086775|6|12230|40|26|0|0|0|0
GameSvrState|2014-09-28 11:42:04|127.0.0.1
ItemFlow|1|2014-09-28 11:42:21|0|game_1_app_id|1|_test_id1003022414061086775|12|263|1|1|10|0|0|0
MoneyFlow|1|2014-09-28 11:42:22|0|game_1_app_id|1|_test_id1003022414061086775|6|12930|700|2|0|0|0|0
PlayerExpFlow|1|2014-09-28 11:42:22|game_1_app_id|1|_test_id1003022414061086775|60|6|7|0|4|0|0
PlayerPhysicalFlow|1|2014-09-28 11:42:22|game_1_app_id|1|_test_id1003022414061086775|7|92|9|0|11|1
PlayerMissionFlow|1|2014-09-28 11:42:22|game_1_app_id|1|_test_id1003022414061086775|7|0|11|110120|110130|0|1
MoneyFlow|1|2014-09-28 11:42:22|0|game_1_app_id|1|_test_id1003022414061086775|7|12970|40|26|0|0|0|0
PlayerPhysicalFlow|1|2014-09-28 11:42:31|game_1_app_id|1|_test_id1003022414061086775|7|89|3|0|11|1
PlayerMissionFlow|1|2014-09-28 11:42:31|game_1_app_id|1|_test_id1003022414061086775|7|0|12|110130|110130|0|0
MoneyFlow|1|2014-09-28 11:42:32|0|game_1_app_id|1|_test_id1003022414061086775|7|13010|40|26|0|0|0|0
PlayerGuideFlow|1|2014-09-28 11:42:34|game_1_app_id|1|_test_id1003022414061086775|7|23|0|0
PlayerGuideFlow|1|2014-09-28 11:42:37|game_1_app_id|1|_test_id1003022414061086775|7|23|0|1
MoneyFlow|1|2014-09-28 11:42:48|0|game_1_app_id|1|_test_id1003022414061086775|7|18010|5000|26|0|0|0|0
PlayerPhysicalFlow|1|2014-09-28 11:42:48|game_1_app_id|1|_test_id1003022414061086775|7|129|40|0|7|0
ItemFlow|1|2014-09-28 11:42:48|0|game_1_app_id|1|_test_id1003022414061086775|12|262|2|1|14|0|0|0
ItemFlow|1|2014-09-28 11:42:51|0|game_1_app_id|1|_test_id1003022414061086775|4|36|1|1|10|0|0|0
ItemFlow|1|2014-09-28 11:42:52|0|game_1_app_id|1|_test_id1003022414061086775|6|38|2|1|10|0|0|0
MoneyFlow|1|2014-09-28 11:42:52|0|game_1_app_id|1|_test_id1003022414061086775|7|18460|450|2|0|0|0|0
PlayerExpFlow|1|2014-09-28 11:42:52|game_1_app_id|1|_test_id1003022414061086775|70|7|8|0|4|0|0
PlayerPhysicalFlow|1|2014-09-28 11:42:52|game_1_app_id|1|_test_id1003022414061086775|8|112|17|0|11|1
PlayerMissionFlow|1|2014-09-28 11:42:52|game_1_app_id|1|_test_id1003022414061086775|8|0|12|110130|120100|0|1
MoneyFlow|1|2014-09-28 11:42:52|0|game_1_app_id|1|_test_id1003022414061086775|8|18500|40|26|0|0|0|0
MoneyFlow|1|2014-09-28 11:42:56|0|game_1_app_id|1|_test_id1003022414061086775|8|18550|50|26|0|0|0|0
PlayerGuideFlow|1|2014-09-28 11:43:03|game_1_app_id|1|_test_id1003022414061086775|8|9|0|0
GameSvrState|2014-09-28 11:43:04|127.0.0.1
PlayerLogout|1|2014-09-28 11:43:08|game_1_app_id|1|_test_id1003022414061086775|245|8|0|6303||HTML5||WiFi|0|0|0|0||0|||
PlayerLogin|1|2014-09-28 11:43:16|game_1_app_id|1|_test_id1003022414061086775|8|0|6303||HTML5||WiFi|0|0|0|0||0|||
PlayerLogin|1|2014-09-28 11:43:17|game_1_app_id|1|_test_id1003022414061086775|8|0|0.98|macos|intel|xxx|wifi|0|0|0.999999111|0|intel 001|1024|opengl 0.1|4.3|mac 10.94
PlayerGuideFlow|1|2014-09-28 11:43:25|game_1_app_id|1|_test_id1003022414061086775|8|9|0|1
MoneyFlow|1|2014-09-28 11:43:29|0|game_1_app_id|1|_test_id1003022414061086775|8|18600|50|26|0|0|0|0
MoneyFlow|1|2014-09-28 11:43:32|0|game_1_app_id|1|_test_id1003022414061086775|8|18650|50|26|0|0|0|0
GameSvrState|2014-09-28 11:44:04|127.0.0.1
MoneyFlow|1|2014-09-28 11:44:06|0|game_1_app_id|1|_test_id1003022414061086775|8|18700|50|26|0|0|0|0
ItemFlow|1|2014-09-28 11:44:15|0|game_1_app_id|1|_test_id1003022414061086775|12|262|0|2|25|0|1|0
PlayerPhysicalFlow|1|2014-09-28 11:44:24|game_1_app_id|1|_test_id1003022414061086775|8|109|3|0|11|1
PlayerMissionFlow|1|2014-09-28 11:44:24|game_1_app_id|1|_test_id1003022414061086775|8|0|13|120100|120100|0|0
MoneyFlow|1|2014-09-28 11:44:27|0|game_1_app_id|1|_test_id1003022414061086775|8|18750|50|26|0|0|0|0
PlayerGuideFlow|1|2014-09-28 11:44:34|game_1_app_id|1|_test_id1003022414061086775|8|10|0|0
PlayerGuideFlow|1|2014-09-28 11:44:42|game_1_app_id|1|_test_id1003022414061086775|8|10|0|1
GameSvrState|2014-09-28 11:45:04|127.0.0.1
PlayerGuideFlow|1|2014-09-28 11:45:14|game_1_app_id|1|_test_id1003022414061086775|8|11|0|0
PlayerGuideFlow|1|2014-09-28 11:45:39|game_1_app_id|1|_test_id1003022414061086775|8|11|0|1
GameSvrState|2014-09-28 11:46:04|127.0.0.1
ItemFlow|1|2014-09-28 11:46:09|0|game_1_app_id|1|_test_id1003022414061086775|2|231|4|2|10|0|0|0
MoneyFlow|1|2014-09-28 11:46:09|0|game_1_app_id|1|_test_id1003022414061086775|8|19250|500|2|0|0|0|0
PlayerExpFlow|1|2014-09-28 11:46:09|game_1_app_id|1|_test_id1003022414061086775|80|8|9|0|4|0|0
PlayerPhysicalFlow|1|2014-09-28 11:46:09|game_1_app_id|1|_test_id1003022414061086775|9|106|3|0|11|1
PlayerMissionFlow|1|2014-09-28 11:46:09|game_1_app_id|1|_test_id1003022414061086775|9|0|13|120100|120110|0|1
MoneyFlow|1|2014-09-28 11:46:09|0|game_1_app_id|1|_test_id1003022414061086775|9|19300|50|26|0|0|0|0
MoneyFlow|1|2014-09-28 11:46:21|0|game_1_app_id|1|_test_id1003022414061086775|9|19400|100|26|0|0|0|0
PlayerPhysicalFlow|1|2014-09-28 11:46:39|game_1_app_id|1|_test_id1003022414061086775|9|103|3|0|11|1
PlayerMissionFlow|1|2014-09-28 11:46:39|game_1_app_id|1|_test_id1003022414061086775|9|0|15|120110|120110|0|0
MoneyFlow|1|2014-09-28 11:46:41|0|game_1_app_id|1|_test_id1003022414061086775|9|19450|50|26|0|0|0|0
MoneyFlow|1|2014-09-28 11:46:54|0|game_1_app_id|1|_test_id1003022414061086775|9|24450|5000|26|0|0|0|0
PlayerPhysicalFlow|1|2014-09-28 11:46:54|game_1_app_id|1|_test_id1003022414061086775|9|153|50|0|7|0
ItemFlow|1|2014-09-28 11:46:54|0|game_1_app_id|1|_test_id1003022414061086775|12|262|1|1|14|0|0|0
ItemFlow|1|2014-09-28 11:46:54|0|game_1_app_id|1|_test_id1003022414061086775|8|250|5|5|14|0|0|0
ItemFlow|1|2014-09-28 11:47:03|0|game_1_app_id|1|_test_id1003022414061086775|4|36|2|1|10|0|0|0
ItemFlow|1|2014-09-28 11:47:03|0|game_1_app_id|1|_test_id1003022414061086775|5|37|1|1|10|0|0|0
MoneyFlow|1|2014-09-28 11:47:03|0|game_1_app_id|1|_test_id1003022414061086775|9|25050|600|2|0|0|0|0
PlayerExpFlow|1|2014-09-28 11:47:03|game_1_app_id|1|_test_id1003022414061086775|90|9|10|0|4|0|0
PlayerPhysicalFlow|1|2014-09-28 11:47:03|game_1_app_id|1|_test_id1003022414061086775|10|136|17|0|11|1
PlayerMissionFlow|1|2014-09-28 11:47:03|game_1_app_id|1|_test_id1003022414061086775|10|0|15|120110|120120|0|1
MoneyFlow|1|2014-09-28 11:47:03|0|game_1_app_id|1|_test_id1003022414061086775|10|25110|60|26|0|0|0|0
GameSvrState|2014-09-28 11:47:04|127.0.0.1
PlayerGuideFlow|1|2014-09-28 11:47:17|game_1_app_id|1|_test_id1003022414061086775|10|12|0|0
PlayerGuideFlow|1|2014-09-28 11:47:26|game_1_app_id|1|_test_id1003022414061086775|10|12|0|1
PlayerPhysicalFlow|1|2014-09-28 11:47:32|game_1_app_id|1|_test_id1003022414061086775|10|133|3|0|11|1
PlayerMissionFlow|1|2014-09-28 11:47:32|game_1_app_id|1|_test_id1003022414061086775|10|0|16|120120|120120|0|0
MoneyFlow|1|2014-09-28 11:47:40|0|game_1_app_id|1|_test_id1003022414061086775|10|25170|60|26|0|0|0|0
PlayerGuideFlow|1|2014-09-28 11:47:57|game_1_app_id|1|_test_id1003022414061086775|10|13|0|0
GameSvrState|2014-09-28 11:48:04|127.0.0.1
PlayerGuideFlow|1|2014-09-28 11:48:07|game_1_app_id|1|_test_id1003022414061086775|10|13|0|1
ItemFlow|1|2014-09-28 11:48:56|0|game_1_app_id|1|_test_id1003022414061086775|2|231|6|2|10|0|0|0
MoneyFlow|1|2014-09-28 11:48:57|0|game_1_app_id|1|_test_id1003022414061086775|10|25670|500|2|0|0|0|0
PlayerExpFlow|1|2014-09-28 11:48:57|game_1_app_id|1|_test_id1003022414061086775|100|10|11|0|4|0|0
PlayerPhysicalFlow|1|2014-09-28 11:48:57|game_1_app_id|1|_test_id1003022414061086775|11|130|3|0|11|1
PlayerMissionFlow|1|2014-09-28 11:48:57|game_1_app_id|1|_test_id1003022414061086775|11|0|16|120120|120130|0|1
MoneyFlow|1|2014-09-28 11:48:57|0|game_1_app_id|1|_test_id1003022414061086775|11|25730|60|26|0|0|0|0
GameSvrState|2014-09-28 11:49:04|127.0.0.1
PlayerPhysicalFlow|1|2014-09-28 11:49:15|game_1_app_id|1|_test_id1003022414061086775|11|127|3|0|11|1
PlayerMissionFlow|1|2014-09-28 11:49:15|game_1_app_id|1|_test_id1003022414061086775|11|0|17|120130|120130|0|0
MoneyFlow|1|2014-09-28 11:49:24|0|game_1_app_id|1|_test_id1003022414061086775|11|25790|60|26|0|0|0|0
GameSvrState|2014-09-28 11:50:04|127.0.0.1
ItemFlow|1|2014-09-28 11:51:00|0|game_1_app_id|1|_test_id1003022414061086775|12|263|3|2|10|0|0|0
MoneyFlow|1|2014-09-28 11:51:00|0|game_1_app_id|1|_test_id1003022414061086775|11|26790|1000|2|0|0|0|0
PlayerExpFlow|1|2014-09-28 11:51:00|game_1_app_id|1|_test_id1003022414061086775|200|11|12|0|4|0|0
PlayerPhysicalFlow|1|2014-09-28 11:51:00|game_1_app_id|1|_test_id1003022414061086775|12|118|9|0|11|1
PlayerMissionFlow|1|2014-09-28 11:51:00|game_1_app_id|1|_test_id1003022414061086775|12|0|17|120130|120140|0|1
MoneyFlow|1|2014-09-28 11:51:00|0|game_1_app_id|1|_test_id1003022414061086775|12|26850|60|26|0|0|0|0
PlayerGuideFlow|1|2014-09-28 11:51:02|game_1_app_id|1|_test_id1003022414061086775|12|16|0|0
GameSvrState|2014-09-28 11:51:04|127.0.0.1
PlayerGuideFlow|1|2014-09-28 11:51:13|game_1_app_id|1|_test_id1003022414061086775|12|16|0|1
PlayerPhysicalFlow|1|2014-09-28 11:51:14|game_1_app_id|1|_test_id1003022414061086775|12|117|1|0|10|1
PlayerMissionFlow|1|2014-09-28 11:51:14|game_1_app_id|1|_test_id1003022414061086775|12|8|62|0|120140|0|0
ItemFlow|1|2014-09-28 11:51:25|0|game_1_app_id|1|_test_id1003022414061086775|3|61|1|1|10|0|0|0
ItemFlow|1|2014-09-28 11:51:25|0|game_1_app_id|1|_test_id1003022414061086775|3|62|1|1|10|0|0|0
MoneyFlow|1|2014-09-28 11:51:25|0|game_1_app_id|1|_test_id1003022414061086775|12|27150|300|2|0|0|0|0
PlayerExpFlow|1|2014-09-28 11:51:25|game_1_app_id|1|_test_id1003022414061086775|20|12|12|0|4|0|0
PlayerPhysicalFlow|1|2014-09-28 11:51:25|game_1_app_id|1|_test_id1003022414061086775|12|98|19|0|10|1
PlayerMissionFlow|1|2014-09-28 11:51:25|game_1_app_id|1|_test_id1003022414061086775|12|8|62|0|120140|0|1
PlayerPhysicalFlow|1|2014-09-28 11:51:34|game_1_app_id|1|_test_id1003022414061086775|12|95|3|0|11|1
PlayerMissionFlow|1|2014-09-28 11:51:34|game_1_app_id|1|_test_id1003022414061086775|12|0|18|120140|120140|0|0
MoneyFlow|1|2014-09-28 11:51:36|0|game_1_app_id|1|_test_id1003022414061086775|12|27210|60|26|0|0|0|0
MoneyFlow|1|2014-09-28 11:51:58|0|game_1_app_id|1|_test_id1003022414061086775|12|37210|10000|26|0|0|0|0
PlayerPhysicalFlow|1|2014-09-28 11:51:58|game_1_app_id|1|_test_id1003022414061086775|12|145|50|0|7|0
ItemFlow|1|2014-09-28 11:51:58|0|game_1_app_id|1|_test_id1003022414061086775|12|262|2|1|14|0|0|0
ItemFlow|1|2014-09-28 11:52:02|0|game_1_app_id|1|_test_id1003022414061086775|4|36|3|1|10|0|0|0
ItemFlow|1|2014-09-28 11:52:02|0|game_1_app_id|1|_test_id1003022414061086775|6|38|3|1|10|0|0|0
MoneyFlow|1|2014-09-28 11:52:02|0|game_1_app_id|1|_test_id1003022414061086775|12|37810|600|2|0|0|0|0
PlayerExpFlow|1|2014-09-28 11:52:02|game_1_app_id|1|_test_id1003022414061086775|300|12|13|0|4|0|0
PlayerPhysicalFlow|1|2014-09-28 11:52:02|game_1_app_id|1|_test_id1003022414061086775|13|128|17|0|11|1
PlayerMissionFlow|1|2014-09-28 11:52:02|game_1_app_id|1|_test_id1003022414061086775|13|0|18|120140|130100|0|1
MoneyFlow|1|2014-09-28 11:52:02|0|game_1_app_id|1|_test_id1003022414061086775|13|37870|60|26|0|0|0|0
GameSvrState|2014-09-28 11:52:04|127.0.0.1
MoneyFlow|1|2014-09-28 11:52:05|0|game_1_app_id|1|_test_id1003022414061086775|13|37970|100|26|0|0|0|0
ItemFlow|1|2014-09-28 11:52:13|0|game_1_app_id|1|_test_id1003022414061086775|12|262|0|2|25|0|1|0
PlayerPhysicalFlow|1|2014-09-28 11:52:19|game_1_app_id|1|_test_id1003022414061086775|13|125|3|0|11|1
PlayerMissionFlow|1|2014-09-28 11:52:19|game_1_app_id|1|_test_id1003022414061086775|13|0|19|130100|130100|0|0
MoneyFlow|1|2014-09-28 11:52:20|0|game_1_app_id|1|_test_id1003022414061086775|13|38070|100|26|0|0|0|0
GameSvrState|2014-09-28 11:53:04|127.0.0.1
MoneyFlow|1|2014-09-28 11:53:36|0|game_1_app_id|1|_test_id1003022414061086775|13|38770|700|2|0|0|0|0
PlayerExpFlow|1|2014-09-28 11:53:36|game_1_app_id|1|_test_id1003022414061086775|180|13|13|0|4|0|0
PlayerPhysicalFlow|1|2014-09-28 11:53:36|game_1_app_id|1|_test_id1003022414061086775|13|122|3|0|11|1
PlayerMissionFlow|1|2014-09-28 11:53:36|game_1_app_id|1|_test_id1003022414061086775|13|0|19|130100|130110|0|1
MoneyFlow|1|2014-09-28 11:53:36|0|game_1_app_id|1|_test_id1003022414061086775|13|38870|100|26|0|0|0|0
PlayerPhysicalFlow|1|2014-09-28 11:53:50|game_1_app_id|1|_test_id1003022414061086775|13|119|3|0|11|1
PlayerMissionFlow|1|2014-09-28 11:53:50|game_1_app_id|1|_test_id1003022414061086775|13|0|20|130110|130110|0|0
MoneyFlow|1|2014-09-28 11:53:52|0|game_1_app_id|1|_test_id1003022414061086775|13|38970|100|26|0|0|0|0
ItemFlow|1|2014-09-28 11:53:52|0|game_1_app_id|1|_test_id1003022414061086775|8|251|1|1|14|0|0|0
PlayerGuideFlow|1|2014-09-28 11:53:58|game_1_app_id|1|_test_id1003022414061086775|13|14|0|0
GameSvrState|2014-09-28 11:54:04|127.0.0.1
ItemFlow|1|2014-09-28 11:54:05|0|game_1_app_id|1|_test_id1003022414061086775|8|251|0|1|19|0|1|0
PlayerGuideFlow|1|2014-09-28 11:54:07|game_1_app_id|1|_test_id1003022414061086775|13|14|0|1
ItemFlow|1|2014-09-28 11:54:17|0|game_1_app_id|1|_test_id1003022414061086775|11|253|1|1|9|0|0|0
GameSvrState|2014-09-28 11:55:04|127.0.0.1
MoneyFlow|1|2014-09-28 11:55:25|0|game_1_app_id|1|_test_id1003022414061086775|13|42570|3600|2|0|0|0|0
PlayerExpFlow|1|2014-09-28 11:55:25|game_1_app_id|1|_test_id1003022414061086775|120|13|13|0|4|0|0
PlayerPhysicalFlow|1|2014-09-28 11:55:25|game_1_app_id|1|_test_id1003022414061086775|13|110|9|0|11|1
PlayerMissionFlow|1|2014-09-28 11:55:25|game_1_app_id|1|_test_id1003022414061086775|13|0|20|130110|130115|0|1
MoneyFlow|1|2014-09-28 11:55:25|0|game_1_app_id|1|_test_id1003022414061086775|13|42670|100|26|0|0|0|0
PlayerPhysicalFlow|1|2014-09-28 11:55:31|game_1_app_id|1|_test_id1003022414061086775|13|107|3|0|11|1
PlayerMissionFlow|1|2014-09-28 11:55:31|game_1_app_id|1|_test_id1003022414061086775|13|0|42|130115|130115|0|0
GameSvrState|2014-09-28 11:56:04|127.0.0.1
MoneyFlow|1|2014-09-28 11:56:49|0|game_1_app_id|1|_test_id1003022414061086775|13|43370|700|2|0|0|0|0
PlayerExpFlow|1|2014-09-28 11:56:49|game_1_app_id|1|_test_id1003022414061086775|180|13|14|0|4|0|0
PlayerPhysicalFlow|1|2014-09-28 11:56:49|game_1_app_id|1|_test_id1003022414061086775|14|104|3|0|11|1
PlayerMissionFlow|1|2014-09-28 11:56:49|game_1_app_id|1|_test_id1003022414061086775|14|0|42|130115|130120|0|1
MoneyFlow|1|2014-09-28 11:56:49|0|game_1_app_id|1|_test_id1003022414061086775|14|43470|100|26|0|0|0|0
PlayerPhysicalFlow|1|2014-09-28 11:56:59|game_1_app_id|1|_test_id1003022414061086775|14|101|3|0|11|1
PlayerMissionFlow|1|2014-09-28 11:56:59|game_1_app_id|1|_test_id1003022414061086775|14|0|21|130120|130120|0|0
MoneyFlow|1|2014-09-28 11:57:01|0|game_1_app_id|1|_test_id1003022414061086775|14|43570|100|26|0|0|0|0
GameSvrState|2014-09-28 11:57:04|127.0.0.1
PlayerExpFlow|1|2014-09-28 11:57:22|game_1_app_id|1|_test_id1003022414061086775|200|14|14|0|5|0|0
MoneyFlow|1|2014-09-28 11:57:22|0|game_1_app_id|1|_test_id1003022414061086775|14|63570|20000|26|0|0|0|0
PlayerPhysicalFlow|1|2014-09-28 11:57:22|game_1_app_id|1|_test_id1003022414061086775|14|151|50|0|7|0
ItemFlow|1|2014-09-28 11:57:22|0|game_1_app_id|1|_test_id1003022414061086775|12|262|1|1|14|0|0|0
ItemFlow|1|2014-09-28 11:57:29|0|game_1_app_id|1|_test_id1003022414061086775|12|263|13|10|10|0|0|0
ItemFlow|1|2014-09-28 11:57:30|0|game_1_app_id|1|_test_id1003022414061086775|2|237|2|2|10|0|0|0
MoneyFlow|1|2014-09-28 11:57:30|0|game_1_app_id|1|_test_id1003022414061086775|14|64470|900|2|0|0|0|0
PlayerExpFlow|1|2014-09-28 11:57:30|game_1_app_id|1|_test_id1003022414061086775|180|14|14|0|4|0|0
PlayerPhysicalFlow|1|2014-09-28 11:57:30|game_1_app_id|1|_test_id1003022414061086775|14|134|17|0|11|1
PlayerMissionFlow|1|2014-09-28 11:57:30|game_1_app_id|1|_test_id1003022414061086775|14|0|21|130120|130130|0|1
MoneyFlow|1|2014-09-28 11:57:30|0|game_1_app_id|1|_test_id1003022414061086775|14|64570|100|26|0|0|0|0
MoneyFlow|1|2014-09-28 11:57:34|0|game_1_app_id|1|_test_id1003022414061086775|14|64670|100|26|0|0|0|0
MoneyFlow|1|2014-09-28 11:57:54|0|game_1_app_id|1|_test_id1003022414061086775|14|200|200|0|0|0|1|0
ItemFlow|1|2014-09-28 11:57:56|0|game_1_app_id|1|_test_id1003022414061086775|-1|4|1|1|0|0|0|0
GameSvrState|2014-09-28 11:58:04|127.0.0.1
PlayerPhysicalFlow|1|2014-09-28 11:58:12|game_1_app_id|1|_test_id1003022414061086775|14|131|3|0|11|1
PlayerMissionFlow|1|2014-09-28 11:58:12|game_1_app_id|1|_test_id1003022414061086775|14|0|22|130130|130130|0|0
GameSvrState|2014-09-28 11:59:04|127.0.0.1
