mdb.load (1) cost time: 112.628455ms
mdb.load (2) cost time: 114.091045ms
mdb.load (3) cost time: 114.804654ms
mdb.load (0) cost time: 115.727579ms
mdb.load success.
2014/09/24 22:44:18 [I] - load player
2014/09/24 22:44:18 [I] - load player
2014/09/24 22:44:18 [I] - load player
2014/09/24 22:44:18 [I] - load player
2014/09/24 22:44:18 [I] - load player_arena
2014/09/24 22:44:18 [I] - load player_arena
2014/09/24 22:44:18 [I] - load player_arena
2014/09/24 22:44:18 [I] - load player_arena
2014/09/24 22:44:18 [I] - load player_arena_record
2014/09/24 22:44:18 [I] - load player_arena_record
2014/09/24 22:44:18 [I] - load player_arena_record
2014/09/24 22:44:18 [I] - load player_arena_record
2014/09/24 22:44:18 [I] - load player_battle_pet
2014/09/24 22:44:18 [I] - load player_battle_pet
2014/09/24 22:44:18 [I] - load player_battle_pet
2014/09/24 22:44:18 [I] - load player_battle_pet_config
2014/09/24 22:44:18 [I] - load player_battle_pet_config
2014/09/24 22:44:18 [I] - load player_battle_pet_config
2014/09/24 22:44:18 [I] - load player_battle_pet
2014/09/24 22:44:18 [I] - load player_battle_pet_config
2014/09/24 22:44:18 [I] - load player_chest_state
2014/09/24 22:44:18 [I] - load player_chest_state
2014/09/24 22:44:18 [I] - load player_coins
2014/09/24 22:44:18 [I] - load player_chest_state
2014/09/24 22:44:18 [I] - load player_daily_quest
2014/09/24 22:44:18 [I] - load player_coins
2014/09/24 22:44:18 [I] - load player_daily_sign_in_record
2014/09/24 22:44:18 [I] - load player_daily_quest
2014/09/24 22:44:18 [I] - load player_daily_sign_in_state
2014/09/24 22:44:18 [I] - load player_chest_state
2014/09/24 22:44:18 [I] - load player_daily_sign_in_record
2014/09/24 22:44:18 [I] - load player_daily_sign_in_state
2014/09/24 22:44:18 [I] - load player_coins
2014/09/24 22:44:18 [I] - load player_daily_quest
2014/09/24 22:44:18 [I] - load player_coins
2014/09/24 22:44:18 [I] - load player_daily_sign_in_record
2014/09/24 22:44:18 [I] - load player_daily_quest
2014/09/24 22:44:18 [I] - load player_daily_sign_in_state
2014/09/24 22:44:18 [I] - load player_daily_sign_in_record
2014/09/24 22:44:18 [I] - load player_daily_sign_in_state
2014/09/24 22:44:18 [I] - load player_equipment
2014/09/24 22:44:18 [I] - load player_equipment
2014/09/24 22:44:18 [I] - load player_events_fight_power
2014/09/24 22:44:18 [I] - load player_extend_level
2014/09/24 22:44:18 [I] - load player_equipment
2014/09/24 22:44:18 [I] - load player_events_fight_power
2014/09/24 22:44:18 [I] - load player_extend_level
2014/09/24 22:44:18 [I] - load player_fashion
2014/09/24 22:44:18 [I] - load player_fashion_state
2014/09/24 22:44:18 [I] - load player_fashion
2014/09/24 22:44:18 [I] - load player_fashion_state
2014/09/24 22:44:18 [I] - load player_fight_num
2014/09/24 22:44:18 [I] - load player_fight_num
2014/09/24 22:44:18 [I] - load player_equipment
2014/09/24 22:44:18 [I] - load player_events_fight_power
2014/09/24 22:44:18 [I] - load player_formation
2014/09/24 22:44:18 [I] - load player_extend_level
2014/09/24 22:44:18 [I] - load player_events_fight_power
2014/09/24 22:44:18 [I] - load player_fashion
2014/09/24 22:44:18 [I] - load player_fashion_state
2014/09/24 22:44:18 [I] - load player_extend_level
2014/09/24 22:44:18 [I] - load player_fight_num
2014/09/24 22:44:18 [I] - load player_fashion
2014/09/24 22:44:18 [I] - load player_formation
2014/09/24 22:44:18 [I] - load player_fashion_state
2014/09/24 22:44:18 [I] - load player_fight_num
2014/09/24 22:44:18 [I] - load player_formation
2014/09/24 22:44:18 [I] - load player_formation
2014/09/24 22:44:18 [I] - load player_func_key
2014/09/24 22:44:18 [I] - load player_ghost
2014/09/24 22:44:18 [I] - load player_func_key
2014/09/24 22:44:18 [I] - load player_ghost_equipment
2014/09/24 22:44:18 [I] - load player_ghost
2014/09/24 22:44:18 [I] - load player_ghost_equipment
2014/09/24 22:44:18 [I] - load player_func_key
2014/09/24 22:44:18 [I] - load player_ghost
2014/09/24 22:44:18 [I] - load player_ghost_equipment
2014/09/24 22:44:18 [I] - load player_func_key
2014/09/24 22:44:18 [I] - load player_ghost
2014/09/24 22:44:18 [I] - load player_ghost_equipment
2014/09/24 22:44:18 [I] - load player_ghost_state
2014/09/24 22:44:18 [I] - load player_ghost_state
2014/09/24 22:44:18 [I] - load player_ghost_umbra
2014/09/24 22:44:18 [I] - load player_hard_level
2014/09/24 22:44:18 [I] - load player_hard_level_record
2014/09/24 22:44:18 [I] - load player_hard_level_state
2014/09/24 22:44:18 [I] - load player_heart
2014/09/24 22:44:18 [I] - load player_ghost_state
2014/09/24 22:44:18 [I] - load player_ghost_state
2014/09/24 22:44:18 [I] - load player_ghost_umbra
2014/09/24 22:44:18 [I] - load player_ghost_umbra
2014/09/24 22:44:18 [I] - load player_ghost_umbra
2014/09/24 22:44:18 [I] - load player_hard_level
2014/09/24 22:44:18 [I] - load player_hard_level
2014/09/24 22:44:18 [I] - load player_hard_level
2014/09/24 22:44:18 [I] - load player_hard_level_record
2014/09/24 22:44:18 [I] - load player_hard_level_record
2014/09/24 22:44:18 [I] - load player_hard_level_state
2014/09/24 22:44:18 [I] - load player_hard_level_state
2014/09/24 22:44:18 [I] - load player_heart
2014/09/24 22:44:18 [I] - load player_heart_draw
2014/09/24 22:44:18 [I] - load player_heart
2014/09/24 22:44:18 [I] - load player_heart_draw
2014/09/24 22:44:18 [I] - load player_heart_draw_card_record
2014/09/24 22:44:18 [I] - load player_hard_level_record
2014/09/24 22:44:18 [I] - load player_heart_draw
2014/09/24 22:44:18 [I] - load player_heart_draw_wheel_record
2014/09/24 22:44:18 [I] - load player_heart_draw_card_record
2014/09/24 22:44:18 [I] - load player_heart_draw_card_record
2014/09/24 22:44:18 [I] - load player_info
2014/09/24 22:44:18 [I] - load player_heart_draw_wheel_record
2014/09/24 22:44:18 [I] - load player_heart_draw_wheel_record
2014/09/24 22:44:18 [I] - load player_hard_level_state
2014/09/24 22:44:18 [I] - load player_info
2014/09/24 22:44:18 [I] - load player_info
2014/09/24 22:44:18 [I] - load player_heart
2014/09/24 22:44:18 [I] - load player_heart_draw
2014/09/24 22:44:18 [I] - load player_heart_draw_card_record
2014/09/24 22:44:18 [I] - load player_heart_draw_wheel_record
2014/09/24 22:44:18 [I] - load player_info
2014/09/24 22:44:18 [I] - load player_is_operated
2014/09/24 22:44:18 [I] - load player_is_operated
2014/09/24 22:44:18 [I] - load player_is_operated
2014/09/24 22:44:18 [I] - load player_is_operated
2014/09/24 22:44:18 [I] - load player_item
2014/09/24 22:44:18 [I] - load player_item
2014/09/24 22:44:18 [I] - load player_item
2014/09/24 22:44:18 [I] - load player_item
2014/09/24 22:44:18 [I] - load player_item_appendix
2014/09/24 22:44:18 [I] - load player_item_appendix
2014/09/24 22:44:18 [I] - load player_item_appendix
2014/09/24 22:44:18 [I] - load player_item_appendix
2014/09/24 22:44:18 [I] - load player_item_buyback
2014/09/24 22:44:18 [I] - load player_item_buyback
2014/09/24 22:44:18 [I] - load player_item_buyback
2014/09/24 22:44:18 [I] - load player_item_buyback
2014/09/24 22:44:18 [I] - load player_item_recast_state
2014/09/24 22:44:18 [I] - load player_item_recast_state
2014/09/24 22:44:18 [I] - load player_item_recast_state
2014/09/24 22:44:18 [I] - load player_item_recast_state
2014/09/24 22:44:18 [I] - load player_login_award_record
2014/09/24 22:44:18 [I] - load player_login_award_record
2014/09/24 22:44:18 [I] - load player_login_award_record
2014/09/24 22:44:18 [I] - load player_login_award_record
2014/09/24 22:44:18 [I] - load player_mail
2014/09/24 22:44:18 [I] - load player_mail
2014/09/24 22:44:18 [I] - load player_mail
2014/09/24 22:44:18 [I] - load player_mail
2014/09/24 22:44:18 [I] - load player_mail_attachment
2014/09/24 22:44:18 [I] - load player_mail_attachment
2014/09/24 22:44:18 [I] - load player_mail_attachment
2014/09/24 22:44:18 [I] - load player_mission
2014/09/24 22:44:18 [I] - load player_mission_level
2014/09/24 22:44:18 [I] - load player_mission_level_record
2014/09/24 22:44:18 [I] - load player_mission_level_state_bin
2014/09/24 22:44:18 [I] - load player_mission_record
2014/09/24 22:44:18 [I] - load player_multi_level_info
2014/09/24 22:44:18 [I] - load player_mail_attachment
2014/09/24 22:44:18 [I] - load player_npc_talk_record
2014/09/24 22:44:18 [I] - load player_physical
2014/09/24 22:44:18 [I] - load player_mission
2014/09/24 22:44:18 [I] - load player_mission
2014/09/24 22:44:18 [I] - load player_mission_level
2014/09/24 22:44:18 [I] - load player_mission_level
2014/09/24 22:44:18 [I] - load player_mission_level_record
2014/09/24 22:44:18 [I] - load player_mission_level_record
2014/09/24 22:44:18 [I] - load player_mission_level_state_bin
2014/09/24 22:44:18 [I] - load player_mission_level_state_bin
2014/09/24 22:44:18 [I] - load player_mission_record
2014/09/24 22:44:18 [I] - load player_mission_record
2014/09/24 22:44:18 [I] - load player_multi_level_info
2014/09/24 22:44:18 [I] - load player_mission
2014/09/24 22:44:18 [I] - load player_multi_level_info
2014/09/24 22:44:18 [I] - load player_npc_talk_record
2014/09/24 22:44:18 [I] - load player_purchase_record
2014/09/24 22:44:18 [I] - load player_npc_talk_record
2014/09/24 22:44:18 [I] - load player_physical
2014/09/24 22:44:18 [I] - load player_physical
2014/09/24 22:44:18 [I] - load player_mission_level
2014/09/24 22:44:18 [I] - load player_purchase_record
2014/09/24 22:44:18 [I] - load player_purchase_record
2014/09/24 22:44:18 [I] - load player_quest
2014/09/24 22:44:18 [I] - load player_quest
2014/09/24 22:44:18 [I] - load player_quest
2014/09/24 22:44:18 [I] - load player_mission_level_record
2014/09/24 22:44:18 [I] - load player_mission_level_state_bin
2014/09/24 22:44:18 [I] - load player_mission_record
2014/09/24 22:44:18 [I] - load player_multi_level_info
2014/09/24 22:44:18 [I] - load player_npc_talk_record
2014/09/24 22:44:18 [I] - load player_physical
2014/09/24 22:44:18 [I] - load player_rainbow_level
2014/09/24 22:44:18 [I] - load player_purchase_record
2014/09/24 22:44:18 [I] - load player_quest
2014/09/24 22:44:18 [I] - load player_rainbow_level
2014/09/24 22:44:18 [I] - load player_rainbow_level
2014/09/24 22:44:18 [I] - load player_rainbow_level_state_bin
2014/09/24 22:44:18 [I] - load player_rainbow_level_state_bin
2014/09/24 22:44:18 [I] - load player_rainbow_level
2014/09/24 22:44:18 [I] - load player_rainbow_level_state_bin
2014/09/24 22:44:18 [I] - load player_role
2014/09/24 22:44:18 [I] - load player_role
2014/09/24 22:44:18 [I] - load player_send_heart_record
2014/09/24 22:44:18 [I] - load player_send_heart_record
2014/09/24 22:44:18 [I] - load player_rainbow_level_state_bin
2014/09/24 22:44:18 [I] - load player_role
2014/09/24 22:44:18 [I] - load player_skill
2014/09/24 22:44:18 [I] - load player_send_heart_record
2014/09/24 22:44:18 [I] - load player_role
2014/09/24 22:44:18 [I] - load player_skill
2014/09/24 22:44:18 [I] - load player_send_heart_record
2014/09/24 22:44:18 [I] - load player_skill
2014/09/24 22:44:18 [I] - load player_skill
2014/09/24 22:44:18 [I] - load player_state
2014/09/24 22:44:18 [I] - load player_state
2014/09/24 22:44:18 [I] - load player_state
2014/09/24 22:44:18 [I] - load player_state
2014/09/24 22:44:18 [I] - load player_sword_soul
2014/09/24 22:44:18 [I] - load player_sword_soul
2014/09/24 22:44:18 [I] - load player_sword_soul
2014/09/24 22:44:18 [I] - load player_sword_soul
2014/09/24 22:44:18 [I] - load player_sword_soul_equipment
2014/09/24 22:44:18 [I] - load player_sword_soul_state
2014/09/24 22:44:18 [I] - load player_tb_xxd_roleinfo
2014/09/24 22:44:18 [I] - load player_tower_level
2014/09/24 22:44:18 [I] - load player_sword_soul_equipment
2014/09/24 22:44:18 [I] - load player_sword_soul_equipment
2014/09/24 22:44:18 [I] - load player_sword_soul_state
2014/09/24 22:44:18 [I] - load player_sword_soul_state
2014/09/24 22:44:18 [I] - load player_tb_xxd_roleinfo
2014/09/24 22:44:18 [I] - load player_tb_xxd_roleinfo
2014/09/24 22:44:18 [I] - load player_tower_level
2014/09/24 22:44:18 [I] - load player_tower_level
2014/09/24 22:44:18 [I] - load player_town
2014/09/24 22:44:18 [I] - load player_sword_soul_equipment
2014/09/24 22:44:18 [I] - load player_sword_soul_state
2014/09/24 22:44:18 [I] - load player_tb_xxd_roleinfo
2014/09/24 22:44:18 [I] - load player_tower_level
2014/09/24 22:44:18 [I] - load player_trader_refresh_state
2014/09/24 22:44:18 [I] - load player_trader_store_state
2014/09/24 22:44:18 [I] - load player_town
2014/09/24 22:44:18 [I] - load player_use_skill
2014/09/24 22:44:18 [I] - load player_trader_refresh_state
2014/09/24 22:44:18 [I] - load player_trader_store_state
2014/09/24 22:44:18 [I] - load player_use_skill
2014/09/24 22:44:18 [I] - load player_vip
2014/09/24 22:44:18 [I] - load player_town
2014/09/24 22:44:18 [I] - load player_trader_refresh_state
2014/09/24 22:44:18 [I] - load player_town
2014/09/24 22:44:18 [I] - load player_trader_store_state
2014/09/24 22:44:18 [I] - load player_trader_refresh_state
2014/09/24 22:44:18 [I] - load player_use_skill
2014/09/24 22:44:18 [I] - load player_vip
2014/09/24 22:44:18 [I] - load player_trader_store_state
2014/09/24 22:44:18 [I] - load player_use_skill
2014/09/24 22:44:18 [I] - load player_vip
2014/09/24 22:44:18 [I] - load player_vip
