GameSvrState|2014-10-09 15:00:17|172.26.166.37
GameSvrState|2014-10-09 15:01:17|172.26.166.37
GameSvrState|2014-10-09 15:02:17|172.26.166.37
GameSvrState|2014-10-09 15:03:17|172.26.166.37
GameSvrState|2014-10-09 15:04:17|172.26.166.37
PlayerPhysicalFlow|1|2014-10-09 15:04:22|game_1_app_id|1|test|5|100|1|0|3|0
PlayerPhysicalFlow|1|2014-10-09 15:04:55|game_1_app_id|1|test|5|94|3|0|11|1
PlayerSystemModuleFlow|1|2014-10-09 15:04:55|game_1_app_id|1|test|5|8|0
PlayerMissionFlow|1|2014-10-09 15:04:55|game_1_app_id|1|test|5|0|9|110110|110110|0|0
MoneyFlow|1|2014-10-09 15:04:57|0|game_1_app_id|1|test|5|9984210|30|26|0|0|0|0
PlayerSystemModuleFlow|1|2014-10-09 15:04:57|game_1_app_id|1|test|5|8|0
PlayerSystemModuleFlow|1|2014-10-09 15:05:07|game_1_app_id|1|test|5|8|0
MoneyFlow|1|2014-10-09 15:05:17|0|game_1_app_id|1|test|5|9987210|3000|26|0|0|0|0
PlayerPhysicalFlow|1|2014-10-09 15:05:17|game_1_app_id|1|test|5|124|30|0|7|0
ItemFlow|1|2014-10-09 15:05:17|0|game_1_app_id|1|test|12|262|1|1|14|0|0|0
PlayerSystemModuleFlow|1|2014-10-09 15:05:17|game_1_app_id|1|test|5|8|0
GameSvrState|2014-10-09 15:05:17|172.26.166.37
ItemFlow|1|2014-10-09 15:05:21|0|game_1_app_id|1|test|3|32|1|1|10|0|0|0
ItemFlow|1|2014-10-09 15:05:22|0|game_1_app_id|1|test|6|38|1|1|10|0|0|0
PlayerSystemModuleFlow|1|2014-10-09 15:05:22|game_1_app_id|1|test|5|8|0
MoneyFlow|1|2014-10-09 15:05:22|0|game_1_app_id|1|test|5|9987660|450|2|0|0|0|0
PlayerExpFlow|1|2014-10-09 15:05:22|game_1_app_id|1|test|50|5|6|0|4|0|0
PlayerPhysicalFlow|1|2014-10-09 15:05:22|game_1_app_id|1|test|6|107|17|0|11|1
PlayerMissionFlow|1|2014-10-09 15:05:22|game_1_app_id|1|test|6|0|9|110110|110120|0|1
MoneyFlow|1|2014-10-09 15:05:22|0|game_1_app_id|1|test|6|9987690|30|26|0|0|0|0
PlayerSystemModuleFlow|1|2014-10-09 15:05:22|game_1_app_id|1|test|6|8|0
PlayerSystemModuleFlow|1|2014-10-09 15:05:24|game_1_app_id|1|test|6|8|0
MoneyFlow|1|2014-10-09 15:05:27|0|game_1_app_id|1|test|6|9991690|4000|26|0|0|0|0
PlayerSystemModuleFlow|1|2014-10-09 15:05:27|game_1_app_id|1|test|6|8|0
PlayerPhysicalFlow|1|2014-10-09 15:05:42|game_1_app_id|1|test|6|104|3|0|11|1
PlayerSystemModuleFlow|1|2014-10-09 15:05:42|game_1_app_id|1|test|6|8|0
PlayerMissionFlow|1|2014-10-09 15:05:42|game_1_app_id|1|test|6|0|11|110120|110120|0|0
MoneyFlow|1|2014-10-09 15:05:44|0|game_1_app_id|1|test|6|9991730|40|26|0|0|0|0
PlayerSystemModuleFlow|1|2014-10-09 15:05:44|game_1_app_id|1|test|6|8|0
MoneyFlow|1|2014-10-09 15:05:59|0|game_1_app_id|1|test|6|9991880|150|21|0|0|0|0
GameSvrState|2014-10-09 15:06:17|172.26.166.37
ItemFlow|1|2014-10-09 15:06:34|0|game_1_app_id|1|test|12|263|1|1|10|0|0|0
PlayerSystemModuleFlow|1|2014-10-09 15:06:34|game_1_app_id|1|test|6|8|0
MoneyFlow|1|2014-10-09 15:06:34|0|game_1_app_id|1|test|6|9992580|700|2|0|0|0|0
PlayerExpFlow|1|2014-10-09 15:06:34|game_1_app_id|1|test|60|6|7|0|4|0|0
PlayerPhysicalFlow|1|2014-10-09 15:06:34|game_1_app_id|1|test|7|95|9|0|11|1
PlayerMissionFlow|1|2014-10-09 15:06:34|game_1_app_id|1|test|7|0|11|110120|110130|0|1
MoneyFlow|1|2014-10-09 15:06:35|0|game_1_app_id|1|test|7|9992620|40|26|0|0|0|0
PlayerSystemModuleFlow|1|2014-10-09 15:06:35|game_1_app_id|1|test|7|8|0
PlayerPhysicalFlow|1|2014-10-09 15:06:54|game_1_app_id|1|test|7|92|3|0|11|1
PlayerSystemModuleFlow|1|2014-10-09 15:06:54|game_1_app_id|1|test|7|8|0
PlayerMissionFlow|1|2014-10-09 15:06:54|game_1_app_id|1|test|7|0|12|110130|110130|0|0
MoneyFlow|1|2014-10-09 15:06:56|0|game_1_app_id|1|test|7|9992660|40|26|0|0|0|0
PlayerSystemModuleFlow|1|2014-10-09 15:06:56|game_1_app_id|1|test|7|8|0
PlayerGuideFlow|1|2014-10-09 15:06:58|game_1_app_id|1|test|7|23|0|0
PlayerGuideFlow|1|2014-10-09 15:07:02|game_1_app_id|1|test|7|23|0|1
PlayerSystemModuleFlow|1|2014-10-09 15:07:09|game_1_app_id|1|test|7|8|0
MoneyFlow|1|2014-10-09 15:07:17|0|game_1_app_id|1|test|7|9997660|5000|26|0|0|0|0
PlayerPhysicalFlow|1|2014-10-09 15:07:17|game_1_app_id|1|test|7|132|40|0|7|0
ItemFlow|1|2014-10-09 15:07:17|0|game_1_app_id|1|test|12|262|2|1|14|0|0|0
PlayerSystemModuleFlow|1|2014-10-09 15:07:17|game_1_app_id|1|test|7|8|0
GameSvrState|2014-10-09 15:07:17|172.26.166.37
ItemFlow|1|2014-10-09 15:07:22|0|game_1_app_id|1|test|4|36|1|1|10|0|0|0
ItemFlow|1|2014-10-09 15:07:23|0|game_1_app_id|1|test|6|38|2|1|10|0|0|0
PlayerSystemModuleFlow|1|2014-10-09 15:07:23|game_1_app_id|1|test|7|8|0
MoneyFlow|1|2014-10-09 15:07:23|0|game_1_app_id|1|test|7|9998110|450|2|0|0|0|0
PlayerExpFlow|1|2014-10-09 15:07:23|game_1_app_id|1|test|70|7|8|0|4|0|0
PlayerPhysicalFlow|1|2014-10-09 15:07:23|game_1_app_id|1|test|8|115|17|0|11|1
PlayerMissionFlow|1|2014-10-09 15:07:23|game_1_app_id|1|test|8|0|12|110130|120100|0|1
MoneyFlow|1|2014-10-09 15:07:23|0|game_1_app_id|1|test|8|9998150|40|26|0|0|0|0
PlayerSystemModuleFlow|1|2014-10-09 15:07:23|game_1_app_id|1|test|8|8|0
PlayerSystemModuleFlow|1|2014-10-09 15:07:26|game_1_app_id|1|test|8|8|0
MoneyFlow|1|2014-10-09 15:07:27|0|game_1_app_id|1|test|8|9998200|50|26|0|0|0|0
PlayerSystemModuleFlow|1|2014-10-09 15:07:27|game_1_app_id|1|test|8|8|0
PlayerLogout|1|2014-10-09 15:08:15|game_1_app_id|1|test|923|8|0|6506||HTML5||WiFi|0|0|0|0||0|||
GameSvrState|2014-10-09 15:08:17|172.26.166.37
PlayerLogin|1|2014-10-09 15:09:15|game_1_app_id|1|test|8|0|6506||HTML5||WiFi|0|0|0|0||0|||
PlayerLogin|1|2014-10-09 15:09:15|game_1_app_id|1|test|8|0|0.98|macos|intel|xxx|wifi|0|0|0.999999111|0|intel 001|1024|opengl 0.1|4.3|mac 10.94
GameSvrState|2014-10-09 15:09:17|172.26.166.37
PlayerSystemModuleFlow|1|2014-10-09 15:09:30|game_1_app_id|1|test|8|8|0
MoneyFlow|1|2014-10-09 15:09:31|0|game_1_app_id|1|test|8|9998250|50|26|0|0|0|0
PlayerSystemModuleFlow|1|2014-10-09 15:09:31|game_1_app_id|1|test|8|8|0
PlayerSystemModuleFlow|1|2014-10-09 15:09:34|game_1_app_id|1|test|8|8|0
MoneyFlow|1|2014-10-09 15:09:35|0|game_1_app_id|1|test|8|9998300|50|26|0|0|0|0
PlayerSystemModuleFlow|1|2014-10-09 15:09:35|game_1_app_id|1|test|8|8|0
PlayerSystemModuleFlow|1|2014-10-09 15:09:59|game_1_app_id|1|test|8|15|0
GameSvrState|2014-10-09 15:10:17|172.26.166.37
PlayerSystemModuleFlow|1|2014-10-09 15:10:28|game_1_app_id|1|test|8|8|0
MoneyFlow|1|2014-10-09 15:10:32|0|game_1_app_id|1|test|8|9998350|50|26|0|0|0|0
PlayerSystemModuleFlow|1|2014-10-09 15:10:32|game_1_app_id|1|test|8|8|0
ItemFlow|1|2014-10-09 15:10:42|0|game_1_app_id|1|test|12|262|0|2|25|0|1|0
PlayerPhysicalFlow|1|2014-10-09 15:10:49|game_1_app_id|1|test|8|112|3|0|11|1
PlayerSystemModuleFlow|1|2014-10-09 15:10:49|game_1_app_id|1|test|8|8|0
PlayerMissionFlow|1|2014-10-09 15:10:49|game_1_app_id|1|test|8|0|13|120100|120100|0|0
GameSvrState|2014-10-09 15:11:17|172.26.166.37
MoneyFlow|1|2014-10-09 15:12:07|0|game_1_app_id|1|test|8|9998400|50|26|0|0|0|0
PlayerSystemModuleFlow|1|2014-10-09 15:12:07|game_1_app_id|1|test|8|8|0
GameSvrState|2014-10-09 15:12:17|172.26.166.37
PlayerGuideFlow|1|2014-10-09 15:12:52|game_1_app_id|1|test|8|11|0|0
GameSvrState|2014-10-09 15:13:17|172.26.166.37
PlayerGuideFlow|1|2014-10-09 15:13:24|game_1_app_id|1|test|8|11|0|1
PlayerLogout|1|2014-10-09 15:13:34|game_1_app_id|1|test|259|8|0|6506||HTML5||WiFi|0|0|0|0||0|||
GameSvrState|2014-10-09 15:14:17|172.26.166.37
PlayerLogin|1|2014-10-09 15:14:35|game_1_app_id|1|test|8|0|6506||HTML5||WiFi|0|0|0|0||0|||
PlayerLogin|1|2014-10-09 15:14:35|game_1_app_id|1|test|8|0|0.98|macos|intel|xxx|wifi|0|0|0.999999111|0|intel 001|1024|opengl 0.1|4.3|mac 10.94
PlayerPhysicalFlow|1|2014-10-09 15:14:44|game_1_app_id|1|test|8|109|3|0|11|1
PlayerMissionFlow|1|2014-10-09 15:14:44|game_1_app_id|1|test|8|0|13|120100|120100|0|0
GameSvrState|2014-10-09 15:15:17|172.26.166.37
GameSvrState|2014-10-09 15:16:17|172.26.166.37
PlayerGuideFlow|1|2014-10-09 15:16:30|game_1_app_id|1|test|8|11|0|0
GameSvrState|2014-10-09 15:17:17|172.26.166.37
GameSvrState|2014-10-09 15:18:17|172.26.166.37
ItemFlow|1|2014-10-09 15:18:30|0|game_1_app_id|1|test|2|231|96|2|10|0|0|0
PlayerSystemModuleFlow|1|2014-10-09 15:18:31|game_1_app_id|1|test|8|8|0
MoneyFlow|1|2014-10-09 15:18:31|0|game_1_app_id|1|test|8|9998900|500|2|0|0|0|0
PlayerExpFlow|1|2014-10-09 15:18:31|game_1_app_id|1|test|80|8|9|0|4|0|0
PlayerPhysicalFlow|1|2014-10-09 15:18:31|game_1_app_id|1|test|9|106|3|0|11|1
PlayerMissionFlow|1|2014-10-09 15:18:31|game_1_app_id|1|test|9|0|13|120100|120110|0|1
MoneyFlow|1|2014-10-09 15:18:31|0|game_1_app_id|1|test|9|9998950|50|26|0|0|0|0
PlayerSystemModuleFlow|1|2014-10-09 15:18:31|game_1_app_id|1|test|9|8|0
PlayerSystemModuleFlow|1|2014-10-09 15:18:34|game_1_app_id|1|test|9|8|0
MoneyFlow|1|2014-10-09 15:18:36|0|game_1_app_id|1|test|9|9999050|100|26|0|0|0|0
PlayerSystemModuleFlow|1|2014-10-09 15:18:36|game_1_app_id|1|test|9|8|0
GameSvrState|2014-10-09 15:19:17|172.26.166.37
PlayerSystemModuleFlow|1|2014-10-09 15:19:22|game_1_app_id|1|test|9|5|0
ItemFlow|1|2014-10-09 15:19:22|0|game_1_app_id|1|test|-1|2|1|1|39|0|0|0
GameSvrState|2014-10-09 15:20:17|172.26.166.37
GameSvrState|2014-10-09 15:21:17|172.26.166.37
GameSvrState|2014-10-09 15:22:17|172.26.166.37
GameSvrState|2014-10-09 15:23:17|172.26.166.37
GameSvrState|2014-10-09 15:24:17|172.26.166.37
GameSvrState|2014-10-09 15:25:17|172.26.166.37
GameSvrState|2014-10-09 15:26:17|172.26.166.37
GameSvrState|2014-10-09 15:27:17|172.26.166.37
GameSvrState|2014-10-09 15:28:17|172.26.166.37
GameSvrState|2014-10-09 15:29:17|172.26.166.37
PlayerSystemModuleFlow|1|2014-10-09 15:29:45|game_1_app_id|1|test|9|5|0
MoneyFlow|1|2014-10-09 15:29:45|0|game_1_app_id|1|test|9|9909050|90000|28|0|1|0|0
ItemFlow|1|2014-10-09 15:29:45|0|game_1_app_id|1|test|6|38|3|1|37|0|0|0
ItemFlow|1|2014-10-09 15:29:45|0|game_1_app_id|1|test|2|232|14|10|37|0|0|0
ItemFlow|1|2014-10-09 15:29:45|0|game_1_app_id|1|test|9|230|1|1|37|0|0|0
ItemFlow|1|2014-10-09 15:29:45|0|game_1_app_id|1|test|-2|7|1|1|37|0|0|0
ItemFlow|1|2014-10-09 15:29:45|0|game_1_app_id|1|test|8|209|8|3|37|0|0|0
ItemFlow|1|2014-10-09 15:29:45|0|game_1_app_id|1|test|2|235|19|10|37|0|0|0
ItemFlow|1|2014-10-09 15:29:45|0|game_1_app_id|1|test|9|239|1|1|37|0|0|0
ItemFlow|1|2014-10-09 15:29:45|0|game_1_app_id|1|test|8|214|1|1|37|0|0|0
ItemFlow|1|2014-10-09 15:29:45|0|game_1_app_id|1|test|12|263|31|30|37|0|0|0
ItemFlow|1|2014-10-09 15:29:45|0|game_1_app_id|1|test|15|302|1|1|37|0|0|0
PlayerSystemModuleFlow|1|2014-10-09 15:29:57|game_1_app_id|1|test|9|5|0
ItemFlow|1|2014-10-09 15:29:57|0|game_1_app_id|1|test|-1|3|1|1|40|0|0|0
PlayerSystemModuleFlow|1|2014-10-09 15:30:07|game_1_app_id|1|test|9|5|0
MoneyFlow|1|2014-10-09 15:30:07|0|game_1_app_id|1|test|9|7480|2590|0|0|1|1|0
ItemFlow|1|2014-10-09 15:30:07|0|game_1_app_id|1|test|11|254|1|1|9|0|0|0
ItemFlow|1|2014-10-09 15:30:07|0|game_1_app_id|1|test|14|282|2|2|2|0|0|0
ItemFlow|1|2014-10-09 15:30:07|0|game_1_app_id|1|test|-2|37|1|1|2|0|0|0
ItemFlow|1|2014-10-09 15:30:07|0|game_1_app_id|1|test|12|263|81|50|2|0|0|0
ItemFlow|1|2014-10-09 15:30:07|0|game_1_app_id|1|test|9|271|1|1|2|0|0|0
ItemFlow|1|2014-10-09 15:30:07|0|game_1_app_id|1|test|15|302|11|10|2|0|0|0
ItemFlow|1|2014-10-09 15:30:07|0|game_1_app_id|1|test|8|211|3|3|2|0|0|0
ItemFlow|1|2014-10-09 15:30:07|0|game_1_app_id|1|test|9|272|1|1|2|0|0|0
ItemFlow|1|2014-10-09 15:30:07|0|game_1_app_id|1|test|13|274|3|3|2|0|0|0
ItemFlow|1|2014-10-09 15:30:07|0|game_1_app_id|1|test|-2|4|1|1|2|0|0|0
GameSvrState|2014-10-09 15:30:17|172.26.166.37
PlayerPhysicalFlow|1|2014-10-09 15:30:25|game_1_app_id|1|test|9|103|3|0|11|1
PlayerSystemModuleFlow|1|2014-10-09 15:30:25|game_1_app_id|1|test|9|8|0
PlayerMissionFlow|1|2014-10-09 15:30:25|game_1_app_id|1|test|9|0|15|120110|120110|0|0
GameSvrState|2014-10-09 15:31:17|172.26.166.37
MoneyFlow|1|2014-10-09 15:31:53|0|game_1_app_id|1|test|9|9909100|50|26|0|0|0|0
PlayerSystemModuleFlow|1|2014-10-09 15:31:53|game_1_app_id|1|test|9|8|0
PlayerSystemModuleFlow|1|2014-10-09 15:31:58|game_1_app_id|1|test|9|8|0
MoneyFlow|1|2014-10-09 15:32:06|0|game_1_app_id|1|test|9|9914100|5000|26|0|0|0|0
PlayerPhysicalFlow|1|2014-10-09 15:32:06|game_1_app_id|1|test|9|143|40|0|7|0
ItemFlow|1|2014-10-09 15:32:06|0|game_1_app_id|1|test|12|262|1|1|14|0|0|0
ItemFlow|1|2014-10-09 15:32:06|0|game_1_app_id|1|test|8|250|5|5|14|0|0|0
PlayerSystemModuleFlow|1|2014-10-09 15:32:06|game_1_app_id|1|test|9|8|0
ItemFlow|1|2014-10-09 15:32:16|0|game_1_app_id|1|test|4|36|2|1|10|0|0|0
ItemFlow|1|2014-10-09 15:32:16|0|game_1_app_id|1|test|5|37|1|1|10|0|0|0
PlayerSystemModuleFlow|1|2014-10-09 15:32:16|game_1_app_id|1|test|9|8|0
MoneyFlow|1|2014-10-09 15:32:16|0|game_1_app_id|1|test|9|9914700|600|2|0|0|0|0
PlayerExpFlow|1|2014-10-09 15:32:16|game_1_app_id|1|test|90|9|10|0|4|0|0
PlayerPhysicalFlow|1|2014-10-09 15:32:16|game_1_app_id|1|test|10|126|17|0|11|1
PlayerMissionFlow|1|2014-10-09 15:32:16|game_1_app_id|1|test|10|0|15|120110|120120|0|1
MoneyFlow|1|2014-10-09 15:32:16|0|game_1_app_id|1|test|10|9914760|60|26|0|0|0|0
PlayerSystemModuleFlow|1|2014-10-09 15:32:16|game_1_app_id|1|test|10|8|0
GameSvrState|2014-10-09 15:32:17|172.26.166.37
PlayerGuideFlow|1|2014-10-09 15:32:24|game_1_app_id|1|test|10|12|0|0
PlayerSystemModuleFlow|1|2014-10-09 15:32:39|game_1_app_id|1|test|10|16|0
PlayerGuideFlow|1|2014-10-09 15:32:42|game_1_app_id|1|test|10|12|0|1
ItemFlow|1|2014-10-09 15:33:02|0|game_1_app_id|1|test|11|323|10|10|9|0|0|0
ItemFlow|1|2014-10-09 15:33:12|0|game_1_app_id|1|test|11|323|0|10|9|0|1|0
PlayerSystemModuleFlow|1|2014-10-09 15:33:12|game_1_app_id|1|test|10|16|0
PlayerSystemModuleFlow|1|2014-10-09 15:33:17|game_1_app_id|1|test|10|16|0
GameSvrState|2014-10-09 15:33:17|172.26.166.37
PlayerPhysicalFlow|1|2014-10-09 15:33:37|game_1_app_id|1|test|10|123|3|0|11|1
PlayerSystemModuleFlow|1|2014-10-09 15:33:37|game_1_app_id|1|test|10|8|0
PlayerMissionFlow|1|2014-10-09 15:33:37|game_1_app_id|1|test|10|0|16|120120|120120|0|0
MoneyFlow|1|2014-10-09 15:33:38|0|game_1_app_id|1|test|10|9914820|60|26|0|0|0|0
PlayerSystemModuleFlow|1|2014-10-09 15:33:38|game_1_app_id|1|test|10|8|0
PlayerGuideFlow|1|2014-10-09 15:34:09|game_1_app_id|1|test|10|13|0|0
GameSvrState|2014-10-09 15:34:17|172.26.166.37
PlayerGuideFlow|1|2014-10-09 15:34:20|game_1_app_id|1|test|10|13|0|1
ItemFlow|1|2014-10-09 15:35:06|0|game_1_app_id|1|test|2|231|98|2|10|0|0|0
PlayerSystemModuleFlow|1|2014-10-09 15:35:07|game_1_app_id|1|test|10|8|0
MoneyFlow|1|2014-10-09 15:35:07|0|game_1_app_id|1|test|10|9915320|500|2|0|0|0|0
PlayerExpFlow|1|2014-10-09 15:35:07|game_1_app_id|1|test|100|10|11|0|4|0|0
PlayerPhysicalFlow|1|2014-10-09 15:35:07|game_1_app_id|1|test|11|120|3|0|11|1
PlayerMissionFlow|1|2014-10-09 15:35:07|game_1_app_id|1|test|11|0|16|120120|120130|0|1
MoneyFlow|1|2014-10-09 15:35:07|0|game_1_app_id|1|test|11|9915380|60|26|0|0|0|0
PlayerSystemModuleFlow|1|2014-10-09 15:35:07|game_1_app_id|1|test|11|8|0
PlayerPhysicalFlow|1|2014-10-09 15:35:15|game_1_app_id|1|test|11|117|3|0|11|1
PlayerSystemModuleFlow|1|2014-10-09 15:35:15|game_1_app_id|1|test|11|8|0
PlayerMissionFlow|1|2014-10-09 15:35:15|game_1_app_id|1|test|11|0|17|120130|120130|0|0
MoneyFlow|1|2014-10-09 15:35:17|0|game_1_app_id|1|test|11|9915440|60|26|0|0|0|0
PlayerSystemModuleFlow|1|2014-10-09 15:35:17|game_1_app_id|1|test|11|8|0
GameSvrState|2014-10-09 15:35:17|172.26.166.37
GameSvrState|2014-10-09 15:36:17|172.26.166.37
GameSvrState|2014-10-09 15:37:17|172.26.166.37
ItemFlow|1|2014-10-09 15:38:04|0|game_1_app_id|1|test|12|263|83|2|10|0|0|0
PlayerSystemModuleFlow|1|2014-10-09 15:38:04|game_1_app_id|1|test|11|8|0
MoneyFlow|1|2014-10-09 15:38:04|0|game_1_app_id|1|test|11|9916440|1000|2|0|0|0|0
PlayerExpFlow|1|2014-10-09 15:38:04|game_1_app_id|1|test|200|11|12|0|4|0|0
PlayerPhysicalFlow|1|2014-10-09 15:38:04|game_1_app_id|1|test|12|108|9|0|11|1
PlayerMissionFlow|1|2014-10-09 15:38:04|game_1_app_id|1|test|12|0|17|120130|120140|0|1
MoneyFlow|1|2014-10-09 15:38:04|0|game_1_app_id|1|test|12|9916500|60|26|0|0|0|0
PlayerSystemModuleFlow|1|2014-10-09 15:38:04|game_1_app_id|1|test|12|8|0
GameSvrState|2014-10-09 15:38:17|172.26.166.37
PlayerGuideFlow|1|2014-10-09 15:38:19|game_1_app_id|1|test|12|16|0|0
PlayerGuideFlow|1|2014-10-09 15:38:31|game_1_app_id|1|test|12|16|0|1
PlayerPhysicalFlow|1|2014-10-09 15:38:34|game_1_app_id|1|test|12|107|1|0|10|1
PlayerSystemModuleFlow|1|2014-10-09 15:38:34|game_1_app_id|1|test|12|8|0
PlayerSystemModuleFlow|1|2014-10-09 15:38:34|game_1_app_id|1|test|12|21|0
PlayerMissionFlow|1|2014-10-09 15:38:34|game_1_app_id|1|test|12|8|62|0|120140|0|0
GameSvrState|2014-10-09 15:39:17|172.26.166.37
ItemFlow|1|2014-10-09 15:39:38|0|game_1_app_id|1|test|3|61|1|1|10|0|0|0
ItemFlow|1|2014-10-09 15:39:38|0|game_1_app_id|1|test|3|62|1|1|10|0|0|0
MoneyFlow|1|2014-10-09 15:39:38|0|game_1_app_id|1|test|12|9916800|300|2|0|0|0|0
PlayerExpFlow|1|2014-10-09 15:39:38|game_1_app_id|1|test|20|12|12|0|4|0|0
PlayerPhysicalFlow|1|2014-10-09 15:39:38|game_1_app_id|1|test|12|88|19|0|10|1
PlayerMissionFlow|1|2014-10-09 15:39:38|game_1_app_id|1|test|12|8|62|0|120140|0|1
PlayerPhysicalFlow|1|2014-10-09 15:39:49|game_1_app_id|1|test|12|85|3|0|11|1
PlayerSystemModuleFlow|1|2014-10-09 15:39:49|game_1_app_id|1|test|12|8|0
PlayerMissionFlow|1|2014-10-09 15:39:49|game_1_app_id|1|test|12|0|18|120140|120140|0|0
MoneyFlow|1|2014-10-09 15:39:51|0|game_1_app_id|1|test|12|9916860|60|26|0|0|0|0
PlayerSystemModuleFlow|1|2014-10-09 15:39:51|game_1_app_id|1|test|12|8|0
PlayerSystemModuleFlow|1|2014-10-09 15:40:17|game_1_app_id|1|test|12|8|0
GameSvrState|2014-10-09 15:40:17|172.26.166.37
MoneyFlow|1|2014-10-09 15:40:25|0|game_1_app_id|1|test|12|9926860|10000|26|0|0|0|0
PlayerPhysicalFlow|1|2014-10-09 15:40:25|game_1_app_id|1|test|12|125|40|0|7|0
ItemFlow|1|2014-10-09 15:40:25|0|game_1_app_id|1|test|12|262|2|1|14|0|0|0
PlayerSystemModuleFlow|1|2014-10-09 15:40:25|game_1_app_id|1|test|12|8|0
ItemFlow|1|2014-10-09 15:40:30|0|game_1_app_id|1|test|4|36|3|1|10|0|0|0
ItemFlow|1|2014-10-09 15:40:30|0|game_1_app_id|1|test|6|38|4|1|10|0|0|0
PlayerSystemModuleFlow|1|2014-10-09 15:40:30|game_1_app_id|1|test|12|8|0
MoneyFlow|1|2014-10-09 15:40:30|0|game_1_app_id|1|test|12|9927460|600|2|0|0|0|0
PlayerExpFlow|1|2014-10-09 15:40:30|game_1_app_id|1|test|300|12|13|0|4|0|0
PlayerPhysicalFlow|1|2014-10-09 15:40:30|game_1_app_id|1|test|13|108|17|0|11|1
PlayerMissionFlow|1|2014-10-09 15:40:30|game_1_app_id|1|test|13|0|18|120140|130100|0|1
MoneyFlow|1|2014-10-09 15:40:30|0|game_1_app_id|1|test|13|9927520|60|26|0|0|0|0
PlayerSystemModuleFlow|1|2014-10-09 15:40:30|game_1_app_id|1|test|13|8|0
PlayerSystemModuleFlow|1|2014-10-09 15:40:32|game_1_app_id|1|test|13|8|0
MoneyFlow|1|2014-10-09 15:40:34|0|game_1_app_id|1|test|13|9927620|100|26|0|0|0|0
PlayerSystemModuleFlow|1|2014-10-09 15:40:34|game_1_app_id|1|test|13|8|0
ItemFlow|1|2014-10-09 15:40:41|0|game_1_app_id|1|test|12|262|0|2|25|0|1|0
PlayerPhysicalFlow|1|2014-10-09 15:40:48|game_1_app_id|1|test|13|105|3|0|11|1
PlayerSystemModuleFlow|1|2014-10-09 15:40:48|game_1_app_id|1|test|13|8|0
PlayerMissionFlow|1|2014-10-09 15:40:48|game_1_app_id|1|test|13|0|19|130100|130100|0|0
MoneyFlow|1|2014-10-09 15:40:50|0|game_1_app_id|1|test|13|9927720|100|26|0|0|0|0
PlayerSystemModuleFlow|1|2014-10-09 15:40:50|game_1_app_id|1|test|13|8|0
GameSvrState|2014-10-09 15:41:17|172.26.166.37
ItemFlow|1|2014-10-09 15:42:06|0|game_1_app_id|1|test|2|231|101|3|10|0|0|0
PlayerSystemModuleFlow|1|2014-10-09 15:42:06|game_1_app_id|1|test|13|8|0
MoneyFlow|1|2014-10-09 15:42:06|0|game_1_app_id|1|test|13|9928020|300|2|0|0|0|0
PlayerExpFlow|1|2014-10-09 15:42:06|game_1_app_id|1|test|180|13|13|0|4|0|0
PlayerPhysicalFlow|1|2014-10-09 15:42:06|game_1_app_id|1|test|13|102|3|0|11|1
PlayerMissionFlow|1|2014-10-09 15:42:06|game_1_app_id|1|test|13|0|19|130100|130110|0|1
MoneyFlow|1|2014-10-09 15:42:06|0|game_1_app_id|1|test|13|9928120|100|26|0|0|0|0
PlayerSystemModuleFlow|1|2014-10-09 15:42:06|game_1_app_id|1|test|13|8|0
GameSvrState|2014-10-09 15:42:17|172.26.166.37
MoneyFlow|1|2014-10-09 15:42:18|0|game_1_app_id|1|test|13|7680|200|0|0|0|1|0
PlayerPhysicalFlow|1|2014-10-09 15:42:40|game_1_app_id|1|test|13|99|3|0|11|1
PlayerSystemModuleFlow|1|2014-10-09 15:42:40|game_1_app_id|1|test|13|8|0
PlayerMissionFlow|1|2014-10-09 15:42:40|game_1_app_id|1|test|13|0|20|130110|130110|0|0
MoneyFlow|1|2014-10-09 15:42:47|0|game_1_app_id|1|test|13|9928220|100|26|0|0|0|0
ItemFlow|1|2014-10-09 15:42:47|0|game_1_app_id|1|test|8|251|1|1|14|0|0|0
PlayerSystemModuleFlow|1|2014-10-09 15:42:47|game_1_app_id|1|test|13|8|0
PlayerGuideFlow|1|2014-10-09 15:43:16|game_1_app_id|1|test|13|14|0|0
GameSvrState|2014-10-09 15:43:17|172.26.166.37
ItemFlow|1|2014-10-09 15:43:23|0|game_1_app_id|1|test|8|251|0|1|19|0|1|0
PlayerGuideFlow|1|2014-10-09 15:43:26|game_1_app_id|1|test|13|14|0|1
ItemFlow|1|2014-10-09 15:43:36|0|game_1_app_id|1|test|11|253|1|1|9|0|0|0
GameSvrState|2014-10-09 15:44:17|172.26.166.37
ItemFlow|1|2014-10-09 15:44:44|0|game_1_app_id|1|test|2|232|16|2|10|0|0|0
PlayerSystemModuleFlow|1|2014-10-09 15:44:44|game_1_app_id|1|test|13|8|0
MoneyFlow|1|2014-10-09 15:44:44|0|game_1_app_id|1|test|13|9930020|1800|2|0|0|0|0
PlayerExpFlow|1|2014-10-09 15:44:44|game_1_app_id|1|test|120|13|13|0|4|0|0
PlayerPhysicalFlow|1|2014-10-09 15:44:44|game_1_app_id|1|test|13|90|9|0|11|1
PlayerMissionFlow|1|2014-10-09 15:44:44|game_1_app_id|1|test|13|0|20|130110|130115|0|1
MoneyFlow|1|2014-10-09 15:44:44|0|game_1_app_id|1|test|13|9930120|100|26|0|0|0|0
PlayerSystemModuleFlow|1|2014-10-09 15:44:44|game_1_app_id|1|test|13|8|0
PlayerPhysicalFlow|1|2014-10-09 15:44:51|game_1_app_id|1|test|13|87|3|0|11|1
PlayerMissionFlow|1|2014-10-09 15:44:51|game_1_app_id|1|test|13|0|42|130115|130115|0|0
GameSvrState|2014-10-09 15:45:17|172.26.166.37
GameSvrState|2014-10-09 15:46:17|172.26.166.37
PlayerSystemModuleFlow|1|2014-10-09 15:46:25|game_1_app_id|1|test|13|8|0
MoneyFlow|1|2014-10-09 15:46:25|0|game_1_app_id|1|test|13|9930720|600|2|0|0|0|0
PlayerExpFlow|1|2014-10-09 15:46:25|game_1_app_id|1|test|180|13|14|0|4|0|0
PlayerPhysicalFlow|1|2014-10-09 15:46:25|game_1_app_id|1|test|14|84|3|0|11|1
PlayerMissionFlow|1|2014-10-09 15:46:25|game_1_app_id|1|test|14|0|42|130115|130120|0|1
MoneyFlow|1|2014-10-09 15:46:25|0|game_1_app_id|1|test|14|9930820|100|26|0|0|0|0
PlayerSystemModuleFlow|1|2014-10-09 15:46:25|game_1_app_id|1|test|14|8|0
PlayerPhysicalFlow|1|2014-10-09 15:47:13|game_1_app_id|1|test|14|81|3|0|11|1
PlayerSystemModuleFlow|1|2014-10-09 15:47:13|game_1_app_id|1|test|14|8|0
PlayerMissionFlow|1|2014-10-09 15:47:13|game_1_app_id|1|test|14|0|21|130120|130120|0|0
MoneyFlow|1|2014-10-09 15:47:15|0|game_1_app_id|1|test|14|9930920|100|26|0|0|0|0
PlayerSystemModuleFlow|1|2014-10-09 15:47:15|game_1_app_id|1|test|14|8|0
GameSvrState|2014-10-09 15:47:17|172.26.166.37
PlayerSystemModuleFlow|1|2014-10-09 15:47:29|game_1_app_id|1|test|14|8|0
PlayerExpFlow|1|2014-10-09 15:47:42|game_1_app_id|1|test|200|14|14|0|5|0|0
MoneyFlow|1|2014-10-09 15:47:42|0|game_1_app_id|1|test|14|9950920|20000|26|0|0|0|0
PlayerPhysicalFlow|1|2014-10-09 15:47:42|game_1_app_id|1|test|14|121|40|0|7|0
ItemFlow|1|2014-10-09 15:47:42|0|game_1_app_id|1|test|12|262|1|1|14|0|0|0
PlayerSystemModuleFlow|1|2014-10-09 15:47:42|game_1_app_id|1|test|14|8|0
ItemFlow|1|2014-10-09 15:47:49|0|game_1_app_id|1|test|2|235|21|2|10|0|0|0
ItemFlow|1|2014-10-09 15:47:50|0|game_1_app_id|1|test|12|263|93|10|10|0|0|0
PlayerSystemModuleFlow|1|2014-10-09 15:47:50|game_1_app_id|1|test|14|8|0
MoneyFlow|1|2014-10-09 15:47:50|0|game_1_app_id|1|test|14|9951820|900|2|0|0|0|0
PlayerExpFlow|1|2014-10-09 15:47:50|game_1_app_id|1|test|180|14|14|0|4|0|0
PlayerPhysicalFlow|1|2014-10-09 15:47:50|game_1_app_id|1|test|14|104|17|0|11|1
PlayerMissionFlow|1|2014-10-09 15:47:50|game_1_app_id|1|test|14|0|21|130120|130130|0|1
MoneyFlow|1|2014-10-09 15:47:50|0|game_1_app_id|1|test|14|9951920|100|26|0|0|0|0
PlayerSystemModuleFlow|1|2014-10-09 15:47:50|game_1_app_id|1|test|14|8|0
PlayerSystemModuleFlow|1|2014-10-09 15:48:08|game_1_app_id|1|test|14|8|0
MoneyFlow|1|2014-10-09 15:48:10|0|game_1_app_id|1|test|14|9952020|100|26|0|0|0|0
PlayerSystemModuleFlow|1|2014-10-09 15:48:10|game_1_app_id|1|test|14|8|0
PlayerPhysicalFlow|1|2014-10-09 15:48:16|game_1_app_id|1|test|14|101|3|0|11|1
PlayerMissionFlow|1|2014-10-09 15:48:16|game_1_app_id|1|test|14|0|22|130130|130130|0|0
GameSvrState|2014-10-09 15:48:17|172.26.166.37
GameSvrState|2014-10-09 15:49:17|172.26.166.37
GameSvrState|2014-10-09 15:50:17|172.26.166.37
PlayerSystemModuleFlow|1|2014-10-09 15:50:25|game_1_app_id|1|test|14|8|0
MoneyFlow|1|2014-10-09 15:50:25|0|game_1_app_id|1|test|14|9952620|600|2|0|0|0|0
PlayerExpFlow|1|2014-10-09 15:50:25|game_1_app_id|1|test|120|14|15|0|4|0|0
PlayerPhysicalFlow|1|2014-10-09 15:50:25|game_1_app_id|1|test|15|98|3|0|11|1
PlayerMissionFlow|1|2014-10-09 15:50:25|game_1_app_id|1|test|15|0|22|130130|130140|0|1
MoneyFlow|1|2014-10-09 15:50:25|0|game_1_app_id|1|test|15|9952720|100|26|0|0|0|0
PlayerSystemModuleFlow|1|2014-10-09 15:50:25|game_1_app_id|1|test|15|8|0
PlayerGuideFlow|1|2014-10-09 15:50:28|game_1_app_id|1|test|15|16|0|0
PlayerSystemModuleFlow|1|2014-10-09 15:50:59|game_1_app_id|1|test|15|18|0
PlayerPhysicalFlow|1|2014-10-09 15:50:59|game_1_app_id|1|test|15|95|3|0|12|1
PlayerSystemModuleFlow|1|2014-10-09 15:50:59|game_1_app_id|1|test|15|8|0
PlayerMissionFlow|1|2014-10-09 15:50:59|game_1_app_id|1|test|15|1|39|0|130140|0|0
GameSvrState|2014-10-09 15:51:17|172.26.166.37
GameSvrState|2014-10-09 15:52:17|172.26.166.37
MoneyFlow|1|2014-10-09 15:52:38|0|game_1_app_id|1|test|15|9952820|100|2|0|0|0|0
PlayerExpFlow|1|2014-10-09 15:52:38|game_1_app_id|1|test|1100|15|16|0|4|0|0
PlayerPhysicalFlow|1|2014-10-09 15:52:38|game_1_app_id|1|test|16|92|3|0|12|1
PlayerMissionFlow|1|2014-10-09 15:52:38|game_1_app_id|1|test|16|1|39|0|130140|0|1
PlayerPhysicalFlow|1|2014-10-09 15:52:55|game_1_app_id|1|test|16|89|3|0|11|1
PlayerSystemModuleFlow|1|2014-10-09 15:52:55|game_1_app_id|1|test|16|8|0
PlayerMissionFlow|1|2014-10-09 15:52:55|game_1_app_id|1|test|16|0|23|130140|130140|0|0
MoneyFlow|1|2014-10-09 15:53:04|0|game_1_app_id|1|test|16|9952920|100|26|0|0|0|0
PlayerSystemModuleFlow|1|2014-10-09 15:53:04|game_1_app_id|1|test|16|8|0
GameSvrState|2014-10-09 15:53:17|172.26.166.37
PlayerLogout|1|2014-10-09 15:54:14|game_1_app_id|1|test|2379|16|0|6506||HTML5||WiFi|0|0|0|0||0|||
GameSvrState|2014-10-09 15:54:17|172.26.166.37
GameSvrState|2014-10-09 15:55:17|172.26.166.37
PlayerLogin|1|2014-10-09 15:56:08|game_1_app_id|1|test|16|0|6506||HTML5||WiFi|0|0|0|0||0|||
PlayerPhysicalFlow|1|2014-10-09 15:56:08|game_1_app_id|1|test|16|89|0|0|1|0
PlayerLogin|1|2014-10-09 15:56:08|game_1_app_id|1|test|16|0|0.98|macos|intel|xxx|wifi|0|0|0.999999111|0|intel 001|1024|opengl 0.1|4.3|mac 10.94
PlayerSystemModuleFlow|1|2014-10-09 15:56:09|game_1_app_id|1|test|16|0|0
GameSvrState|2014-10-09 15:56:17|172.26.166.37
PlayerPhysicalFlow|1|2014-10-09 15:56:19|game_1_app_id|1|test|16|86|3|0|11|1
PlayerMissionFlow|1|2014-10-09 15:56:19|game_1_app_id|1|test|16|0|23|130140|130140|0|0
GameSvrState|2014-10-09 15:57:17|172.26.166.37
PlayerLogout|1|2014-10-09 15:57:53|game_1_app_id|1|test|105|16|0|6506||HTML5||WiFi|0|0|0|0||0|||
GameSvrState|2014-10-09 15:58:17|172.26.166.37
PlayerLogin|1|2014-10-09 15:58:31|game_1_app_id|1|test|16|0|6506||HTML5||WiFi|0|0|0|0||0|||
PlayerPhysicalFlow|1|2014-10-09 15:58:31|game_1_app_id|1|test|16|86|0|0|1|0
PlayerLogin|1|2014-10-09 15:58:31|game_1_app_id|1|test|16|0|0.98|macos|intel|xxx|wifi|0|0|0.999999111|0|intel 001|1024|opengl 0.1|4.3|mac 10.94
PlayerSystemModuleFlow|1|2014-10-09 15:58:32|game_1_app_id|1|test|16|0|0
PlayerPhysicalFlow|1|2014-10-09 15:58:40|game_1_app_id|1|test|16|83|3|0|11|1
PlayerMissionFlow|1|2014-10-09 15:58:40|game_1_app_id|1|test|16|0|23|130140|130140|0|0
GameSvrState|2014-10-09 15:59:17|172.26.166.37
