GameSvrState|2014-11-20 12:02:13|192.168.10.35
PlayerLogin|928|2014-11-20 12:02:40|game_1_app_id|1|test|80|0|7959||HTML5||WiFi|0|0|0|0||0|||
PlayerQuestFlow|928|2014-11-20 12:02:40|game_1_app_id|1|test|80|0|15|1|0
PlayerQuestFlow|928|2014-11-20 12:02:40|game_1_app_id|1|test|80|0|12|1|0
PlayerQuestFlow|928|2014-11-20 12:02:40|game_1_app_id|1|test|80|0|17|1|0
PlayerQuestFlow|928|2014-11-20 12:02:40|game_1_app_id|1|test|80|0|18|1|0
PlayerQuestFlow|928|2014-11-20 12:02:40|game_1_app_id|1|test|80|0|14|1|0
PlayerQuestFlow|928|2014-11-20 12:02:40|game_1_app_id|1|test|80|0|16|1|0
PlayerQuestFlow|928|2014-11-20 12:02:40|game_1_app_id|1|test|80|0|10|1|0
PlayerQuestFlow|928|2014-11-20 12:02:40|game_1_app_id|1|test|80|0|22|1|0
PlayerQuestFlow|928|2014-11-20 12:02:40|game_1_app_id|1|test|80|0|9|1|0
PlayerQuestFlow|928|2014-11-20 12:02:40|game_1_app_id|1|test|80|0|20|1|0
PlayerQuestFlow|928|2014-11-20 12:02:40|game_1_app_id|1|test|80|0|21|1|0
PlayerQuestFlow|928|2014-11-20 12:02:40|game_1_app_id|1|test|80|0|4|1|0
PlayerFightNumFlow|928|2014-11-20 12:02:42|game_1_app_id|1|test|80|0|12535
ItemFlow|928|2014-11-20 12:02:47|0|game_1_app_id|1|test|12|262|2|2|49|0|0|0
PlayerExpFlow|928|2014-11-20 12:02:47|game_1_app_id|1|test|57600|80|80|0|10|0|0
PlayerSystemModuleFlow|928|2014-11-20 12:02:58|game_1_app_id|1|test|80|15|0
PlayerFightNumFlow|928|2014-11-20 12:02:58|game_1_app_id|1|test|80|0|15000
MoneyFlow|928|2014-11-20 12:03:08|0|game_1_app_id|1|test|80|9995|5|37|0|1|1|0
GhostTrainFlow|928|2014-11-20 12:03:08|game_1_app_id|1|test|10|0|0|1|5|1|2|80|0
PlayerSystemModuleFlow|928|2014-11-20 12:03:08|game_1_app_id|1|test|80|15|0
GameSvrState|2014-11-20 12:03:13|192.168.10.35
PlayerSystemModuleFlow|928|2014-11-20 12:03:42|game_1_app_id|1|test|80|15|0
PlayerFightNumFlow|928|2014-11-20 12:03:42|game_1_app_id|1|test|80|0|15977
PlayerSystemModuleFlow|928|2014-11-20 12:03:44|game_1_app_id|1|test|80|15|0
PlayerFightNumFlow|928|2014-11-20 12:03:44|game_1_app_id|1|test|80|0|16639
PlayerSystemModuleFlow|928|2014-11-20 12:03:51|game_1_app_id|1|test|80|15|0
PlayerFightNumFlow|928|2014-11-20 12:03:51|game_1_app_id|1|test|80|0|17301
MoneyFlow|928|2014-11-20 12:04:04|0|game_1_app_id|1|test|80|9990|5|37|0|1|1|0
GhostTrainFlow|928|2014-11-20 12:04:04|game_1_app_id|1|test|13|0|0|1|5|1|2|80|0
PlayerSystemModuleFlow|928|2014-11-20 12:04:04|game_1_app_id|1|test|80|15|0
GameSvrState|2014-11-20 12:04:13|192.168.10.35
ItemFlow|928|2014-11-20 12:04:47|0|game_1_app_id|1|test|12|263|100|100|-1|0|0|0
GameSvrState|2014-11-20 12:05:13|192.168.10.35
ItemFlow|928|2014-11-20 12:05:29|0|game_1_app_id|1|test|12|263|99|1|20|0|1|0
GhostTrainFlow|928|2014-11-20 12:05:29|game_1_app_id|1|test|1|100|99|1|0|1|2|80|0
PlayerSystemModuleFlow|928|2014-11-20 12:05:29|game_1_app_id|1|test|80|15|0
ItemFlow|928|2014-11-20 12:05:49|0|game_1_app_id|1|test|12|263|98|1|20|0|1|0
GhostTrainFlow|928|2014-11-20 12:05:49|game_1_app_id|1|test|1|99|98|1|0|2|2|80|0
PlayerSystemModuleFlow|928|2014-11-20 12:05:49|game_1_app_id|1|test|80|15|0
ItemFlow|928|2014-11-20 12:06:05|0|game_1_app_id|1|test|12|263|97|1|20|0|1|0
GhostTrainFlow|928|2014-11-20 12:06:05|game_1_app_id|1|test|1|98|97|1|0|2|2|80|0
PlayerSystemModuleFlow|928|2014-11-20 12:06:05|game_1_app_id|1|test|80|15|0
ItemFlow|928|2014-11-20 12:06:06|0|game_1_app_id|1|test|12|263|96|1|20|0|1|0
GhostTrainFlow|928|2014-11-20 12:06:06|game_1_app_id|1|test|1|97|96|1|0|2|3|80|0
PlayerSystemModuleFlow|928|2014-11-20 12:06:06|game_1_app_id|1|test|80|15|0
ItemFlow|928|2014-11-20 12:06:07|0|game_1_app_id|1|test|12|263|95|1|20|0|1|0
GhostTrainFlow|928|2014-11-20 12:06:07|game_1_app_id|1|test|1|96|95|1|0|3|3|80|0
PlayerSystemModuleFlow|928|2014-11-20 12:06:07|game_1_app_id|1|test|80|15|0
ItemFlow|928|2014-11-20 12:06:09|0|game_1_app_id|1|test|12|263|94|1|20|0|1|0
GhostTrainFlow|928|2014-11-20 12:06:09|game_1_app_id|1|test|1|95|94|1|0|3|3|80|0
PlayerSystemModuleFlow|928|2014-11-20 12:06:09|game_1_app_id|1|test|80|15|0
ItemFlow|928|2014-11-20 12:06:09|0|game_1_app_id|1|test|12|263|93|1|20|0|1|0
GhostTrainFlow|928|2014-11-20 12:06:09|game_1_app_id|1|test|1|94|93|1|0|3|4|80|0
PlayerSystemModuleFlow|928|2014-11-20 12:06:09|game_1_app_id|1|test|80|15|0
ItemFlow|928|2014-11-20 12:06:12|0|game_1_app_id|1|test|12|263|92|1|20|0|1|0
GhostTrainFlow|928|2014-11-20 12:06:12|game_1_app_id|1|test|1|93|92|1|0|4|4|80|0
PlayerSystemModuleFlow|928|2014-11-20 12:06:12|game_1_app_id|1|test|80|15|0
ItemFlow|928|2014-11-20 12:06:12|0|game_1_app_id|1|test|12|263|91|1|20|0|1|0
GhostTrainFlow|928|2014-11-20 12:06:12|game_1_app_id|1|test|1|92|91|1|0|4|4|80|0
PlayerSystemModuleFlow|928|2014-11-20 12:06:12|game_1_app_id|1|test|80|15|0
ItemFlow|928|2014-11-20 12:06:13|0|game_1_app_id|1|test|12|263|90|1|20|0|1|0
GhostTrainFlow|928|2014-11-20 12:06:13|game_1_app_id|1|test|1|91|90|1|0|4|4|80|0
PlayerSystemModuleFlow|928|2014-11-20 12:06:13|game_1_app_id|1|test|80|15|0
GameSvrState|2014-11-20 12:06:13|192.168.10.35
ItemFlow|928|2014-11-20 12:06:13|0|game_1_app_id|1|test|12|263|89|1|20|0|1|0
GhostTrainFlow|928|2014-11-20 12:06:13|game_1_app_id|1|test|1|90|89|1|0|4|5|80|0
PlayerSystemModuleFlow|928|2014-11-20 12:06:13|game_1_app_id|1|test|80|15|0
ItemFlow|928|2014-11-20 12:06:13|0|game_1_app_id|1|test|12|263|88|1|20|0|1|0
GhostTrainFlow|928|2014-11-20 12:06:13|game_1_app_id|1|test|1|89|88|1|0|5|5|80|0
PlayerSystemModuleFlow|928|2014-11-20 12:06:13|game_1_app_id|1|test|80|15|0
ItemFlow|928|2014-11-20 12:06:14|0|game_1_app_id|1|test|12|263|87|1|20|0|1|0
GhostTrainFlow|928|2014-11-20 12:06:14|game_1_app_id|1|test|1|88|87|1|0|5|5|80|0
PlayerSystemModuleFlow|928|2014-11-20 12:06:14|game_1_app_id|1|test|80|15|0
ItemFlow|928|2014-11-20 12:06:15|0|game_1_app_id|1|test|12|263|86|1|20|0|1|0
GhostTrainFlow|928|2014-11-20 12:06:15|game_1_app_id|1|test|1|87|86|1|0|5|5|80|0
PlayerSystemModuleFlow|928|2014-11-20 12:06:15|game_1_app_id|1|test|80|15|0
ItemFlow|928|2014-11-20 12:06:15|0|game_1_app_id|1|test|12|263|85|1|20|0|1|0
GhostTrainFlow|928|2014-11-20 12:06:15|game_1_app_id|1|test|1|86|85|1|0|5|6|80|0
PlayerSystemModuleFlow|928|2014-11-20 12:06:15|game_1_app_id|1|test|80|15|0
ItemFlow|928|2014-11-20 12:06:15|0|game_1_app_id|1|test|12|263|84|1|20|0|1|0
GhostTrainFlow|928|2014-11-20 12:06:15|game_1_app_id|1|test|1|85|84|1|0|6|6|80|0
PlayerSystemModuleFlow|928|2014-11-20 12:06:15|game_1_app_id|1|test|80|15|0
ItemFlow|928|2014-11-20 12:06:16|0|game_1_app_id|1|test|12|263|83|1|20|0|1|0
GhostTrainFlow|928|2014-11-20 12:06:16|game_1_app_id|1|test|1|84|83|1|0|6|6|80|0
PlayerSystemModuleFlow|928|2014-11-20 12:06:16|game_1_app_id|1|test|80|15|0
ItemFlow|928|2014-11-20 12:06:16|0|game_1_app_id|1|test|12|263|82|1|20|0|1|0
GhostTrainFlow|928|2014-11-20 12:06:16|game_1_app_id|1|test|1|83|82|1|0|6|6|80|0
PlayerSystemModuleFlow|928|2014-11-20 12:06:16|game_1_app_id|1|test|80|15|0
ItemFlow|928|2014-11-20 12:06:16|0|game_1_app_id|1|test|12|263|81|1|20|0|1|0
GhostTrainFlow|928|2014-11-20 12:06:16|game_1_app_id|1|test|1|82|81|1|0|6|7|80|0
PlayerSystemModuleFlow|928|2014-11-20 12:06:16|game_1_app_id|1|test|80|15|0
ItemFlow|928|2014-11-20 12:06:16|0|game_1_app_id|1|test|12|263|80|1|20|0|1|0
GhostTrainFlow|928|2014-11-20 12:06:16|game_1_app_id|1|test|1|81|80|1|0|7|7|80|0
PlayerSystemModuleFlow|928|2014-11-20 12:06:16|game_1_app_id|1|test|80|15|0
ItemFlow|928|2014-11-20 12:06:17|0|game_1_app_id|1|test|12|263|79|1|20|0|1|0
GhostTrainFlow|928|2014-11-20 12:06:17|game_1_app_id|1|test|1|80|79|1|0|7|7|80|0
PlayerSystemModuleFlow|928|2014-11-20 12:06:17|game_1_app_id|1|test|80|15|0
ItemFlow|928|2014-11-20 12:06:17|0|game_1_app_id|1|test|12|263|78|1|20|0|1|0
GhostTrainFlow|928|2014-11-20 12:06:17|game_1_app_id|1|test|1|79|78|1|0|7|7|80|0
PlayerSystemModuleFlow|928|2014-11-20 12:06:17|game_1_app_id|1|test|80|15|0
ItemFlow|928|2014-11-20 12:06:17|0|game_1_app_id|1|test|12|263|77|1|20|0|1|0
GhostTrainFlow|928|2014-11-20 12:06:17|game_1_app_id|1|test|1|78|77|1|0|7|7|80|0
PlayerSystemModuleFlow|928|2014-11-20 12:06:17|game_1_app_id|1|test|80|15|0
ItemFlow|928|2014-11-20 12:06:17|0|game_1_app_id|1|test|12|263|76|1|20|0|1|0
GhostTrainFlow|928|2014-11-20 12:06:17|game_1_app_id|1|test|1|77|76|1|0|7|8|80|0
PlayerSystemModuleFlow|928|2014-11-20 12:06:17|game_1_app_id|1|test|80|15|0
ItemFlow|928|2014-11-20 12:06:18|0|game_1_app_id|1|test|12|263|75|1|20|0|1|0
GhostTrainFlow|928|2014-11-20 12:06:18|game_1_app_id|1|test|1|76|75|1|0|8|8|80|0
PlayerSystemModuleFlow|928|2014-11-20 12:06:18|game_1_app_id|1|test|80|15|0
ItemFlow|928|2014-11-20 12:06:19|0|game_1_app_id|1|test|12|263|74|1|20|0|1|0
GhostTrainFlow|928|2014-11-20 12:06:19|game_1_app_id|1|test|1|75|74|1|0|8|8|80|0
PlayerSystemModuleFlow|928|2014-11-20 12:06:19|game_1_app_id|1|test|80|15|0
ItemFlow|928|2014-11-20 12:06:20|0|game_1_app_id|1|test|12|263|73|1|20|0|1|0
GhostTrainFlow|928|2014-11-20 12:06:20|game_1_app_id|1|test|1|74|73|1|0|8|8|80|0
PlayerSystemModuleFlow|928|2014-11-20 12:06:20|game_1_app_id|1|test|80|15|0
ItemFlow|928|2014-11-20 12:06:20|0|game_1_app_id|1|test|12|263|72|1|20|0|1|0
GhostTrainFlow|928|2014-11-20 12:06:20|game_1_app_id|1|test|1|73|72|1|0|8|8|80|0
PlayerSystemModuleFlow|928|2014-11-20 12:06:20|game_1_app_id|1|test|80|15|0
ItemFlow|928|2014-11-20 12:06:24|0|game_1_app_id|1|test|12|263|71|1|20|0|1|0
GhostTrainFlow|928|2014-11-20 12:06:24|game_1_app_id|1|test|1|72|71|1|0|8|9|80|0
PlayerSystemModuleFlow|928|2014-11-20 12:06:24|game_1_app_id|1|test|80|15|0
ItemFlow|928|2014-11-20 12:06:24|0|game_1_app_id|1|test|12|263|70|1|20|0|1|0
GhostTrainFlow|928|2014-11-20 12:06:24|game_1_app_id|1|test|1|71|70|1|0|9|9|80|0
PlayerSystemModuleFlow|928|2014-11-20 12:06:24|game_1_app_id|1|test|80|15|0
ItemFlow|928|2014-11-20 12:06:24|0|game_1_app_id|1|test|12|263|69|1|20|0|1|0
GhostTrainFlow|928|2014-11-20 12:06:24|game_1_app_id|1|test|1|70|69|1|0|9|9|80|0
PlayerSystemModuleFlow|928|2014-11-20 12:06:24|game_1_app_id|1|test|80|15|0
ItemFlow|928|2014-11-20 12:06:24|0|game_1_app_id|1|test|12|263|68|1|20|0|1|0
GhostTrainFlow|928|2014-11-20 12:06:24|game_1_app_id|1|test|1|69|68|1|0|9|9|80|0
PlayerSystemModuleFlow|928|2014-11-20 12:06:24|game_1_app_id|1|test|80|15|0
ItemFlow|928|2014-11-20 12:06:24|0|game_1_app_id|1|test|12|263|67|1|20|0|1|0
GhostTrainFlow|928|2014-11-20 12:06:24|game_1_app_id|1|test|1|68|67|1|0|9|9|80|0
PlayerSystemModuleFlow|928|2014-11-20 12:06:24|game_1_app_id|1|test|80|15|0
ItemFlow|928|2014-11-20 12:06:25|0|game_1_app_id|1|test|12|263|66|1|20|0|1|0
GhostTrainFlow|928|2014-11-20 12:06:25|game_1_app_id|1|test|1|67|66|1|0|9|9|80|0
PlayerSystemModuleFlow|928|2014-11-20 12:06:25|game_1_app_id|1|test|80|15|0
ItemFlow|928|2014-11-20 12:06:25|0|game_1_app_id|1|test|12|263|65|1|20|0|1|0
GhostTrainFlow|928|2014-11-20 12:06:25|game_1_app_id|1|test|1|66|65|1|0|9|10|80|0
PlayerSystemModuleFlow|928|2014-11-20 12:06:25|game_1_app_id|1|test|80|15|0
ItemFlow|928|2014-11-20 12:06:25|0|game_1_app_id|1|test|12|263|64|1|20|0|1|0
GhostTrainFlow|928|2014-11-20 12:06:25|game_1_app_id|1|test|1|65|64|1|0|10|10|80|0
PlayerSystemModuleFlow|928|2014-11-20 12:06:25|game_1_app_id|1|test|80|15|0
ItemFlow|928|2014-11-20 12:06:25|0|game_1_app_id|1|test|12|263|63|1|20|0|1|0
GhostTrainFlow|928|2014-11-20 12:06:25|game_1_app_id|1|test|1|64|63|1|0|10|10|80|0
PlayerSystemModuleFlow|928|2014-11-20 12:06:25|game_1_app_id|1|test|80|15|0
ItemFlow|928|2014-11-20 12:06:26|0|game_1_app_id|1|test|12|263|62|1|20|0|1|0
GhostTrainFlow|928|2014-11-20 12:06:26|game_1_app_id|1|test|1|63|62|1|0|10|10|80|0
PlayerSystemModuleFlow|928|2014-11-20 12:06:26|game_1_app_id|1|test|80|15|0
ItemFlow|928|2014-11-20 12:06:26|0|game_1_app_id|1|test|12|263|61|1|20|0|1|0
GhostTrainFlow|928|2014-11-20 12:06:26|game_1_app_id|1|test|1|62|61|1|0|10|10|80|0
PlayerSystemModuleFlow|928|2014-11-20 12:06:26|game_1_app_id|1|test|80|15|0
ItemFlow|928|2014-11-20 12:06:26|0|game_1_app_id|1|test|12|263|60|1|20|0|1|0
GhostTrainFlow|928|2014-11-20 12:06:26|game_1_app_id|1|test|1|61|60|1|0|10|10|80|0
PlayerSystemModuleFlow|928|2014-11-20 12:06:26|game_1_app_id|1|test|80|15|0
ItemFlow|928|2014-11-20 12:06:26|0|game_1_app_id|1|test|12|263|59|1|20|0|1|0
GhostTrainFlow|928|2014-11-20 12:06:26|game_1_app_id|1|test|1|60|59|1|0|10|10|80|0
PlayerSystemModuleFlow|928|2014-11-20 12:06:26|game_1_app_id|1|test|80|15|0
ItemFlow|928|2014-11-20 12:06:26|0|game_1_app_id|1|test|12|263|58|1|20|0|1|0
GhostTrainFlow|928|2014-11-20 12:06:26|game_1_app_id|1|test|1|59|58|1|0|10|10|80|0
PlayerSystemModuleFlow|928|2014-11-20 12:06:26|game_1_app_id|1|test|80|15|0
ItemFlow|928|2014-11-20 12:06:26|0|game_1_app_id|1|test|12|263|57|1|20|0|1|0
GhostTrainFlow|928|2014-11-20 12:06:26|game_1_app_id|1|test|1|58|57|1|0|10|10|80|0
PlayerSystemModuleFlow|928|2014-11-20 12:06:26|game_1_app_id|1|test|80|15|0
ItemFlow|928|2014-11-20 12:06:28|0|game_1_app_id|1|test|12|263|56|1|20|0|1|0
GhostTrainFlow|928|2014-11-20 12:06:28|game_1_app_id|1|test|1|57|56|1|0|10|10|80|0
PlayerSystemModuleFlow|928|2014-11-20 12:06:28|game_1_app_id|1|test|80|15|0
ItemFlow|928|2014-11-20 12:06:28|0|game_1_app_id|1|test|12|263|55|1|20|0|1|0
GhostTrainFlow|928|2014-11-20 12:06:28|game_1_app_id|1|test|1|56|55|1|0|10|11|80|0
PlayerSystemModuleFlow|928|2014-11-20 12:06:28|game_1_app_id|1|test|80|15|0
ItemFlow|928|2014-11-20 12:06:28|0|game_1_app_id|1|test|12|263|54|1|20|0|1|0
GhostTrainFlow|928|2014-11-20 12:06:28|game_1_app_id|1|test|1|55|54|1|0|11|11|80|0
PlayerSystemModuleFlow|928|2014-11-20 12:06:28|game_1_app_id|1|test|80|15|0
ItemFlow|928|2014-11-20 12:06:28|0|game_1_app_id|1|test|12|263|53|1|20|0|1|0
GhostTrainFlow|928|2014-11-20 12:06:28|game_1_app_id|1|test|1|54|53|1|0|11|11|80|0
PlayerSystemModuleFlow|928|2014-11-20 12:06:28|game_1_app_id|1|test|80|15|0
ItemFlow|928|2014-11-20 12:06:29|0|game_1_app_id|1|test|12|263|52|1|20|0|1|0
GhostTrainFlow|928|2014-11-20 12:06:29|game_1_app_id|1|test|1|53|52|1|0|11|11|80|0
PlayerSystemModuleFlow|928|2014-11-20 12:06:29|game_1_app_id|1|test|80|15|0
ItemFlow|928|2014-11-20 12:06:30|0|game_1_app_id|1|test|12|263|51|1|20|0|1|0
GhostTrainFlow|928|2014-11-20 12:06:30|game_1_app_id|1|test|1|52|51|1|0|11|11|80|0
PlayerSystemModuleFlow|928|2014-11-20 12:06:30|game_1_app_id|1|test|80|15|0
ItemFlow|928|2014-11-20 12:06:30|0|game_1_app_id|1|test|12|263|50|1|20|0|1|0
GhostTrainFlow|928|2014-11-20 12:06:30|game_1_app_id|1|test|1|51|50|1|0|11|11|80|0
PlayerSystemModuleFlow|928|2014-11-20 12:06:30|game_1_app_id|1|test|80|15|0
ItemFlow|928|2014-11-20 12:06:31|0|game_1_app_id|1|test|12|263|49|1|20|0|1|0
GhostTrainFlow|928|2014-11-20 12:06:31|game_1_app_id|1|test|1|50|49|1|0|11|12|80|0
PlayerSystemModuleFlow|928|2014-11-20 12:06:31|game_1_app_id|1|test|80|15|0
ItemFlow|928|2014-11-20 12:06:31|0|game_1_app_id|1|test|12|263|48|1|20|0|1|0
GhostTrainFlow|928|2014-11-20 12:06:31|game_1_app_id|1|test|1|49|48|1|0|12|12|80|0
PlayerSystemModuleFlow|928|2014-11-20 12:06:31|game_1_app_id|1|test|80|15|0
ItemFlow|928|2014-11-20 12:06:31|0|game_1_app_id|1|test|12|263|47|1|20|0|1|0
GhostTrainFlow|928|2014-11-20 12:06:31|game_1_app_id|1|test|1|48|47|1|0|12|12|80|0
PlayerSystemModuleFlow|928|2014-11-20 12:06:31|game_1_app_id|1|test|80|15|0
ItemFlow|928|2014-11-20 12:06:31|0|game_1_app_id|1|test|12|263|46|1|20|0|1|0
GhostTrainFlow|928|2014-11-20 12:06:31|game_1_app_id|1|test|1|47|46|1|0|12|12|80|0
PlayerSystemModuleFlow|928|2014-11-20 12:06:31|game_1_app_id|1|test|80|15|0
ItemFlow|928|2014-11-20 12:06:31|0|game_1_app_id|1|test|12|263|45|1|20|0|1|0
GhostTrainFlow|928|2014-11-20 12:06:31|game_1_app_id|1|test|1|46|45|1|0|12|12|80|0
PlayerSystemModuleFlow|928|2014-11-20 12:06:31|game_1_app_id|1|test|80|15|0
ItemFlow|928|2014-11-20 12:06:32|0|game_1_app_id|1|test|12|263|44|1|20|0|1|0
GhostTrainFlow|928|2014-11-20 12:06:32|game_1_app_id|1|test|1|45|44|1|0|12|13|80|0
PlayerSystemModuleFlow|928|2014-11-20 12:06:32|game_1_app_id|1|test|80|15|0
ItemFlow|928|2014-11-20 12:06:32|0|game_1_app_id|1|test|12|263|43|1|20|0|1|0
GhostTrainFlow|928|2014-11-20 12:06:32|game_1_app_id|1|test|1|44|43|1|0|13|13|80|0
PlayerSystemModuleFlow|928|2014-11-20 12:06:32|game_1_app_id|1|test|80|15|0
ItemFlow|928|2014-11-20 12:06:32|0|game_1_app_id|1|test|12|263|42|1|20|0|1|0
GhostTrainFlow|928|2014-11-20 12:06:32|game_1_app_id|1|test|1|43|42|1|0|13|13|80|0
PlayerSystemModuleFlow|928|2014-11-20 12:06:32|game_1_app_id|1|test|80|15|0
ItemFlow|928|2014-11-20 12:06:32|0|game_1_app_id|1|test|12|263|41|1|20|0|1|0
GhostTrainFlow|928|2014-11-20 12:06:32|game_1_app_id|1|test|1|42|41|1|0|13|13|80|0
PlayerSystemModuleFlow|928|2014-11-20 12:06:32|game_1_app_id|1|test|80|15|0
ItemFlow|928|2014-11-20 12:06:32|0|game_1_app_id|1|test|12|263|40|1|20|0|1|0
GhostTrainFlow|928|2014-11-20 12:06:32|game_1_app_id|1|test|1|41|40|1|0|13|13|80|0
PlayerSystemModuleFlow|928|2014-11-20 12:06:32|game_1_app_id|1|test|80|15|0
ItemFlow|928|2014-11-20 12:06:33|0|game_1_app_id|1|test|12|263|39|1|20|0|1|0
GhostTrainFlow|928|2014-11-20 12:06:33|game_1_app_id|1|test|1|40|39|1|0|13|13|80|0
PlayerSystemModuleFlow|928|2014-11-20 12:06:33|game_1_app_id|1|test|80|15|0
ItemFlow|928|2014-11-20 12:06:33|0|game_1_app_id|1|test|12|263|38|1|20|0|1|0
GhostTrainFlow|928|2014-11-20 12:06:33|game_1_app_id|1|test|1|39|38|1|0|13|14|80|0
PlayerSystemModuleFlow|928|2014-11-20 12:06:33|game_1_app_id|1|test|80|15|0
ItemFlow|928|2014-11-20 12:06:33|0|game_1_app_id|1|test|12|263|37|1|20|0|1|0
GhostTrainFlow|928|2014-11-20 12:06:33|game_1_app_id|1|test|1|38|37|1|0|14|14|80|0
PlayerSystemModuleFlow|928|2014-11-20 12:06:33|game_1_app_id|1|test|80|15|0
ItemFlow|928|2014-11-20 12:06:33|0|game_1_app_id|1|test|12|263|36|1|20|0|1|0
GhostTrainFlow|928|2014-11-20 12:06:33|game_1_app_id|1|test|1|37|36|1|0|14|14|80|0
PlayerSystemModuleFlow|928|2014-11-20 12:06:33|game_1_app_id|1|test|80|15|0
ItemFlow|928|2014-11-20 12:06:33|0|game_1_app_id|1|test|12|263|35|1|20|0|1|0
GhostTrainFlow|928|2014-11-20 12:06:33|game_1_app_id|1|test|1|36|35|1|0|14|14|80|0
PlayerSystemModuleFlow|928|2014-11-20 12:06:33|game_1_app_id|1|test|80|15|0
ItemFlow|928|2014-11-20 12:06:34|0|game_1_app_id|1|test|12|263|34|1|20|0|1|0
GhostTrainFlow|928|2014-11-20 12:06:34|game_1_app_id|1|test|1|35|34|1|0|14|14|80|0
PlayerSystemModuleFlow|928|2014-11-20 12:06:34|game_1_app_id|1|test|80|15|0
ItemFlow|928|2014-11-20 12:06:34|0|game_1_app_id|1|test|12|263|33|1|20|0|1|0
GhostTrainFlow|928|2014-11-20 12:06:34|game_1_app_id|1|test|1|34|33|1|0|14|14|80|0
PlayerSystemModuleFlow|928|2014-11-20 12:06:34|game_1_app_id|1|test|80|15|0
ItemFlow|928|2014-11-20 12:06:34|0|game_1_app_id|1|test|12|263|32|1|20|0|1|0
GhostTrainFlow|928|2014-11-20 12:06:34|game_1_app_id|1|test|1|33|32|1|0|14|15|80|0
PlayerSystemModuleFlow|928|2014-11-20 12:06:34|game_1_app_id|1|test|80|15|0
ItemFlow|928|2014-11-20 12:06:34|0|game_1_app_id|1|test|12|263|31|1|20|0|1|0
GhostTrainFlow|928|2014-11-20 12:06:34|game_1_app_id|1|test|1|32|31|1|0|15|15|80|0
PlayerSystemModuleFlow|928|2014-11-20 12:06:34|game_1_app_id|1|test|80|15|0
ItemFlow|928|2014-11-20 12:06:34|0|game_1_app_id|1|test|12|263|30|1|20|0|1|0
GhostTrainFlow|928|2014-11-20 12:06:34|game_1_app_id|1|test|1|31|30|1|0|15|15|80|0
PlayerSystemModuleFlow|928|2014-11-20 12:06:34|game_1_app_id|1|test|80|15|0
ItemFlow|928|2014-11-20 12:06:35|0|game_1_app_id|1|test|12|263|29|1|20|0|1|0
GhostTrainFlow|928|2014-11-20 12:06:35|game_1_app_id|1|test|1|30|29|1|0|15|15|80|0
PlayerSystemModuleFlow|928|2014-11-20 12:06:35|game_1_app_id|1|test|80|15|0
ItemFlow|928|2014-11-20 12:06:35|0|game_1_app_id|1|test|12|263|28|1|20|0|1|0
GhostTrainFlow|928|2014-11-20 12:06:35|game_1_app_id|1|test|1|29|28|1|0|15|15|80|0
PlayerSystemModuleFlow|928|2014-11-20 12:06:35|game_1_app_id|1|test|80|15|0
ItemFlow|928|2014-11-20 12:06:35|0|game_1_app_id|1|test|12|263|27|1|20|0|1|0
GhostTrainFlow|928|2014-11-20 12:06:35|game_1_app_id|1|test|1|28|27|1|0|15|15|80|0
PlayerSystemModuleFlow|928|2014-11-20 12:06:35|game_1_app_id|1|test|80|15|0
ItemFlow|928|2014-11-20 12:06:35|0|game_1_app_id|1|test|12|263|26|1|20|0|1|0
GhostTrainFlow|928|2014-11-20 12:06:35|game_1_app_id|1|test|1|27|26|1|0|15|16|80|0
PlayerSystemModuleFlow|928|2014-11-20 12:06:35|game_1_app_id|1|test|80|15|0
ItemFlow|928|2014-11-20 12:06:35|0|game_1_app_id|1|test|12|263|25|1|20|0|1|0
GhostTrainFlow|928|2014-11-20 12:06:35|game_1_app_id|1|test|1|26|25|1|0|16|16|80|0
PlayerSystemModuleFlow|928|2014-11-20 12:06:35|game_1_app_id|1|test|80|15|0
ItemFlow|928|2014-11-20 12:06:35|0|game_1_app_id|1|test|12|263|24|1|20|0|1|0
GhostTrainFlow|928|2014-11-20 12:06:35|game_1_app_id|1|test|1|25|24|1|0|16|16|80|0
PlayerSystemModuleFlow|928|2014-11-20 12:06:35|game_1_app_id|1|test|80|15|0
ItemFlow|928|2014-11-20 12:06:36|0|game_1_app_id|1|test|12|263|23|1|20|0|1|0
GhostTrainFlow|928|2014-11-20 12:06:36|game_1_app_id|1|test|1|24|23|1|0|16|16|80|0
PlayerSystemModuleFlow|928|2014-11-20 12:06:36|game_1_app_id|1|test|80|15|0
ItemFlow|928|2014-11-20 12:06:36|0|game_1_app_id|1|test|12|263|22|1|20|0|1|0
GhostTrainFlow|928|2014-11-20 12:06:36|game_1_app_id|1|test|1|23|22|1|0|16|16|80|0
PlayerSystemModuleFlow|928|2014-11-20 12:06:36|game_1_app_id|1|test|80|15|0
ItemFlow|928|2014-11-20 12:06:36|0|game_1_app_id|1|test|12|263|21|1|20|0|1|0
GhostTrainFlow|928|2014-11-20 12:06:36|game_1_app_id|1|test|1|22|21|1|0|16|16|80|0
PlayerSystemModuleFlow|928|2014-11-20 12:06:36|game_1_app_id|1|test|80|15|0
ItemFlow|928|2014-11-20 12:06:37|0|game_1_app_id|1|test|12|263|20|1|20|0|1|0
GhostTrainFlow|928|2014-11-20 12:06:37|game_1_app_id|1|test|1|21|20|1|0|16|17|80|0
PlayerSystemModuleFlow|928|2014-11-20 12:06:37|game_1_app_id|1|test|80|15|0
ItemFlow|928|2014-11-20 12:06:37|0|game_1_app_id|1|test|12|263|19|1|20|0|1|0
GhostTrainFlow|928|2014-11-20 12:06:37|game_1_app_id|1|test|1|20|19|1|0|17|17|80|0
PlayerSystemModuleFlow|928|2014-11-20 12:06:37|game_1_app_id|1|test|80|15|0
ItemFlow|928|2014-11-20 12:06:37|0|game_1_app_id|1|test|12|263|18|1|20|0|1|0
GhostTrainFlow|928|2014-11-20 12:06:37|game_1_app_id|1|test|1|19|18|1|0|17|17|80|0
PlayerSystemModuleFlow|928|2014-11-20 12:06:37|game_1_app_id|1|test|80|15|0
ItemFlow|928|2014-11-20 12:06:37|0|game_1_app_id|1|test|12|263|17|1|20|0|1|0
GhostTrainFlow|928|2014-11-20 12:06:37|game_1_app_id|1|test|1|18|17|1|0|17|17|80|0
PlayerSystemModuleFlow|928|2014-11-20 12:06:37|game_1_app_id|1|test|80|15|0
ItemFlow|928|2014-11-20 12:06:37|0|game_1_app_id|1|test|12|263|16|1|20|0|1|0
GhostTrainFlow|928|2014-11-20 12:06:37|game_1_app_id|1|test|1|17|16|1|0|17|17|80|0
PlayerSystemModuleFlow|928|2014-11-20 12:06:37|game_1_app_id|1|test|80|15|0
ItemFlow|928|2014-11-20 12:06:38|0|game_1_app_id|1|test|12|263|15|1|20|0|1|0
GhostTrainFlow|928|2014-11-20 12:06:38|game_1_app_id|1|test|1|16|15|1|0|17|17|80|0
PlayerSystemModuleFlow|928|2014-11-20 12:06:38|game_1_app_id|1|test|80|15|0
ItemFlow|928|2014-11-20 12:06:38|0|game_1_app_id|1|test|12|263|14|1|20|0|1|0
GhostTrainFlow|928|2014-11-20 12:06:38|game_1_app_id|1|test|1|15|14|1|0|17|18|80|0
PlayerSystemModuleFlow|928|2014-11-20 12:06:38|game_1_app_id|1|test|80|15|0
ItemFlow|928|2014-11-20 12:06:38|0|game_1_app_id|1|test|12|263|13|1|20|0|1|0
GhostTrainFlow|928|2014-11-20 12:06:38|game_1_app_id|1|test|1|14|13|1|0|18|18|80|0
PlayerSystemModuleFlow|928|2014-11-20 12:06:38|game_1_app_id|1|test|80|15|0
ItemFlow|928|2014-11-20 12:06:38|0|game_1_app_id|1|test|12|263|12|1|20|0|1|0
GhostTrainFlow|928|2014-11-20 12:06:38|game_1_app_id|1|test|1|13|12|1|0|18|18|80|0
PlayerSystemModuleFlow|928|2014-11-20 12:06:38|game_1_app_id|1|test|80|15|0
ItemFlow|928|2014-11-20 12:06:38|0|game_1_app_id|1|test|12|263|11|1|20|0|1|0
GhostTrainFlow|928|2014-11-20 12:06:38|game_1_app_id|1|test|1|12|11|1|0|18|18|80|0
PlayerSystemModuleFlow|928|2014-11-20 12:06:38|game_1_app_id|1|test|80|15|0
ItemFlow|928|2014-11-20 12:06:39|0|game_1_app_id|1|test|12|263|10|1|20|0|1|0
GhostTrainFlow|928|2014-11-20 12:06:39|game_1_app_id|1|test|1|11|10|1|0|18|18|80|0
PlayerSystemModuleFlow|928|2014-11-20 12:06:39|game_1_app_id|1|test|80|15|0
ItemFlow|928|2014-11-20 12:06:39|0|game_1_app_id|1|test|12|263|9|1|20|0|1|0
GhostTrainFlow|928|2014-11-20 12:06:39|game_1_app_id|1|test|1|10|9|1|0|18|18|80|0
PlayerSystemModuleFlow|928|2014-11-20 12:06:39|game_1_app_id|1|test|80|15|0
ItemFlow|928|2014-11-20 12:06:39|0|game_1_app_id|1|test|12|263|8|1|20|0|1|0
GhostTrainFlow|928|2014-11-20 12:06:39|game_1_app_id|1|test|1|9|8|1|0|18|19|80|0
PlayerSystemModuleFlow|928|2014-11-20 12:06:39|game_1_app_id|1|test|80|15|0
ItemFlow|928|2014-11-20 12:06:39|0|game_1_app_id|1|test|12|263|7|1|20|0|1|0
GhostTrainFlow|928|2014-11-20 12:06:39|game_1_app_id|1|test|1|8|7|1|0|19|19|80|0
PlayerSystemModuleFlow|928|2014-11-20 12:06:39|game_1_app_id|1|test|80|15|0
ItemFlow|928|2014-11-20 12:06:40|0|game_1_app_id|1|test|12|263|6|1|20|0|1|0
GhostTrainFlow|928|2014-11-20 12:06:40|game_1_app_id|1|test|1|7|6|1|0|19|19|80|0
PlayerSystemModuleFlow|928|2014-11-20 12:06:40|game_1_app_id|1|test|80|15|0
ItemFlow|928|2014-11-20 12:06:41|0|game_1_app_id|1|test|12|263|5|1|20|0|1|0
GhostTrainFlow|928|2014-11-20 12:06:41|game_1_app_id|1|test|1|6|5|1|0|19|19|80|0
PlayerSystemModuleFlow|928|2014-11-20 12:06:41|game_1_app_id|1|test|80|15|0
ItemFlow|928|2014-11-20 12:06:42|0|game_1_app_id|1|test|12|263|4|1|20|0|1|0
GhostTrainFlow|928|2014-11-20 12:06:42|game_1_app_id|1|test|1|5|4|1|0|19|19|80|0
PlayerSystemModuleFlow|928|2014-11-20 12:06:42|game_1_app_id|1|test|80|15|0
ItemFlow|928|2014-11-20 12:06:44|0|game_1_app_id|1|test|12|263|3|1|20|0|1|0
GhostTrainFlow|928|2014-11-20 12:06:44|game_1_app_id|1|test|1|4|3|1|0|19|20|80|0
PlayerSystemModuleFlow|928|2014-11-20 12:06:44|game_1_app_id|1|test|80|15|0
ItemFlow|928|2014-11-20 12:06:44|0|game_1_app_id|1|test|12|263|1|2|20|0|1|0
GhostTrainFlow|928|2014-11-20 12:06:44|game_1_app_id|1|test|1|3|1|1|0|20|20|80|0
PlayerSystemModuleFlow|928|2014-11-20 12:06:44|game_1_app_id|1|test|80|15|0
ItemFlow|928|2014-11-20 12:06:51|0|game_1_app_id|1|test|12|263|1|1|20|0|1|0
MoneyFlow|928|2014-11-20 12:06:51|0|game_1_app_id|1|test|80|9985|5|37|0|1|1|0
GhostTrainFlow|928|2014-11-20 12:06:51|game_1_app_id|1|test|1|1|0|1|5|20|20|80|0
PlayerSystemModuleFlow|928|2014-11-20 12:06:51|game_1_app_id|1|test|80|15|0
GameSvrState|2014-11-20 12:07:13|192.168.10.35
GameSvrState|2014-11-20 12:08:13|192.168.10.35
GameSvrState|2014-11-20 12:09:13|192.168.10.35
GameSvrState|2014-11-20 12:10:13|192.168.10.35
GameSvrState|2014-11-20 12:11:13|192.168.10.35
GameSvrState|2014-11-20 12:12:13|192.168.10.35
GameSvrState|2014-11-20 12:13:13|192.168.10.35
GameSvrState|2014-11-20 12:14:13|192.168.10.35
GameSvrState|2014-11-20 12:15:13|192.168.10.35
GameSvrState|2014-11-20 12:16:13|192.168.10.35
GameSvrState|2014-11-20 12:17:13|192.168.10.35
GameSvrState|2014-11-20 12:18:13|192.168.10.35
GameSvrState|2014-11-20 12:19:13|192.168.10.35
GameSvrState|2014-11-20 12:20:13|192.168.10.35
GameSvrState|2014-11-20 12:21:13|192.168.10.35
GameSvrState|2014-11-20 12:22:13|192.168.10.35
GameSvrState|2014-11-20 12:23:13|192.168.10.35
GameSvrState|2014-11-20 12:24:13|192.168.10.35
GameSvrState|2014-11-20 12:25:13|192.168.10.35
GameSvrState|2014-11-20 12:26:13|192.168.10.35
GameSvrState|2014-11-20 12:27:13|192.168.10.35
GameSvrState|2014-11-20 12:28:13|192.168.10.35
GameSvrState|2014-11-20 12:29:13|192.168.10.35
GameSvrState|2014-11-20 12:30:13|192.168.10.35
GameSvrState|2014-11-20 12:31:13|192.168.10.35
GameSvrState|2014-11-20 12:32:13|192.168.10.35
GameSvrState|2014-11-20 12:33:13|192.168.10.35
GameSvrState|2014-11-20 12:34:13|192.168.10.35
GameSvrState|2014-11-20 12:35:13|192.168.10.35
GameSvrState|2014-11-20 12:36:13|192.168.10.35
GameSvrState|2014-11-20 12:37:13|192.168.10.35
GameSvrState|2014-11-20 12:38:13|192.168.10.35
GameSvrState|2014-11-20 12:39:13|192.168.10.35
GameSvrState|2014-11-20 12:40:13|192.168.10.35
GameSvrState|2014-11-20 12:41:13|192.168.10.35
GameSvrState|2014-11-20 12:42:13|192.168.10.35
GameSvrState|2014-11-20 12:43:13|192.168.10.35
GameSvrState|2014-11-20 12:44:13|192.168.10.35
GameSvrState|2014-11-20 12:45:13|192.168.10.35
GameSvrState|2014-11-20 12:46:13|192.168.10.35
GameSvrState|2014-11-20 12:47:13|192.168.10.35
GameSvrState|2014-11-20 12:48:13|192.168.10.35
GameSvrState|2014-11-20 12:49:13|192.168.10.35
GameSvrState|2014-11-20 12:50:13|192.168.10.35
GameSvrState|2014-11-20 12:51:13|192.168.10.35
GameSvrState|2014-11-20 12:52:13|192.168.10.35
GameSvrState|2014-11-20 12:53:13|192.168.10.35
GameSvrState|2014-11-20 12:54:13|192.168.10.35
GameSvrState|2014-11-20 12:55:13|192.168.10.35
GameSvrState|2014-11-20 12:56:13|192.168.10.35
GameSvrState|2014-11-20 12:57:13|192.168.10.35
GameSvrState|2014-11-20 12:58:13|192.168.10.35
GameSvrState|2014-11-20 12:59:13|192.168.10.35
