GameSvrState|2014-11-20 15:41:05|192.168.10.35
GameSvrState|2014-11-20 15:42:05|192.168.10.35
GameSvrState|2014-11-20 15:43:05|192.168.10.35
PlayerLogin|928|2014-11-20 15:43:29|game_1_app_id|1|test|80|0|7966||HTML5||WiFi|0|0|0|0||0|||
PlayerGuideFlow|928|2014-11-20 15:43:30|game_1_app_id|1|test|80|19|0|0
GameSvrState|2014-11-20 15:44:05|192.168.10.35
PlayerGuideFlow|928|2014-11-20 15:44:18|game_1_app_id|1|test|80|19|0|1
PlayerFightNumFlow|928|2014-11-20 15:44:22|game_1_app_id|1|test|80|0|17575
PlayerExpFlow|928|2014-11-20 15:44:30|game_1_app_id|1|test|5740|80|80|0|10|0|0
PlayerExpFlow|928|2014-11-20 15:45:05|game_1_app_id|1|test|20|80|80|0|10|0|0
GameSvrState|2014-11-20 15:45:05|192.168.10.35
GameSvrState|2014-11-20 15:46:05|192.168.10.35
GameSvrState|2014-11-20 15:47:05|192.168.10.35
GameSvrState|2014-11-20 15:48:05|192.168.10.35
MoneyFlow|928|2014-11-20 15:48:51|0|game_1_app_id|1|test|80|8485|1500|38|0|1|1|0
MoneyFlow|928|2014-11-20 15:48:51|0|game_1_app_id|1|test|80|100010|0|38|0|1|0|0
GhostUpgradeFlow|928|2014-11-20 15:48:51|game_1_app_id|1|test|13|312|0|0|1|1500|1|2|80|0
PlayerSystemModuleFlow|928|2014-11-20 15:48:51|game_1_app_id|1|test|80|15|0
GameSvrState|2014-11-20 15:49:05|192.168.10.35
GameSvrState|2014-11-20 15:50:05|192.168.10.35
ItemFlow|928|2014-11-20 15:50:14|0|game_1_app_id|1|test|13|312|10|10|-1|0|0|0
GameSvrState|2014-11-20 15:51:05|192.168.10.35
ItemFlow|928|2014-11-20 15:51:39|0|game_1_app_id|1|test|13|312|20|10|-1|0|0|0
ItemFlow|928|2014-11-20 15:51:59|0|game_1_app_id|1|test|13|312|20|20|21|0|1|0
MoneyFlow|928|2014-11-20 15:51:59|0|game_1_app_id|1|test|80|6985|1500|38|0|1|1|0
MoneyFlow|928|2014-11-20 15:51:59|0|game_1_app_id|1|test|80|100010|0|38|0|1|0|0
GhostUpgradeFlow|928|2014-11-20 15:51:59|game_1_app_id|1|test|13|312|20|0|1|1500|2|3|80|0
PlayerSystemModuleFlow|928|2014-11-20 15:51:59|game_1_app_id|1|test|80|15|0
GameSvrState|2014-11-20 15:52:05|192.168.10.35
MoneyFlow|928|2014-11-20 15:52:41|0|game_1_app_id|1|test|80|5185|1800|38|0|1|1|0
MoneyFlow|928|2014-11-20 15:52:41|0|game_1_app_id|1|test|80|100010|0|38|0|1|0|0
GhostUpgradeFlow|928|2014-11-20 15:52:41|game_1_app_id|1|test|10|276|0|0|1|1800|1|2|80|0
PlayerSystemModuleFlow|928|2014-11-20 15:52:41|game_1_app_id|1|test|80|15|0
GameSvrState|2014-11-20 15:53:05|192.168.10.35
ItemFlow|928|2014-11-20 15:53:16|0|game_1_app_id|1|test|13|276|10|10|-1|0|0|0
MoneyFlow|928|2014-11-20 15:54:00|0|game_1_app_id|1|test|80|105185|100000|-1|0|0|1|0
GameSvrState|2014-11-20 15:54:05|192.168.10.35
PlayerSystemModuleFlow|928|2014-11-20 15:54:13|game_1_app_id|1|test|80|5|0
MoneyFlow|928|2014-11-20 15:54:13|0|game_1_app_id|1|test|80|103505|1680|0|0|1|1|0
ItemFlow|928|2014-11-20 15:54:13|0|game_1_app_id|1|test|12|263|20|20|37|0|0|0
ItemFlow|928|2014-11-20 15:54:13|0|game_1_app_id|1|test|8|211|5|5|37|0|0|0
ItemFlow|928|2014-11-20 15:54:13|0|game_1_app_id|1|test|13|274|7|7|37|0|0|0
ItemFlow|928|2014-11-20 15:54:13|0|game_1_app_id|1|test|13|259|3|3|37|0|0|0
ItemFlow|928|2014-11-20 15:54:13|0|game_1_app_id|1|test|9|271|3|3|37|0|0|0
ItemFlow|928|2014-11-20 15:54:13|0|game_1_app_id|1|test|15|302|10|10|37|0|0|0
ItemFlow|928|2014-11-20 15:54:13|0|game_1_app_id|1|test|13|273|3|3|37|0|0|0
ItemFlow|928|2014-11-20 15:54:13|0|game_1_app_id|1|test|9|305|1|1|37|0|0|0
ItemFlow|928|2014-11-20 15:54:13|0|game_1_app_id|1|test|15|303|10|10|37|0|0|0
ItemFlow|928|2014-11-20 15:54:13|0|game_1_app_id|1|test|12|263|40|20|37|0|0|0
PlayerChestDrawFlow|928|2014-11-20 15:54:13|game_1_app_id|1|test|80|0|1680|1|263 12 20 211 12 5 8 -1 1 259 12 3 271 12 3 302 12 10 273 12 3 305 12 1 303 12 10 263 12 20|5
PlayerSystemModuleFlow|928|2014-11-20 15:54:24|game_1_app_id|1|test|80|5|0
MoneyFlow|928|2014-11-20 15:54:24|0|game_1_app_id|1|test|80|101825|1680|0|0|1|1|0
ItemFlow|928|2014-11-20 15:54:24|0|game_1_app_id|1|test|13|278|7|7|37|0|0|0
ItemFlow|928|2014-11-20 15:54:24|0|game_1_app_id|1|test|15|302|20|10|37|0|0|0
ItemFlow|928|2014-11-20 15:54:24|0|game_1_app_id|1|test|8|215|1|1|37|0|0|0
ItemFlow|928|2014-11-20 15:54:24|0|game_1_app_id|1|test|8|209|20|20|37|0|0|0
ItemFlow|928|2014-11-20 15:54:24|0|game_1_app_id|1|test|2|238|10|10|37|0|0|0
ItemFlow|928|2014-11-20 15:54:24|0|game_1_app_id|1|test|12|263|60|20|37|0|0|0
ItemFlow|928|2014-11-20 15:54:24|0|game_1_app_id|1|test|15|303|20|10|37|0|0|0
ItemFlow|928|2014-11-20 15:54:24|0|game_1_app_id|1|test|12|263|90|30|37|0|0|0
ItemFlow|928|2014-11-20 15:54:24|0|game_1_app_id|1|test|13|257|7|7|37|0|0|0
ItemFlow|928|2014-11-20 15:54:24|0|game_1_app_id|1|test|9|272|2|2|37|0|0|0
PlayerChestDrawFlow|928|2014-11-20 15:54:24|game_1_app_id|1|test|80|0|1680|1|12 -1 1 302 12 10 215 12 1 209 12 20 238 12 10 263 12 20 303 12 10 263 12 30 257 12 7 272 12 2|5
PlayerSystemModuleFlow|928|2014-11-20 15:54:35|game_1_app_id|1|test|80|5|0
ItemFlow|928|2014-11-20 15:54:35|0|game_1_app_id|1|test|13|258|7|7|40|0|0|0
PlayerChestDrawFlow|928|2014-11-20 15:54:35|game_1_app_id|1|test|80|0|0|1|3 -1 1|3
PlayerSystemModuleFlow|928|2014-11-20 15:54:47|game_1_app_id|1|test|80|5|0
MoneyFlow|928|2014-11-20 15:54:47|0|game_1_app_id|1|test|80|100145|1680|0|0|1|1|0
ItemFlow|928|2014-11-20 15:54:47|0|game_1_app_id|1|test|13|278|14|7|37|0|0|0
ItemFlow|928|2014-11-20 15:54:47|0|game_1_app_id|1|test|12|263|110|20|37|0|0|0
ItemFlow|928|2014-11-20 15:54:47|0|game_1_app_id|1|test|2|236|10|10|37|0|0|0
ItemFlow|928|2014-11-20 15:54:47|0|game_1_app_id|1|test|2|232|15|15|37|0|0|0
ItemFlow|928|2014-11-20 15:54:47|0|game_1_app_id|1|test|9|271|5|2|37|0|0|0
ItemFlow|928|2014-11-20 15:54:47|0|game_1_app_id|1|test|2|235|10|10|37|0|0|0
ItemFlow|928|2014-11-20 15:54:47|0|game_1_app_id|1|test|12|263|130|20|37|0|0|0
ItemFlow|928|2014-11-20 15:54:47|0|game_1_app_id|1|test|13|259|10|7|37|0|0|0
ItemFlow|928|2014-11-20 15:54:47|0|game_1_app_id|1|test|13|260|7|7|37|0|0|0
ItemFlow|928|2014-11-20 15:54:47|0|game_1_app_id|1|test|15|302|30|10|37|0|0|0
PlayerChestDrawFlow|928|2014-11-20 15:54:47|game_1_app_id|1|test|80|0|1680|1|12 -1 1 263 12 20 236 12 10 232 12 15 271 12 2 235 12 10 263 12 20 259 12 7 260 12 7 302 12 10|5
PlayerSystemModuleFlow|928|2014-11-20 15:54:58|game_1_app_id|1|test|80|5|0
MoneyFlow|928|2014-11-20 15:54:58|0|game_1_app_id|1|test|80|98465|1680|0|0|1|1|0
ItemFlow|928|2014-11-20 15:54:58|0|game_1_app_id|1|test|13|275|7|7|37|0|0|0
ItemFlow|928|2014-11-20 15:54:58|0|game_1_app_id|1|test|13|258|14|7|37|0|0|0
ItemFlow|928|2014-11-20 15:54:58|0|game_1_app_id|1|test|8|209|40|20|37|0|0|0
ItemFlow|928|2014-11-20 15:54:58|0|game_1_app_id|1|test|13|260|14|7|37|0|0|0
ItemFlow|928|2014-11-20 15:54:58|0|game_1_app_id|1|test|2|232|30|15|37|0|0|0
ItemFlow|928|2014-11-20 15:54:58|0|game_1_app_id|1|test|2|231|10|10|37|0|0|0
ItemFlow|928|2014-11-20 15:54:58|0|game_1_app_id|1|test|9|305|2|1|37|0|0|0
ItemFlow|928|2014-11-20 15:54:58|0|game_1_app_id|1|test|2|232|45|15|37|0|0|0
ItemFlow|928|2014-11-20 15:54:58|0|game_1_app_id|1|test|9|305|3|1|37|0|0|0
ItemFlow|928|2014-11-20 15:54:58|0|game_1_app_id|1|test|9|271|7|2|37|0|0|0
PlayerChestDrawFlow|928|2014-11-20 15:54:58|game_1_app_id|1|test|80|0|1680|1|9 -1 1 258 12 7 209 12 20 260 12 7 232 12 15 231 12 10 305 12 1 232 12 15 305 12 1 271 12 2|5
GameSvrState|2014-11-20 15:55:05|192.168.10.35
PlayerSystemModuleFlow|928|2014-11-20 15:55:15|game_1_app_id|1|test|80|5|0
MoneyFlow|928|2014-11-20 15:55:15|0|game_1_app_id|1|test|80|96785|1680|0|0|1|1|0
ItemFlow|928|2014-11-20 15:55:15|0|game_1_app_id|1|test|13|274|14|7|37|0|0|0
ItemFlow|928|2014-11-20 15:55:15|0|game_1_app_id|1|test|12|263|150|20|37|0|0|0
ItemFlow|928|2014-11-20 15:55:15|0|game_1_app_id|1|test|2|238|20|10|37|0|0|0
ItemFlow|928|2014-11-20 15:55:15|0|game_1_app_id|1|test|2|235|20|10|37|0|0|0
ItemFlow|928|2014-11-20 15:55:15|0|game_1_app_id|1|test|8|209|60|20|37|0|0|0
ItemFlow|928|2014-11-20 15:55:15|0|game_1_app_id|1|test|8|209|80|20|37|0|0|0
ItemFlow|928|2014-11-20 15:55:15|0|game_1_app_id|1|test|2|238|30|10|37|0|0|0
ItemFlow|928|2014-11-20 15:55:15|0|game_1_app_id|1|test|12|263|170|20|37|0|0|0
ItemFlow|928|2014-11-20 15:55:15|0|game_1_app_id|1|test|15|302|40|10|37|0|0|0
ItemFlow|928|2014-11-20 15:55:15|0|game_1_app_id|1|test|8|213|5|5|37|0|0|0
PlayerChestDrawFlow|928|2014-11-20 15:55:15|game_1_app_id|1|test|80|0|1680|1|8 -1 1 263 12 20 238 12 10 235 12 10 209 12 20 209 12 20 238 12 10 263 12 20 302 12 10 213 12 5|5
PlayerSystemModuleFlow|928|2014-11-20 15:55:26|game_1_app_id|1|test|80|5|0
MoneyFlow|928|2014-11-20 15:55:26|0|game_1_app_id|1|test|80|95105|1680|0|0|1|1|0
ItemFlow|928|2014-11-20 15:55:26|0|game_1_app_id|1|test|13|273|10|7|37|0|0|0
ItemFlow|928|2014-11-20 15:55:26|0|game_1_app_id|1|test|2|232|60|15|37|0|0|0
ItemFlow|928|2014-11-20 15:55:26|0|game_1_app_id|1|test|13|315|3|3|37|0|0|0
ItemFlow|928|2014-11-20 15:55:26|0|game_1_app_id|1|test|2|231|20|10|37|0|0|0
ItemFlow|928|2014-11-20 15:55:26|0|game_1_app_id|1|test|12|263|190|20|37|0|0|0
ItemFlow|928|2014-11-20 15:55:26|0|game_1_app_id|1|test|15|302|50|10|37|0|0|0
ItemFlow|928|2014-11-20 15:55:26|0|game_1_app_id|1|test|13|258|21|7|37|0|0|0
ItemFlow|928|2014-11-20 15:55:26|0|game_1_app_id|1|test|2|231|30|10|37|0|0|0
ItemFlow|928|2014-11-20 15:55:26|0|game_1_app_id|1|test|13|256|14|7|37|0|0|0
ItemFlow|928|2014-11-20 15:55:26|0|game_1_app_id|1|test|2|237|10|10|37|0|0|0
PlayerChestDrawFlow|928|2014-11-20 15:55:26|game_1_app_id|1|test|80|0|1680|1|7 -1 1 232 12 15 315 12 3 231 12 10 263 12 20 302 12 10 258 12 7 231 12 10 256 12 7 237 12 10|5
PlayerSystemModuleFlow|928|2014-11-20 15:55:35|game_1_app_id|1|test|80|5|0
MoneyFlow|928|2014-11-20 15:55:35|0|game_1_app_id|1|test|80|93425|1680|0|0|1|1|0
ItemFlow|928|2014-11-20 15:55:35|0|game_1_app_id|1|test|13|273|17|7|37|0|0|0
ItemFlow|928|2014-11-20 15:55:35|0|game_1_app_id|1|test|12|263|210|20|37|0|0|0
ItemFlow|928|2014-11-20 15:55:35|0|game_1_app_id|1|test|9|271|9|2|37|0|0|0
ItemFlow|928|2014-11-20 15:55:35|0|game_1_app_id|1|test|2|232|75|15|37|0|0|0
ItemFlow|928|2014-11-20 15:55:35|0|game_1_app_id|1|test|12|263|230|20|37|0|0|0
ItemFlow|928|2014-11-20 15:55:35|0|game_1_app_id|1|test|15|302|60|10|37|0|0|0
ItemFlow|928|2014-11-20 15:55:35|0|game_1_app_id|1|test|9|272|4|2|37|0|0|0
ItemFlow|928|2014-11-20 15:55:35|0|game_1_app_id|1|test|8|210|3|3|37|0|0|0
ItemFlow|928|2014-11-20 15:55:35|0|game_1_app_id|1|test|9|271|11|2|37|0|0|0
ItemFlow|928|2014-11-20 15:55:35|0|game_1_app_id|1|test|2|235|30|10|37|0|0|0
PlayerChestDrawFlow|928|2014-11-20 15:55:35|game_1_app_id|1|test|80|0|1680|1|7 -1 1 263 12 20 271 12 2 232 12 15 263 12 20 302 12 10 272 12 2 210 12 3 271 12 2 235 12 10|5
PlayerSystemModuleFlow|928|2014-11-20 15:55:45|game_1_app_id|1|test|80|5|0
MoneyFlow|928|2014-11-20 15:55:45|0|game_1_app_id|1|test|80|91745|1680|0|0|1|1|0
ItemFlow|928|2014-11-20 15:55:45|0|game_1_app_id|1|test|13|273|24|7|37|0|0|0
ItemFlow|928|2014-11-20 15:55:45|0|game_1_app_id|1|test|13|336|3|3|37|0|0|0
ItemFlow|928|2014-11-20 15:55:45|0|game_1_app_id|1|test|9|271|13|2|37|0|0|0
ItemFlow|928|2014-11-20 15:55:45|0|game_1_app_id|1|test|2|235|40|10|37|0|0|0
ItemFlow|928|2014-11-20 15:55:45|0|game_1_app_id|1|test|8|209|99|19|37|0|0|0
ItemFlow|928|2014-11-20 15:55:45|0|game_1_app_id|1|test|8|209|100|1|37|0|0|0
ItemFlow|928|2014-11-20 15:55:45|0|game_1_app_id|1|test|9|272|6|2|37|0|0|0
ItemFlow|928|2014-11-20 15:55:45|0|game_1_app_id|1|test|15|302|70|10|37|0|0|0
ItemFlow|928|2014-11-20 15:55:45|0|game_1_app_id|1|test|13|315|6|3|37|0|0|0
ItemFlow|928|2014-11-20 15:55:45|0|game_1_app_id|1|test|2|231|40|10|37|0|0|0
ItemFlow|928|2014-11-20 15:55:45|0|game_1_app_id|1|test|9|272|8|2|37|0|0|0
PlayerChestDrawFlow|928|2014-11-20 15:55:45|game_1_app_id|1|test|80|0|1680|1|7 -1 1 336 12 3 271 12 2 235 12 10 209 12 20 272 12 2 302 12 10 315 12 3 231 12 10 272 12 2|5
PlayerSystemModuleFlow|928|2014-11-20 15:55:55|game_1_app_id|1|test|80|5|0
MoneyFlow|928|2014-11-20 15:55:55|0|game_1_app_id|1|test|80|90065|1680|0|0|1|1|0
ItemFlow|928|2014-11-20 15:55:55|0|game_1_app_id|1|test|13|278|21|7|37|0|0|0
ItemFlow|928|2014-11-20 15:55:55|0|game_1_app_id|1|test|9|305|4|1|37|0|0|0
ItemFlow|928|2014-11-20 15:55:55|0|game_1_app_id|1|test|8|209|120|20|37|0|0|0
ItemFlow|928|2014-11-20 15:55:55|0|game_1_app_id|1|test|15|302|80|10|37|0|0|0
ItemFlow|928|2014-11-20 15:55:55|0|game_1_app_id|1|test|13|256|21|7|37|0|0|0
ItemFlow|928|2014-11-20 15:55:55|0|game_1_app_id|1|test|2|232|90|15|37|0|0|0
ItemFlow|928|2014-11-20 15:55:55|0|game_1_app_id|1|test|2|237|20|10|37|0|0|0
ItemFlow|928|2014-11-20 15:55:55|0|game_1_app_id|1|test|2|231|50|10|37|0|0|0
ItemFlow|928|2014-11-20 15:55:55|0|game_1_app_id|1|test|9|305|5|1|37|0|0|0
ItemFlow|928|2014-11-20 15:55:55|0|game_1_app_id|1|test|2|238|40|10|37|0|0|0
PlayerChestDrawFlow|928|2014-11-20 15:55:55|game_1_app_id|1|test|80|0|1680|1|12 -1 1 305 12 1 209 12 20 302 12 10 256 12 7 232 12 15 237 12 10 231 12 10 305 12 1 238 12 10|5
PlayerSystemModuleFlow|928|2014-11-20 15:56:03|game_1_app_id|1|test|80|5|0
MoneyFlow|928|2014-11-20 15:56:03|0|game_1_app_id|1|test|80|88385|1680|0|0|1|1|0
ItemFlow|928|2014-11-20 15:56:03|0|game_1_app_id|1|test|13|275|14|7|37|0|0|0
ItemFlow|928|2014-11-20 15:56:03|0|game_1_app_id|1|test|13|259|17|7|37|0|0|0
ItemFlow|928|2014-11-20 15:56:03|0|game_1_app_id|1|test|9|271|15|2|37|0|0|0
ItemFlow|928|2014-11-20 15:56:03|0|game_1_app_id|1|test|2|231|60|10|37|0|0|0
ItemFlow|928|2014-11-20 15:56:03|0|game_1_app_id|1|test|12|263|250|20|37|0|0|0
ItemFlow|928|2014-11-20 15:56:03|0|game_1_app_id|1|test|13|260|21|7|37|0|0|0
ItemFlow|928|2014-11-20 15:56:03|0|game_1_app_id|1|test|8|209|140|20|37|0|0|0
ItemFlow|928|2014-11-20 15:56:03|0|game_1_app_id|1|test|2|232|105|15|37|0|0|0
ItemFlow|928|2014-11-20 15:56:03|0|game_1_app_id|1|test|13|258|28|7|37|0|0|0
ItemFlow|928|2014-11-20 15:56:03|0|game_1_app_id|1|test|2|232|120|15|37|0|0|0
PlayerChestDrawFlow|928|2014-11-20 15:56:03|game_1_app_id|1|test|80|0|1680|1|9 -1 1 259 12 7 271 12 2 231 12 10 263 12 20 260 12 7 209 12 20 232 12 15 258 12 7 232 12 15|5
GameSvrState|2014-11-20 15:56:05|192.168.10.35
PlayerSystemModuleFlow|928|2014-11-20 15:56:12|game_1_app_id|1|test|80|5|0
MoneyFlow|928|2014-11-20 15:56:12|0|game_1_app_id|1|test|80|86705|1680|0|0|1|1|0
ItemFlow|928|2014-11-20 15:56:12|0|game_1_app_id|1|test|13|278|28|7|37|0|0|0
ItemFlow|928|2014-11-20 15:56:12|0|game_1_app_id|1|test|13|339|3|3|37|0|0|0
ItemFlow|928|2014-11-20 15:56:12|0|game_1_app_id|1|test|8|209|160|20|37|0|0|0
ItemFlow|928|2014-11-20 15:56:12|0|game_1_app_id|1|test|2|232|135|15|37|0|0|0
ItemFlow|928|2014-11-20 15:56:12|0|game_1_app_id|1|test|13|339|6|3|37|0|0|0
ItemFlow|928|2014-11-20 15:56:12|0|game_1_app_id|1|test|15|302|90|10|37|0|0|0
ItemFlow|928|2014-11-20 15:56:12|0|game_1_app_id|1|test|2|232|150|15|37|0|0|0
ItemFlow|928|2014-11-20 15:56:12|0|game_1_app_id|1|test|15|302|100|10|37|0|0|0
ItemFlow|928|2014-11-20 15:56:12|0|game_1_app_id|1|test|15|302|110|10|37|0|0|0
ItemFlow|928|2014-11-20 15:56:12|0|game_1_app_id|1|test|2|232|165|15|37|0|0|0
PlayerChestDrawFlow|928|2014-11-20 15:56:12|game_1_app_id|1|test|80|0|1680|1|12 -1 1 339 12 3 209 12 20 232 12 15 339 12 3 302 12 10 232 12 15 302 12 10 302 12 10 232 12 15|5
PlayerSystemModuleFlow|928|2014-11-20 15:56:20|game_1_app_id|1|test|80|5|0
MoneyFlow|928|2014-11-20 15:56:20|0|game_1_app_id|1|test|80|85025|1680|0|0|1|1|0
ItemFlow|928|2014-11-20 15:56:20|0|game_1_app_id|1|test|13|274|21|7|37|0|0|0
ItemFlow|928|2014-11-20 15:56:20|0|game_1_app_id|1|test|9|271|17|2|37|0|0|0
ItemFlow|928|2014-11-20 15:56:20|0|game_1_app_id|1|test|2|232|180|15|37|0|0|0
ItemFlow|928|2014-11-20 15:56:20|0|game_1_app_id|1|test|9|305|6|1|37|0|0|0
ItemFlow|928|2014-11-20 15:56:20|0|game_1_app_id|1|test|13|336|6|3|37|0|0|0
ItemFlow|928|2014-11-20 15:56:20|0|game_1_app_id|1|test|13|258|35|7|37|0|0|0
ItemFlow|928|2014-11-20 15:56:20|0|game_1_app_id|1|test|9|272|10|2|37|0|0|0
ItemFlow|928|2014-11-20 15:56:20|0|game_1_app_id|1|test|8|216|1|1|37|0|0|0
ItemFlow|928|2014-11-20 15:56:20|0|game_1_app_id|1|test|9|305|7|1|37|0|0|0
ItemFlow|928|2014-11-20 15:56:20|0|game_1_app_id|1|test|13|256|28|7|37|0|0|0
PlayerChestDrawFlow|928|2014-11-20 15:56:20|game_1_app_id|1|test|80|0|1680|1|8 -1 1 271 12 2 232 12 15 305 12 1 336 12 3 258 12 7 272 12 2 216 12 1 305 12 1 256 12 7|5
PlayerSystemModuleFlow|928|2014-11-20 15:56:29|game_1_app_id|1|test|80|5|0
MoneyFlow|928|2014-11-20 15:56:29|0|game_1_app_id|1|test|80|83345|1680|0|0|1|1|0
ItemFlow|928|2014-11-20 15:56:29|0|game_1_app_id|1|test|13|277|7|7|37|0|0|0
ItemFlow|928|2014-11-20 15:56:29|0|game_1_app_id|1|test|12|263|270|20|37|0|0|0
ItemFlow|928|2014-11-20 15:56:29|0|game_1_app_id|1|test|2|231|70|10|37|0|0|0
ItemFlow|928|2014-11-20 15:56:29|0|game_1_app_id|1|test|2|236|20|10|37|0|0|0
ItemFlow|928|2014-11-20 15:56:29|0|game_1_app_id|1|test|2|232|195|15|37|0|0|0
ItemFlow|928|2014-11-20 15:56:29|0|game_1_app_id|1|test|2|232|210|15|37|0|0|0
ItemFlow|928|2014-11-20 15:56:29|0|game_1_app_id|1|test|13|315|9|3|37|0|0|0
ItemFlow|928|2014-11-20 15:56:29|0|game_1_app_id|1|test|2|238|50|10|37|0|0|0
ItemFlow|928|2014-11-20 15:56:29|0|game_1_app_id|1|test|2|231|80|10|37|0|0|0
ItemFlow|928|2014-11-20 15:56:29|0|game_1_app_id|1|test|9|305|8|1|37|0|0|0
PlayerChestDrawFlow|928|2014-11-20 15:56:29|game_1_app_id|1|test|80|0|1680|1|11 -1 1 263 12 20 231 12 10 236 12 10 232 12 15 232 12 15 315 12 3 238 12 10 231 12 10 305 12 1|5
PlayerSystemModuleFlow|928|2014-11-20 15:56:38|game_1_app_id|1|test|80|5|0
MoneyFlow|928|2014-11-20 15:56:38|0|game_1_app_id|1|test|80|81665|1680|0|0|1|1|0
ItemFlow|928|2014-11-20 15:56:38|0|game_1_app_id|1|test|13|278|35|7|37|0|0|0
ItemFlow|928|2014-11-20 15:56:38|0|game_1_app_id|1|test|8|216|2|1|37|0|0|0
ItemFlow|928|2014-11-20 15:56:38|0|game_1_app_id|1|test|2|232|225|15|37|0|0|0
ItemFlow|928|2014-11-20 15:56:38|0|game_1_app_id|1|test|13|313|3|3|37|0|0|0
ItemFlow|928|2014-11-20 15:56:38|0|game_1_app_id|1|test|2|232|240|15|37|0|0|0
ItemFlow|928|2014-11-20 15:56:38|0|game_1_app_id|1|test|2|237|30|10|37|0|0|0
ItemFlow|928|2014-11-20 15:56:38|0|game_1_app_id|1|test|2|231|90|10|37|0|0|0
ItemFlow|928|2014-11-20 15:56:38|0|game_1_app_id|1|test|13|257|14|7|37|0|0|0
ItemFlow|928|2014-11-20 15:56:38|0|game_1_app_id|1|test|12|263|290|20|37|0|0|0
ItemFlow|928|2014-11-20 15:56:38|0|game_1_app_id|1|test|9|272|12|2|37|0|0|0
PlayerChestDrawFlow|928|2014-11-20 15:56:38|game_1_app_id|1|test|80|0|1680|1|12 -1 1 216 12 1 232 12 15 313 12 3 232 12 15 237 12 10 231 12 10 257 12 7 263 12 20 272 12 2|5
PlayerSystemModuleFlow|928|2014-11-20 15:56:45|game_1_app_id|1|test|80|5|0
MoneyFlow|928|2014-11-20 15:56:45|0|game_1_app_id|1|test|80|79985|1680|0|0|1|1|0
ItemFlow|928|2014-11-20 15:56:45|0|game_1_app_id|1|test|13|273|31|7|37|0|0|0
ItemFlow|928|2014-11-20 15:56:45|0|game_1_app_id|1|test|2|231|100|10|37|0|0|0
ItemFlow|928|2014-11-20 15:56:45|0|game_1_app_id|1|test|2|232|255|15|37|0|0|0
ItemFlow|928|2014-11-20 15:56:45|0|game_1_app_id|1|test|2|231|110|10|37|0|0|0
ItemFlow|928|2014-11-20 15:56:45|0|game_1_app_id|1|test|15|302|120|10|37|0|0|0
ItemFlow|928|2014-11-20 15:56:45|0|game_1_app_id|1|test|9|272|14|2|37|0|0|0
ItemFlow|928|2014-11-20 15:56:45|0|game_1_app_id|1|test|9|305|9|1|37|0|0|0
ItemFlow|928|2014-11-20 15:56:45|0|game_1_app_id|1|test|9|305|10|1|37|0|0|0
ItemFlow|928|2014-11-20 15:56:45|0|game_1_app_id|1|test|12|263|310|20|37|0|0|0
ItemFlow|928|2014-11-20 15:56:45|0|game_1_app_id|1|test|13|256|35|7|37|0|0|0
PlayerChestDrawFlow|928|2014-11-20 15:56:45|game_1_app_id|1|test|80|0|1680|1|7 -1 1 231 12 10 232 12 15 231 12 10 302 12 10 272 12 2 305 12 1 305 12 1 263 12 20 256 12 7|5
PlayerSystemModuleFlow|928|2014-11-20 15:56:53|game_1_app_id|1|test|80|5|0
MoneyFlow|928|2014-11-20 15:56:53|0|game_1_app_id|1|test|80|78305|1680|0|0|1|1|0
ItemFlow|928|2014-11-20 15:56:53|0|game_1_app_id|1|test|13|273|38|7|37|0|0|0
ItemFlow|928|2014-11-20 15:56:53|0|game_1_app_id|1|test|2|237|40|10|37|0|0|0
ItemFlow|928|2014-11-20 15:56:53|0|game_1_app_id|1|test|2|236|30|10|37|0|0|0
ItemFlow|928|2014-11-20 15:56:53|0|game_1_app_id|1|test|2|236|40|10|37|0|0|0
ItemFlow|928|2014-11-20 15:56:53|0|game_1_app_id|1|test|2|232|270|15|37|0|0|0
ItemFlow|928|2014-11-20 15:56:53|0|game_1_app_id|1|test|2|235|50|10|37|0|0|0
ItemFlow|928|2014-11-20 15:56:53|0|game_1_app_id|1|test|12|263|340|30|37|0|0|0
ItemFlow|928|2014-11-20 15:56:53|0|game_1_app_id|1|test|9|305|11|1|37|0|0|0
ItemFlow|928|2014-11-20 15:56:53|0|game_1_app_id|1|test|13|337|3|3|37|0|0|0
ItemFlow|928|2014-11-20 15:56:53|0|game_1_app_id|1|test|9|305|12|1|37|0|0|0
PlayerChestDrawFlow|928|2014-11-20 15:56:53|game_1_app_id|1|test|80|0|1680|1|7 -1 1 237 12 10 236 12 10 236 12 10 232 12 15 235 12 10 263 12 30 305 12 1 337 12 3 305 12 1|5
GameSvrState|2014-11-20 15:57:05|192.168.10.35
PlayerSystemModuleFlow|928|2014-11-20 15:57:08|game_1_app_id|1|test|80|5|0
MoneyFlow|928|2014-11-20 15:57:08|0|game_1_app_id|1|test|80|76625|1680|0|0|1|1|0
ItemFlow|928|2014-11-20 15:57:08|0|game_1_app_id|1|test|13|273|45|7|37|0|0|0
ItemFlow|928|2014-11-20 15:57:08|0|game_1_app_id|1|test|13|316|3|3|37|0|0|0
ItemFlow|928|2014-11-20 15:57:08|0|game_1_app_id|1|test|8|213|10|5|37|0|0|0
ItemFlow|928|2014-11-20 15:57:08|0|game_1_app_id|1|test|8|209|180|20|37|0|0|0
ItemFlow|928|2014-11-20 15:57:08|0|game_1_app_id|1|test|13|278|38|3|37|0|0|0
ItemFlow|928|2014-11-20 15:57:08|0|game_1_app_id|1|test|13|278|41|3|37|0|0|0
ItemFlow|928|2014-11-20 15:57:08|0|game_1_app_id|1|test|9|305|13|1|37|0|0|0
ItemFlow|928|2014-11-20 15:57:08|0|game_1_app_id|1|test|2|235|60|10|37|0|0|0
ItemFlow|928|2014-11-20 15:57:08|0|game_1_app_id|1|test|15|302|130|10|37|0|0|0
ItemFlow|928|2014-11-20 15:57:08|0|game_1_app_id|1|test|13|315|12|3|37|0|0|0
PlayerChestDrawFlow|928|2014-11-20 15:57:08|game_1_app_id|1|test|80|0|1680|1|7 -1 1 316 12 3 213 12 5 209 12 20 278 12 3 278 12 3 305 12 1 235 12 10 302 12 10 315 12 3|5
PlayerSystemModuleFlow|928|2014-11-20 15:57:22|game_1_app_id|1|test|80|5|0
MoneyFlow|928|2014-11-20 15:57:22|0|game_1_app_id|1|test|80|74945|1680|0|0|1|1|0
ItemFlow|928|2014-11-20 15:57:22|0|game_1_app_id|1|test|13|277|14|7|37|0|0|0
ItemFlow|928|2014-11-20 15:57:22|0|game_1_app_id|1|test|9|305|14|1|37|0|0|0
ItemFlow|928|2014-11-20 15:57:22|0|game_1_app_id|1|test|13|257|21|7|37|0|0|0
ItemFlow|928|2014-11-20 15:57:22|0|game_1_app_id|1|test|2|231|120|10|37|0|0|0
ItemFlow|928|2014-11-20 15:57:22|0|game_1_app_id|1|test|2|236|50|10|37|0|0|0
ItemFlow|928|2014-11-20 15:57:22|0|game_1_app_id|1|test|9|272|16|2|37|0|0|0
ItemFlow|928|2014-11-20 15:57:22|0|game_1_app_id|1|test|15|303|30|10|37|0|0|0
ItemFlow|928|2014-11-20 15:57:22|0|game_1_app_id|1|test|2|232|285|15|37|0|0|0
ItemFlow|928|2014-11-20 15:57:22|0|game_1_app_id|1|test|13|256|42|7|37|0|0|0
ItemFlow|928|2014-11-20 15:57:22|0|game_1_app_id|1|test|9|305|15|1|37|0|0|0
PlayerChestDrawFlow|928|2014-11-20 15:57:22|game_1_app_id|1|test|80|0|1680|1|11 -1 1 305 12 1 257 12 7 231 12 10 236 12 10 272 12 2 303 12 10 232 12 15 256 12 7 305 12 1|5
PlayerSystemModuleFlow|928|2014-11-20 15:57:30|game_1_app_id|1|test|80|5|0
MoneyFlow|928|2014-11-20 15:57:30|0|game_1_app_id|1|test|80|73265|1680|0|0|1|1|0
ItemFlow|928|2014-11-20 15:57:30|0|game_1_app_id|1|test|13|273|52|7|37|0|0|0
ItemFlow|928|2014-11-20 15:57:30|0|game_1_app_id|1|test|9|271|19|2|37|0|0|0
ItemFlow|928|2014-11-20 15:57:30|0|game_1_app_id|1|test|13|256|49|7|37|0|0|0
ItemFlow|928|2014-11-20 15:57:30|0|game_1_app_id|1|test|15|302|140|10|37|0|0|0
ItemFlow|928|2014-11-20 15:57:30|0|game_1_app_id|1|test|2|231|130|10|37|0|0|0
ItemFlow|928|2014-11-20 15:57:30|0|game_1_app_id|1|test|12|263|360|20|37|0|0|0
ItemFlow|928|2014-11-20 15:57:30|0|game_1_app_id|1|test|13|260|28|7|37|0|0|0
ItemFlow|928|2014-11-20 15:57:30|0|game_1_app_id|1|test|9|305|16|1|37|0|0|0
ItemFlow|928|2014-11-20 15:57:30|0|game_1_app_id|1|test|9|272|18|2|37|0|0|0
ItemFlow|928|2014-11-20 15:57:30|0|game_1_app_id|1|test|15|302|150|10|37|0|0|0
PlayerChestDrawFlow|928|2014-11-20 15:57:30|game_1_app_id|1|test|80|0|1680|1|7 -1 1 271 12 2 256 12 7 302 12 10 231 12 10 263 12 20 260 12 7 305 12 1 272 12 2 302 12 10|5
PlayerSystemModuleFlow|928|2014-11-20 15:57:38|game_1_app_id|1|test|80|5|0
MoneyFlow|928|2014-11-20 15:57:38|0|game_1_app_id|1|test|80|71585|1680|0|0|1|1|0
ItemFlow|928|2014-11-20 15:57:38|0|game_1_app_id|1|test|13|274|28|7|37|0|0|0
ItemFlow|928|2014-11-20 15:57:38|0|game_1_app_id|1|test|2|231|140|10|37|0|0|0
ItemFlow|928|2014-11-20 15:57:38|0|game_1_app_id|1|test|8|213|15|5|37|0|0|0
ItemFlow|928|2014-11-20 15:57:38|0|game_1_app_id|1|test|8|214|1|1|37|0|0|0
ItemFlow|928|2014-11-20 15:57:38|0|game_1_app_id|1|test|8|217|1|1|37|0|0|0
ItemFlow|928|2014-11-20 15:57:38|0|game_1_app_id|1|test|8|209|198|18|37|0|0|0
ItemFlow|928|2014-11-20 15:57:38|0|game_1_app_id|1|test|8|209|200|2|37|0|0|0
ItemFlow|928|2014-11-20 15:57:38|0|game_1_app_id|1|test|13|274|31|3|37|0|0|0
ItemFlow|928|2014-11-20 15:57:38|0|game_1_app_id|1|test|13|259|24|7|37|0|0|0
ItemFlow|928|2014-11-20 15:57:38|0|game_1_app_id|1|test|15|302|160|10|37|0|0|0
ItemFlow|928|2014-11-20 15:57:38|0|game_1_app_id|1|test|2|232|300|15|37|0|0|0
PlayerChestDrawFlow|928|2014-11-20 15:57:38|game_1_app_id|1|test|80|0|1680|1|8 -1 1 231 12 10 213 12 5 214 12 1 217 12 1 209 12 20 274 12 3 259 12 7 302 12 10 232 12 15|5
PlayerSystemModuleFlow|928|2014-11-20 15:57:49|game_1_app_id|1|test|80|5|0
MoneyFlow|928|2014-11-20 15:57:49|0|game_1_app_id|1|test|80|69905|1680|0|0|1|1|0
ItemFlow|928|2014-11-20 15:57:49|0|game_1_app_id|1|test|13|275|21|7|37|0|0|0
ItemFlow|928|2014-11-20 15:57:49|0|game_1_app_id|1|test|2|231|150|10|37|0|0|0
ItemFlow|928|2014-11-20 15:57:49|0|game_1_app_id|1|test|2|235|70|10|37|0|0|0
ItemFlow|928|2014-11-20 15:57:49|0|game_1_app_id|1|test|13|338|3|3|37|0|0|0
ItemFlow|928|2014-11-20 15:57:49|0|game_1_app_id|1|test|8|209|220|20|37|0|0|0
ItemFlow|928|2014-11-20 15:57:49|0|game_1_app_id|1|test|13|315|15|3|37|0|0|0
ItemFlow|928|2014-11-20 15:57:49|0|game_1_app_id|1|test|2|232|315|15|37|0|0|0
ItemFlow|928|2014-11-20 15:57:49|0|game_1_app_id|1|test|8|209|240|20|37|0|0|0
ItemFlow|928|2014-11-20 15:57:49|0|game_1_app_id|1|test|12|263|380|20|37|0|0|0
ItemFlow|928|2014-11-20 15:57:49|0|game_1_app_id|1|test|2|237|50|10|37|0|0|0
PlayerChestDrawFlow|928|2014-11-20 15:57:49|game_1_app_id|1|test|80|0|1680|1|9 -1 1 231 12 10 235 12 10 338 12 3 209 12 20 315 12 3 232 12 15 209 12 20 263 12 20 237 12 10|5
PlayerSystemModuleFlow|928|2014-11-20 15:57:59|game_1_app_id|1|test|80|5|0
MoneyFlow|928|2014-11-20 15:57:59|0|game_1_app_id|1|test|80|68225|1680|0|0|1|1|0
ItemFlow|928|2014-11-20 15:57:59|0|game_1_app_id|1|test|13|275|28|7|37|0|0|0
ItemFlow|928|2014-11-20 15:57:59|0|game_1_app_id|1|test|12|263|400|20|37|0|0|0
ItemFlow|928|2014-11-20 15:57:59|0|game_1_app_id|1|test|12|263|420|20|37|0|0|0
ItemFlow|928|2014-11-20 15:57:59|0|game_1_app_id|1|test|15|302|170|10|37|0|0|0
ItemFlow|928|2014-11-20 15:57:59|0|game_1_app_id|1|test|8|211|6|1|37|0|0|0
ItemFlow|928|2014-11-20 15:57:59|0|game_1_app_id|1|test|9|272|20|2|37|0|0|0
ItemFlow|928|2014-11-20 15:57:59|0|game_1_app_id|1|test|9|271|21|2|37|0|0|0
ItemFlow|928|2014-11-20 15:57:59|0|game_1_app_id|1|test|12|263|440|20|37|0|0|0
ItemFlow|928|2014-11-20 15:57:59|0|game_1_app_id|1|test|8|210|6|3|37|0|0|0
ItemFlow|928|2014-11-20 15:57:59|0|game_1_app_id|1|test|2|231|160|10|37|0|0|0
PlayerChestDrawFlow|928|2014-11-20 15:57:59|game_1_app_id|1|test|80|0|1680|1|9 -1 1 263 12 20 263 12 20 302 12 10 211 12 1 272 12 2 271 12 2 263 12 20 210 12 3 231 12 10|5
GameSvrState|2014-11-20 15:58:05|192.168.10.35
PlayerSystemModuleFlow|928|2014-11-20 15:58:07|game_1_app_id|1|test|80|5|0
MoneyFlow|928|2014-11-20 15:58:07|0|game_1_app_id|1|test|80|66545|1680|0|0|1|1|0
ItemFlow|928|2014-11-20 15:58:07|0|game_1_app_id|1|test|13|277|21|7|37|0|0|0
ItemFlow|928|2014-11-20 15:58:07|0|game_1_app_id|1|test|12|263|460|20|37|0|0|0
ItemFlow|928|2014-11-20 15:58:07|0|game_1_app_id|1|test|9|271|23|2|37|0|0|0
ItemFlow|928|2014-11-20 15:58:07|0|game_1_app_id|1|test|2|232|330|15|37|0|0|0
ItemFlow|928|2014-11-20 15:58:07|0|game_1_app_id|1|test|9|271|25|2|37|0|0|0
ItemFlow|928|2014-11-20 15:58:07|0|game_1_app_id|1|test|9|305|17|1|37|0|0|0
ItemFlow|928|2014-11-20 15:58:07|0|game_1_app_id|1|test|13|258|42|7|37|0|0|0
ItemFlow|928|2014-11-20 15:58:07|0|game_1_app_id|1|test|2|238|60|10|37|0|0|0
ItemFlow|928|2014-11-20 15:58:07|0|game_1_app_id|1|test|13|258|49|7|37|0|0|0
ItemFlow|928|2014-11-20 15:58:07|0|game_1_app_id|1|test|2|231|170|10|37|0|0|0
PlayerChestDrawFlow|928|2014-11-20 15:58:07|game_1_app_id|1|test|80|0|1680|1|11 -1 1 263 12 20 271 12 2 232 12 15 271 12 2 305 12 1 258 12 7 238 12 10 258 12 7 231 12 10|5
PlayerSystemModuleFlow|928|2014-11-20 15:58:13|game_1_app_id|1|test|80|5|0
MoneyFlow|928|2014-11-20 15:58:13|0|game_1_app_id|1|test|80|64865|1680|0|0|1|1|0
ItemFlow|928|2014-11-20 15:58:13|0|game_1_app_id|1|test|13|274|38|7|37|0|0|0
ItemFlow|928|2014-11-20 15:58:13|0|game_1_app_id|1|test|2|232|345|15|37|0|0|0
ItemFlow|928|2014-11-20 15:58:13|0|game_1_app_id|1|test|13|261|7|7|37|0|0|0
ItemFlow|928|2014-11-20 15:58:13|0|game_1_app_id|1|test|15|302|180|10|37|0|0|0
ItemFlow|928|2014-11-20 15:58:13|0|game_1_app_id|1|test|2|238|70|10|37|0|0|0
ItemFlow|928|2014-11-20 15:58:13|0|game_1_app_id|1|test|15|302|190|10|37|0|0|0
ItemFlow|928|2014-11-20 15:58:13|0|game_1_app_id|1|test|2|238|80|10|37|0|0|0
ItemFlow|928|2014-11-20 15:58:13|0|game_1_app_id|1|test|2|232|360|15|37|0|0|0
ItemFlow|928|2014-11-20 15:58:13|0|game_1_app_id|1|test|13|274|41|3|37|0|0|0
ItemFlow|928|2014-11-20 15:58:13|0|game_1_app_id|1|test|2|232|375|15|37|0|0|0
PlayerChestDrawFlow|928|2014-11-20 15:58:13|game_1_app_id|1|test|80|0|1680|1|8 -1 1 232 12 15 261 12 7 302 12 10 238 12 10 302 12 10 238 12 10 232 12 15 274 12 3 232 12 15|5
GameSvrState|2014-11-20 15:59:05|192.168.10.35
