GameSvrState|2014-11-20 17:38:43|192.168.10.35
PlayerLogin|928|2014-11-20 17:38:49|game_1_app_id|1|test|80|0|7966||HTML5||WiFi|0|0|0|0||0|||
PlayerLogout|928|2014-11-20 17:38:49|game_1_app_id|1|test|0|80|0|7966||HTML5||WiFi|0|0|0|0||0||||0
PlayerLogin|928|2014-11-20 17:39:02|game_1_app_id|1|test|80|0|7966||HTML5||WiFi|0|0|0|0||0|||
PlayerFightNumFlow|928|2014-11-20 17:39:02|game_1_app_id|1|test|80|0|17820
PlayerSystemModuleFlow|928|2014-11-20 17:39:09|game_1_app_id|1|test|80|17|0
PlayerFightNumFlow|928|2014-11-20 17:39:09|game_1_app_id|1|test|80|0|17790
GhostSwordUpgradeFlow|928|2014-11-20 17:39:21|game_1_app_id|1|test|7|2 1|1|1|80|0
PlayerSystemModuleFlow|928|2014-11-20 17:39:21|game_1_app_id|1|test|80|17|0
PlayerSystemModuleFlow|928|2014-11-20 17:39:29|game_1_app_id|1|test|80|17|0
MoneyFlow|928|2014-11-20 17:39:29|0|game_1_app_id|1|test|80|93010|1000|1|0|1|0|0
MoneyFlow|928|2014-11-20 17:39:29|0|game_1_app_id|1|test|80|93510|500|1|0|0|0|0
PlayerSwordDrawFlow|928|2014-11-20 17:39:29|game_1_app_id|1|test|80|0|1000|0|0
PlayerSystemModuleFlow|928|2014-11-20 17:39:30|game_1_app_id|1|test|80|17|0
MoneyFlow|928|2014-11-20 17:39:30|0|game_1_app_id|1|test|80|92510|1000|1|0|1|0|0
MoneyFlow|928|2014-11-20 17:39:30|0|game_1_app_id|1|test|80|93010|500|1|0|0|0|0
PlayerSwordDrawFlow|928|2014-11-20 17:39:30|game_1_app_id|1|test|80|0|1000|0|0
PlayerSystemModuleFlow|928|2014-11-20 17:39:31|game_1_app_id|1|test|80|17|0
MoneyFlow|928|2014-11-20 17:39:31|0|game_1_app_id|1|test|80|91010|2000|1|0|1|0|0
MoneyFlow|928|2014-11-20 17:39:31|0|game_1_app_id|1|test|80|91510|500|1|0|0|0|0
PlayerSwordDrawFlow|928|2014-11-20 17:39:31|game_1_app_id|1|test|80|0|2000|0|0
PlayerSystemModuleFlow|928|2014-11-20 17:39:32|game_1_app_id|1|test|80|17|0
MoneyFlow|928|2014-11-20 17:39:32|0|game_1_app_id|1|test|80|90510|1000|1|0|1|0|0
ItemFlow|928|2014-11-20 17:39:32|0|game_1_app_id|1|test|14|6|0|1|38|0|0|0
PlayerSwordDrawFlow|928|2014-11-20 17:39:32|game_1_app_id|1|test|80|0|1000|0|6
PlayerSystemModuleFlow|928|2014-11-20 17:39:33|game_1_app_id|1|test|80|17|0
MoneyFlow|928|2014-11-20 17:39:33|0|game_1_app_id|1|test|80|88510|2000|1|0|1|0|0
ItemFlow|928|2014-11-20 17:39:33|0|game_1_app_id|1|test|14|6|0|1|38|0|0|0
PlayerSwordDrawFlow|928|2014-11-20 17:39:33|game_1_app_id|1|test|80|0|2000|0|6
PlayerSystemModuleFlow|928|2014-11-20 17:39:35|game_1_app_id|1|test|80|17|0
MoneyFlow|928|2014-11-20 17:39:35|0|game_1_app_id|1|test|80|85510|3000|1|0|1|0|0
MoneyFlow|928|2014-11-20 17:39:35|0|game_1_app_id|1|test|80|86010|500|1|0|0|0|0
PlayerSwordDrawFlow|928|2014-11-20 17:39:35|game_1_app_id|1|test|80|0|3000|0|0
PlayerSystemModuleFlow|928|2014-11-20 17:39:36|game_1_app_id|1|test|80|17|0
MoneyFlow|928|2014-11-20 17:39:36|0|game_1_app_id|1|test|80|85010|1000|1|0|1|0|0
MoneyFlow|928|2014-11-20 17:39:36|0|game_1_app_id|1|test|80|85510|500|1|0|0|0|0
PlayerSwordDrawFlow|928|2014-11-20 17:39:36|game_1_app_id|1|test|80|0|1000|0|0
PlayerSystemModuleFlow|928|2014-11-20 17:39:37|game_1_app_id|1|test|80|17|0
MoneyFlow|928|2014-11-20 17:39:37|0|game_1_app_id|1|test|80|83510|2000|1|0|1|0|0
MoneyFlow|928|2014-11-20 17:39:37|0|game_1_app_id|1|test|80|84010|500|1|0|0|0|0
PlayerSwordDrawFlow|928|2014-11-20 17:39:37|game_1_app_id|1|test|80|0|2000|0|0
PlayerSystemModuleFlow|928|2014-11-20 17:39:38|game_1_app_id|1|test|80|17|0
MoneyFlow|928|2014-11-20 17:39:38|0|game_1_app_id|1|test|80|83010|1000|1|0|1|0|0
MoneyFlow|928|2014-11-20 17:39:38|0|game_1_app_id|1|test|80|83510|500|1|0|0|0|0
PlayerSwordDrawFlow|928|2014-11-20 17:39:38|game_1_app_id|1|test|80|0|1000|0|0
PlayerSystemModuleFlow|928|2014-11-20 17:39:39|game_1_app_id|1|test|80|17|0
MoneyFlow|928|2014-11-20 17:39:39|0|game_1_app_id|1|test|80|81510|2000|1|0|1|0|0
MoneyFlow|928|2014-11-20 17:39:39|0|game_1_app_id|1|test|80|82010|500|1|0|0|0|0
PlayerSwordDrawFlow|928|2014-11-20 17:39:39|game_1_app_id|1|test|80|0|2000|0|0
PlayerSystemModuleFlow|928|2014-11-20 17:39:40|game_1_app_id|1|test|80|17|0
MoneyFlow|928|2014-11-20 17:39:40|0|game_1_app_id|1|test|80|81010|1000|1|0|1|0|0
MoneyFlow|928|2014-11-20 17:39:40|0|game_1_app_id|1|test|80|81510|500|1|0|0|0|0
PlayerSwordDrawFlow|928|2014-11-20 17:39:40|game_1_app_id|1|test|80|0|1000|0|0
PlayerSystemModuleFlow|928|2014-11-20 17:39:41|game_1_app_id|1|test|80|17|0
MoneyFlow|928|2014-11-20 17:39:41|0|game_1_app_id|1|test|80|80510|1000|1|0|1|0|0
MoneyFlow|928|2014-11-20 17:39:41|0|game_1_app_id|1|test|80|81010|500|1|0|0|0|0
PlayerSwordDrawFlow|928|2014-11-20 17:39:41|game_1_app_id|1|test|80|0|1000|0|0
PlayerSystemModuleFlow|928|2014-11-20 17:39:42|game_1_app_id|1|test|80|17|0
MoneyFlow|928|2014-11-20 17:39:42|0|game_1_app_id|1|test|80|79010|2000|1|0|1|0|0
ItemFlow|928|2014-11-20 17:39:42|0|game_1_app_id|1|test|14|6|0|1|38|0|0|0
PlayerSwordDrawFlow|928|2014-11-20 17:39:42|game_1_app_id|1|test|80|0|2000|0|6
GameSvrState|2014-11-20 17:39:43|192.168.10.35
PlayerSystemModuleFlow|928|2014-11-20 17:39:43|game_1_app_id|1|test|80|17|0
MoneyFlow|928|2014-11-20 17:39:43|0|game_1_app_id|1|test|80|78010|1000|1|0|1|0|0
MoneyFlow|928|2014-11-20 17:39:43|0|game_1_app_id|1|test|80|78510|500|1|0|0|0|0
PlayerSwordDrawFlow|928|2014-11-20 17:39:43|game_1_app_id|1|test|80|0|1000|0|0
PlayerSystemModuleFlow|928|2014-11-20 17:39:45|game_1_app_id|1|test|80|17|0
MoneyFlow|928|2014-11-20 17:39:45|0|game_1_app_id|1|test|80|76510|2000|1|0|1|0|0
ItemFlow|928|2014-11-20 17:39:45|0|game_1_app_id|1|test|14|2|0|1|38|0|0|0
PlayerSwordDrawFlow|928|2014-11-20 17:39:45|game_1_app_id|1|test|80|0|2000|0|2
PlayerSystemModuleFlow|928|2014-11-20 17:39:46|game_1_app_id|1|test|80|17|0
MoneyFlow|928|2014-11-20 17:39:46|0|game_1_app_id|1|test|80|75510|1000|1|0|1|0|0
MoneyFlow|928|2014-11-20 17:39:46|0|game_1_app_id|1|test|80|76010|500|1|0|0|0|0
PlayerSwordDrawFlow|928|2014-11-20 17:39:46|game_1_app_id|1|test|80|0|1000|0|0
PlayerSystemModuleFlow|928|2014-11-20 17:39:48|game_1_app_id|1|test|80|17|0
MoneyFlow|928|2014-11-20 17:39:48|0|game_1_app_id|1|test|80|75010|1000|1|0|1|0|0
MoneyFlow|928|2014-11-20 17:39:48|0|game_1_app_id|1|test|80|75510|500|1|0|0|0|0
PlayerSwordDrawFlow|928|2014-11-20 17:39:48|game_1_app_id|1|test|80|0|1000|0|0
PlayerSystemModuleFlow|928|2014-11-20 17:39:48|game_1_app_id|1|test|80|17|0
MoneyFlow|928|2014-11-20 17:39:48|0|game_1_app_id|1|test|80|74510|1000|1|0|1|0|0
MoneyFlow|928|2014-11-20 17:39:48|0|game_1_app_id|1|test|80|75010|500|1|0|0|0|0
PlayerSwordDrawFlow|928|2014-11-20 17:39:48|game_1_app_id|1|test|80|0|1000|0|0
PlayerSystemModuleFlow|928|2014-11-20 17:39:49|game_1_app_id|1|test|80|17|0
MoneyFlow|928|2014-11-20 17:39:49|0|game_1_app_id|1|test|80|74010|1000|1|0|1|0|0
ItemFlow|928|2014-11-20 17:39:49|0|game_1_app_id|1|test|14|6|0|1|38|0|0|0
PlayerSwordDrawFlow|928|2014-11-20 17:39:49|game_1_app_id|1|test|80|0|1000|0|6
PlayerSystemModuleFlow|928|2014-11-20 17:39:50|game_1_app_id|1|test|80|17|0
MoneyFlow|928|2014-11-20 17:39:50|0|game_1_app_id|1|test|80|73010|1000|1|0|1|0|0
MoneyFlow|928|2014-11-20 17:39:50|0|game_1_app_id|1|test|80|73510|500|1|0|0|0|0
PlayerSwordDrawFlow|928|2014-11-20 17:39:50|game_1_app_id|1|test|80|0|1000|0|0
PlayerSystemModuleFlow|928|2014-11-20 17:39:50|game_1_app_id|1|test|80|17|0
MoneyFlow|928|2014-11-20 17:39:50|0|game_1_app_id|1|test|80|72510|1000|1|0|1|0|0
MoneyFlow|928|2014-11-20 17:39:50|0|game_1_app_id|1|test|80|73010|500|1|0|0|0|0
PlayerSwordDrawFlow|928|2014-11-20 17:39:50|game_1_app_id|1|test|80|0|1000|0|0
PlayerSystemModuleFlow|928|2014-11-20 17:39:52|game_1_app_id|1|test|80|17|0
MoneyFlow|928|2014-11-20 17:39:52|0|game_1_app_id|1|test|80|72010|1000|1|0|1|0|0
ItemFlow|928|2014-11-20 17:39:52|0|game_1_app_id|1|test|14|2|0|1|38|0|0|0
PlayerSwordDrawFlow|928|2014-11-20 17:39:52|game_1_app_id|1|test|80|0|1000|0|2
PlayerSystemModuleFlow|928|2014-11-20 17:39:53|game_1_app_id|1|test|80|17|0
MoneyFlow|928|2014-11-20 17:39:53|0|game_1_app_id|1|test|80|70010|2000|1|0|1|0|0
ItemFlow|928|2014-11-20 17:39:53|0|game_1_app_id|1|test|14|2|0|1|38|0|0|0
PlayerSwordDrawFlow|928|2014-11-20 17:39:53|game_1_app_id|1|test|80|0|2000|0|2
PlayerSystemModuleFlow|928|2014-11-20 17:39:54|game_1_app_id|1|test|80|17|0
MoneyFlow|928|2014-11-20 17:39:54|0|game_1_app_id|1|test|80|69010|1000|1|0|1|0|0
MoneyFlow|928|2014-11-20 17:39:54|0|game_1_app_id|1|test|80|69510|500|1|0|0|0|0
PlayerSwordDrawFlow|928|2014-11-20 17:39:54|game_1_app_id|1|test|80|0|1000|0|0
PlayerSystemModuleFlow|928|2014-11-20 17:39:54|game_1_app_id|1|test|80|17|0
MoneyFlow|928|2014-11-20 17:39:54|0|game_1_app_id|1|test|80|68510|1000|1|0|1|0|0
MoneyFlow|928|2014-11-20 17:39:54|0|game_1_app_id|1|test|80|69010|500|1|0|0|0|0
PlayerSwordDrawFlow|928|2014-11-20 17:39:54|game_1_app_id|1|test|80|0|1000|0|0
PlayerSystemModuleFlow|928|2014-11-20 17:39:57|game_1_app_id|1|test|80|17|0
MoneyFlow|928|2014-11-20 17:39:57|0|game_1_app_id|1|test|80|67010|2000|1|0|1|0|0
ItemFlow|928|2014-11-20 17:39:57|0|game_1_app_id|1|test|14|6|0|1|38|0|0|0
PlayerSwordDrawFlow|928|2014-11-20 17:39:57|game_1_app_id|1|test|80|0|2000|0|6
PlayerSystemModuleFlow|928|2014-11-20 17:40:06|game_1_app_id|1|test|80|17|0
MoneyFlow|928|2014-11-20 17:40:06|0|game_1_app_id|1|test|80|66010|1000|1|0|1|0|0
MoneyFlow|928|2014-11-20 17:40:06|0|game_1_app_id|1|test|80|66510|500|1|0|0|0|0
PlayerSwordDrawFlow|928|2014-11-20 17:40:06|game_1_app_id|1|test|80|0|1000|0|0
PlayerSystemModuleFlow|928|2014-11-20 17:40:07|game_1_app_id|1|test|80|17|0
MoneyFlow|928|2014-11-20 17:40:07|0|game_1_app_id|1|test|80|65510|1000|1|0|1|0|0
ItemFlow|928|2014-11-20 17:40:07|0|game_1_app_id|1|test|14|2|0|1|38|0|0|0
PlayerSwordDrawFlow|928|2014-11-20 17:40:07|game_1_app_id|1|test|80|0|1000|0|2
GhostSwordUpgradeFlow|928|2014-11-20 17:40:20|game_1_app_id|1|test|7|2 3 6 5|1|3|80|0
PlayerSystemModuleFlow|928|2014-11-20 17:40:20|game_1_app_id|1|test|80|17|0
PlayerSystemModuleFlow|928|2014-11-20 17:40:38|game_1_app_id|1|test|80|17|0
MoneyFlow|928|2014-11-20 17:40:38|0|game_1_app_id|1|test|80|64510|1000|1|0|1|0|0
ItemFlow|928|2014-11-20 17:40:38|0|game_1_app_id|1|test|14|2|0|1|38|0|0|0
PlayerSwordDrawFlow|928|2014-11-20 17:40:38|game_1_app_id|1|test|80|0|1000|0|2
PlayerSystemModuleFlow|928|2014-11-20 17:40:39|game_1_app_id|1|test|80|17|0
MoneyFlow|928|2014-11-20 17:40:39|0|game_1_app_id|1|test|80|63510|1000|1|0|1|0|0
MoneyFlow|928|2014-11-20 17:40:39|0|game_1_app_id|1|test|80|64010|500|1|0|0|0|0
PlayerSwordDrawFlow|928|2014-11-20 17:40:39|game_1_app_id|1|test|80|0|1000|0|0
PlayerSystemModuleFlow|928|2014-11-20 17:40:41|game_1_app_id|1|test|80|17|0
MoneyFlow|928|2014-11-20 17:40:41|0|game_1_app_id|1|test|80|62010|2000|1|0|1|0|0
MoneyFlow|928|2014-11-20 17:40:41|0|game_1_app_id|1|test|80|62510|500|1|0|0|0|0
PlayerSwordDrawFlow|928|2014-11-20 17:40:41|game_1_app_id|1|test|80|0|2000|0|0
PlayerSystemModuleFlow|928|2014-11-20 17:40:42|game_1_app_id|1|test|80|17|0
MoneyFlow|928|2014-11-20 17:40:42|0|game_1_app_id|1|test|80|61510|1000|1|0|1|0|0
ItemFlow|928|2014-11-20 17:40:42|0|game_1_app_id|1|test|14|2|0|1|38|0|0|0
PlayerSwordDrawFlow|928|2014-11-20 17:40:42|game_1_app_id|1|test|80|0|1000|0|2
GameSvrState|2014-11-20 17:40:43|192.168.10.35
PlayerSystemModuleFlow|928|2014-11-20 17:40:44|game_1_app_id|1|test|80|17|0
MoneyFlow|928|2014-11-20 17:40:44|0|game_1_app_id|1|test|80|60510|1000|1|0|1|0|0
MoneyFlow|928|2014-11-20 17:40:44|0|game_1_app_id|1|test|80|61010|500|1|0|0|0|0
PlayerSwordDrawFlow|928|2014-11-20 17:40:44|game_1_app_id|1|test|80|0|1000|0|0
PlayerSystemModuleFlow|928|2014-11-20 17:40:44|game_1_app_id|1|test|80|17|0
MoneyFlow|928|2014-11-20 17:40:44|0|game_1_app_id|1|test|80|60010|1000|1|0|1|0|0
MoneyFlow|928|2014-11-20 17:40:44|0|game_1_app_id|1|test|80|60510|500|1|0|0|0|0
PlayerSwordDrawFlow|928|2014-11-20 17:40:44|game_1_app_id|1|test|80|0|1000|0|0
PlayerSystemModuleFlow|928|2014-11-20 17:40:46|game_1_app_id|1|test|80|17|0
MoneyFlow|928|2014-11-20 17:40:46|0|game_1_app_id|1|test|80|58510|2000|1|0|1|0|0
MoneyFlow|928|2014-11-20 17:40:46|0|game_1_app_id|1|test|80|59010|500|1|0|0|0|0
PlayerSwordDrawFlow|928|2014-11-20 17:40:46|game_1_app_id|1|test|80|0|2000|0|0
PlayerSystemModuleFlow|928|2014-11-20 17:40:47|game_1_app_id|1|test|80|17|0
MoneyFlow|928|2014-11-20 17:40:47|0|game_1_app_id|1|test|80|56010|3000|1|0|1|0|0
ItemFlow|928|2014-11-20 17:40:47|0|game_1_app_id|1|test|14|31|0|1|38|0|0|0
PlayerSwordDrawFlow|928|2014-11-20 17:40:47|game_1_app_id|1|test|80|0|3000|0|31
PlayerSystemModuleFlow|928|2014-11-20 17:40:49|game_1_app_id|1|test|80|17|0
MoneyFlow|928|2014-11-20 17:40:49|0|game_1_app_id|1|test|80|55010|1000|1|0|1|0|0
MoneyFlow|928|2014-11-20 17:40:49|0|game_1_app_id|1|test|80|55510|500|1|0|0|0|0
PlayerSwordDrawFlow|928|2014-11-20 17:40:49|game_1_app_id|1|test|80|0|1000|0|0
PlayerSystemModuleFlow|928|2014-11-20 17:40:50|game_1_app_id|1|test|80|17|0
MoneyFlow|928|2014-11-20 17:40:50|0|game_1_app_id|1|test|80|54510|1000|1|0|1|0|0
MoneyFlow|928|2014-11-20 17:40:50|0|game_1_app_id|1|test|80|55010|500|1|0|0|0|0
PlayerSwordDrawFlow|928|2014-11-20 17:40:50|game_1_app_id|1|test|80|0|1000|0|0
PlayerSystemModuleFlow|928|2014-11-20 17:40:51|game_1_app_id|1|test|80|17|0
MoneyFlow|928|2014-11-20 17:40:51|0|game_1_app_id|1|test|80|54010|1000|1|0|1|0|0
MoneyFlow|928|2014-11-20 17:40:51|0|game_1_app_id|1|test|80|54510|500|1|0|0|0|0
PlayerSwordDrawFlow|928|2014-11-20 17:40:51|game_1_app_id|1|test|80|0|1000|0|0
PlayerSystemModuleFlow|928|2014-11-20 17:40:52|game_1_app_id|1|test|80|17|0
MoneyFlow|928|2014-11-20 17:40:52|0|game_1_app_id|1|test|80|53510|1000|1|0|1|0|0
MoneyFlow|928|2014-11-20 17:40:52|0|game_1_app_id|1|test|80|54010|500|1|0|0|0|0
PlayerSwordDrawFlow|928|2014-11-20 17:40:52|game_1_app_id|1|test|80|0|1000|0|0
PlayerSystemModuleFlow|928|2014-11-20 17:40:53|game_1_app_id|1|test|80|17|0
MoneyFlow|928|2014-11-20 17:40:53|0|game_1_app_id|1|test|80|52010|2000|1|0|1|0|0
MoneyFlow|928|2014-11-20 17:40:53|0|game_1_app_id|1|test|80|52510|500|1|0|0|0|0
PlayerSwordDrawFlow|928|2014-11-20 17:40:53|game_1_app_id|1|test|80|0|2000|0|0
PlayerSystemModuleFlow|928|2014-11-20 17:40:55|game_1_app_id|1|test|80|17|0
MoneyFlow|928|2014-11-20 17:40:55|0|game_1_app_id|1|test|80|51510|1000|1|0|1|0|0
ItemFlow|928|2014-11-20 17:40:55|0|game_1_app_id|1|test|14|2|0|1|38|0|0|0
PlayerSwordDrawFlow|928|2014-11-20 17:40:55|game_1_app_id|1|test|80|0|1000|0|2
PlayerSystemModuleFlow|928|2014-11-20 17:40:56|game_1_app_id|1|test|80|17|0
MoneyFlow|928|2014-11-20 17:40:56|0|game_1_app_id|1|test|80|50510|1000|1|0|1|0|0
MoneyFlow|928|2014-11-20 17:40:56|0|game_1_app_id|1|test|80|51010|500|1|0|0|0|0
PlayerSwordDrawFlow|928|2014-11-20 17:40:56|game_1_app_id|1|test|80|0|1000|0|0
PlayerSystemModuleFlow|928|2014-11-20 17:40:57|game_1_app_id|1|test|80|17|0
MoneyFlow|928|2014-11-20 17:40:57|0|game_1_app_id|1|test|80|50010|1000|1|0|1|0|0
ItemFlow|928|2014-11-20 17:40:57|0|game_1_app_id|1|test|14|6|0|1|38|0|0|0
PlayerSwordDrawFlow|928|2014-11-20 17:40:57|game_1_app_id|1|test|80|0|1000|0|6
PlayerSystemModuleFlow|928|2014-11-20 17:40:58|game_1_app_id|1|test|80|17|0
MoneyFlow|928|2014-11-20 17:40:58|0|game_1_app_id|1|test|80|49010|1000|1|0|1|0|0
MoneyFlow|928|2014-11-20 17:40:58|0|game_1_app_id|1|test|80|49510|500|1|0|0|0|0
PlayerSwordDrawFlow|928|2014-11-20 17:40:58|game_1_app_id|1|test|80|0|1000|0|0
PlayerSystemModuleFlow|928|2014-11-20 17:40:58|game_1_app_id|1|test|80|17|0
MoneyFlow|928|2014-11-20 17:40:58|0|game_1_app_id|1|test|80|48510|1000|1|0|1|0|0
MoneyFlow|928|2014-11-20 17:40:58|0|game_1_app_id|1|test|80|49010|500|1|0|0|0|0
PlayerSwordDrawFlow|928|2014-11-20 17:40:58|game_1_app_id|1|test|80|0|1000|0|0
PlayerSystemModuleFlow|928|2014-11-20 17:41:00|game_1_app_id|1|test|80|17|0
MoneyFlow|928|2014-11-20 17:41:00|0|game_1_app_id|1|test|80|47010|2000|1|0|1|0|0
MoneyFlow|928|2014-11-20 17:41:00|0|game_1_app_id|1|test|80|47510|500|1|0|0|0|0
PlayerSwordDrawFlow|928|2014-11-20 17:41:00|game_1_app_id|1|test|80|0|2000|0|0
PlayerSystemModuleFlow|928|2014-11-20 17:41:01|game_1_app_id|1|test|80|17|0
MoneyFlow|928|2014-11-20 17:41:01|0|game_1_app_id|1|test|80|46510|1000|1|0|1|0|0
MoneyFlow|928|2014-11-20 17:41:01|0|game_1_app_id|1|test|80|47010|500|1|0|0|0|0
PlayerSwordDrawFlow|928|2014-11-20 17:41:01|game_1_app_id|1|test|80|0|1000|0|0
PlayerSystemModuleFlow|928|2014-11-20 17:41:02|game_1_app_id|1|test|80|17|0
MoneyFlow|928|2014-11-20 17:41:02|0|game_1_app_id|1|test|80|46010|1000|1|0|1|0|0
MoneyFlow|928|2014-11-20 17:41:02|0|game_1_app_id|1|test|80|46510|500|1|0|0|0|0
PlayerSwordDrawFlow|928|2014-11-20 17:41:02|game_1_app_id|1|test|80|0|1000|0|0
PlayerSystemModuleFlow|928|2014-11-20 17:41:02|game_1_app_id|1|test|80|17|0
MoneyFlow|928|2014-11-20 17:41:02|0|game_1_app_id|1|test|80|45510|1000|1|0|1|0|0
ItemFlow|928|2014-11-20 17:41:02|0|game_1_app_id|1|test|14|6|0|1|38|0|0|0
PlayerSwordDrawFlow|928|2014-11-20 17:41:02|game_1_app_id|1|test|80|0|1000|0|6
PlayerSystemModuleFlow|928|2014-11-20 17:41:04|game_1_app_id|1|test|80|17|0
MoneyFlow|928|2014-11-20 17:41:04|0|game_1_app_id|1|test|80|41510|4000|1|0|1|0|0
ItemFlow|928|2014-11-20 17:41:04|0|game_1_app_id|1|test|14|37|0|1|38|0|0|0
PlayerSwordDrawFlow|928|2014-11-20 17:41:04|game_1_app_id|1|test|80|0|4000|0|37
PlayerSystemModuleFlow|928|2014-11-20 17:41:05|game_1_app_id|1|test|80|17|0
MoneyFlow|928|2014-11-20 17:41:05|0|game_1_app_id|1|test|80|38510|3000|1|0|1|0|0
MoneyFlow|928|2014-11-20 17:41:05|0|game_1_app_id|1|test|80|39010|500|1|0|0|0|0
PlayerSwordDrawFlow|928|2014-11-20 17:41:05|game_1_app_id|1|test|80|0|3000|0|0
PlayerSystemModuleFlow|928|2014-11-20 17:41:06|game_1_app_id|1|test|80|17|0
MoneyFlow|928|2014-11-20 17:41:06|0|game_1_app_id|1|test|80|37010|2000|1|0|1|0|0
MoneyFlow|928|2014-11-20 17:41:06|0|game_1_app_id|1|test|80|37510|500|1|0|0|0|0
PlayerSwordDrawFlow|928|2014-11-20 17:41:06|game_1_app_id|1|test|80|0|2000|0|0
PlayerSystemModuleFlow|928|2014-11-20 17:41:07|game_1_app_id|1|test|80|17|0
MoneyFlow|928|2014-11-20 17:41:07|0|game_1_app_id|1|test|80|36510|1000|1|0|1|0|0
MoneyFlow|928|2014-11-20 17:41:07|0|game_1_app_id|1|test|80|37010|500|1|0|0|0|0
PlayerSwordDrawFlow|928|2014-11-20 17:41:07|game_1_app_id|1|test|80|0|1000|0|0
PlayerSystemModuleFlow|928|2014-11-20 17:41:10|game_1_app_id|1|test|80|17|0
PlayerFightNumFlow|928|2014-11-20 17:41:10|game_1_app_id|1|test|80|0|17900
PlayerSystemModuleFlow|928|2014-11-20 17:41:13|game_1_app_id|1|test|80|17|0
PlayerFightNumFlow|928|2014-11-20 17:41:13|game_1_app_id|1|test|80|0|17750
PlayerSystemModuleFlow|928|2014-11-20 17:41:15|game_1_app_id|1|test|80|17|0
PlayerFightNumFlow|928|2014-11-20 17:41:16|game_1_app_id|1|test|80|0|17740
PlayerSystemModuleFlow|928|2014-11-20 17:41:17|game_1_app_id|1|test|80|17|0
PlayerFightNumFlow|928|2014-11-20 17:41:17|game_1_app_id|1|test|80|0|17750
GhostSwordUpgradeFlow|928|2014-11-20 17:41:27|game_1_app_id|1|test|31|7 1 6 1 2 1 37 1|1|3|80|0
PlayerSystemModuleFlow|928|2014-11-20 17:41:27|game_1_app_id|1|test|80|17|0
GameSvrState|2014-11-20 17:41:43|192.168.10.35
GameSvrState|2014-11-20 17:42:43|192.168.10.35
GameSvrState|2014-11-20 17:43:43|192.168.10.35
GameSvrState|2014-11-20 17:44:43|192.168.10.35
GameSvrState|2014-11-20 17:45:43|192.168.10.35
GameSvrState|2014-11-20 17:46:43|192.168.10.35
GameSvrState|2014-11-20 17:47:43|192.168.10.35
GameSvrState|2014-11-20 17:48:43|192.168.10.35
GameSvrState|2014-11-20 17:49:43|192.168.10.35
GameSvrState|2014-11-20 17:50:43|192.168.10.35
GameSvrState|2014-11-20 17:51:43|192.168.10.35
GameSvrState|2014-11-20 17:52:43|192.168.10.35
GameSvrState|2014-11-20 17:53:43|192.168.10.35
GameSvrState|2014-11-20 17:54:43|192.168.10.35
GameSvrState|2014-11-20 17:55:43|192.168.10.35
GameSvrState|2014-11-20 17:56:43|192.168.10.35
GameSvrState|2014-11-20 17:57:43|192.168.10.35
GameSvrState|2014-11-20 17:58:43|192.168.10.35
GameSvrState|2014-11-20 17:59:43|192.168.10.35
