PlayerLogin|1|2014-10-28 14:21:21|game_1_app_id|1|test|4|0|90000||HTML5||WiFi|0|0|0|0||0|||
PlayerLogout|1|2014-10-28 14:21:21|game_1_app_id|1|test|0|4|0|90000||HTML5||WiFi|0|0|0|0||0|||
PlayerLogin|1|2014-10-28 14:21:30|game_1_app_id|1|test|4|0|90000||HTML5||WiFi|0|0|0|0||0|||
PlayerLogin|1|2014-10-28 14:21:33|game_1_app_id|1|test|4|0|0.98|macos|intel|xxx|wifi|0|0|0.999999111|0|intel 001|1024|opengl 0.1|4.3|mac 10.94
PlayerSystemModuleFlow|1|2014-10-28 14:21:45|game_1_app_id|1|test|4|5|0
MoneyFlow|1|2014-10-28 14:21:45|0|game_1_app_id|1|test|4|973270|10000|28|0|1|0|0
ItemFlow|1|2014-10-28 14:21:45|0|game_1_app_id|1|test|14|7|0|1|37|0|0|0
PlayerChestDrawFlow|1|2014-10-28 14:21:45|game_1_app_id|1|test|4|0|10000|0||1
PlayerSystemModuleFlow|1|2014-10-28 14:21:52|game_1_app_id|1|test|4|5|0
MoneyFlow|1|2014-10-28 14:21:52|0|game_1_app_id|1|test|4|883270|90000|28|0|1|0|0
ItemFlow|1|2014-10-28 14:21:52|0|game_1_app_id|1|test|6|38|1|1|37|0|0|0
ItemFlow|1|2014-10-28 14:21:52|0|game_1_app_id|1|test|2|232|10|10|37|0|0|0
ItemFlow|1|2014-10-28 14:21:52|0|game_1_app_id|1|test|9|230|1|1|37|0|0|0
ItemFlow|1|2014-10-28 14:21:52|0|game_1_app_id|1|test|14|7|0|1|37|0|0|0
ItemFlow|1|2014-10-28 14:21:52|0|game_1_app_id|1|test|8|209|8|3|37|0|0|0
ItemFlow|1|2014-10-28 14:21:52|0|game_1_app_id|1|test|2|235|10|10|37|0|0|0
ItemFlow|1|2014-10-28 14:21:52|0|game_1_app_id|1|test|9|239|1|1|37|0|0|0
ItemFlow|1|2014-10-28 14:21:52|0|game_1_app_id|1|test|8|214|1|1|37|0|0|0
ItemFlow|1|2014-10-28 14:21:52|0|game_1_app_id|1|test|12|263|35|30|37|0|0|0
ItemFlow|1|2014-10-28 14:21:52|0|game_1_app_id|1|test|15|302|1|1|37|0|0|0
PlayerChestDrawFlow|1|2014-10-28 14:21:52|game_1_app_id|1|test|4|0|90000|0||2
GameSvrState|2014-10-28 14:22:20|172.26.166.37
GameSvrState|2014-10-28 14:23:20|172.26.166.37
GameSvrState|2014-10-28 14:24:20|172.26.166.37
GameSvrState|2014-10-28 14:25:20|172.26.166.37
GameSvrState|2014-10-28 14:26:20|172.26.166.37
