PlayerLogin|1|2014-10-28 14:26:55|game_1_app_id|1|test|4|0|90000||HTML5||WiFi|0|0|0|0||0|||
PlayerLogout|1|2014-10-28 14:26:55|game_1_app_id|1|test|0|4|0|90000||HTML5||WiFi|0|0|0|0||0|||
PlayerLogin|1|2014-10-28 14:27:08|game_1_app_id|1|test|4|0|90000||HTML5||WiFi|0|0|0|0||0|||
PlayerLogin|1|2014-10-28 14:27:08|game_1_app_id|1|test|4|0|0.98|macos|intel|xxx|wifi|0|0|0.999999111|0|intel 001|1024|opengl 0.1|4.3|mac 10.94
PlayerSystemModuleFlow|1|2014-10-28 14:27:29|game_1_app_id|1|test|4|5|0
MoneyFlow|1|2014-10-28 14:27:29|0|game_1_app_id|1|test|4|793270|90000|28|0|1|0|0
ItemFlow|1|2014-10-28 14:27:29|0|game_1_app_id|1|test|9|230|2|1|37|0|0|0
ItemFlow|1|2014-10-28 14:27:29|0|game_1_app_id|1|test|14|2|0|1|37|0|0|0
ItemFlow|1|2014-10-28 14:27:29|0|game_1_app_id|1|test|13|259|1|1|37|0|0|0
ItemFlow|1|2014-10-28 14:27:29|0|game_1_app_id|1|test|11|308|1|1|9|0|0|0
ItemFlow|1|2014-10-28 14:27:29|0|game_1_app_id|1|test|9|239|2|1|37|0|0|0
ItemFlow|1|2014-10-28 14:27:29|0|game_1_app_id|1|test|15|302|2|1|37|0|0|0
ItemFlow|1|2014-10-28 14:27:29|0|game_1_app_id|1|test|14|7|0|1|37|0|0|0
ItemFlow|1|2014-10-28 14:27:29|0|game_1_app_id|1|test|2|237|7|7|37|0|0|0
ItemFlow|1|2014-10-28 14:27:29|0|game_1_app_id|1|test|8|250|1|1|37|0|0|0
ItemFlow|1|2014-10-28 14:27:29|0|game_1_app_id|1|test|9|239|3|1|37|0|0|0
PlayerChestDrawFlow|1|2014-10-28 14:27:29|game_1_app_id|1|test|4|0|90000|0||2
GameSvrState|2014-10-28 14:27:54|172.26.166.37
PlayerLogin|1|2014-10-28 14:28:21|game_1_app_id|1|_test_id1003022414061086776|1|0|90000||HTML5||WiFi|0|0|0|0||0|||
PlayerLogin|1|2014-10-28 14:28:21|game_1_app_id|1|_test_id1003022414061086776|1|0|0.98|macos|intel|xxx|wifi|0|0|0.999999111|0|intel 001|1024|opengl 0.1|4.3|mac 10.94
GameSvrState|2014-10-28 14:28:54|172.26.166.37
PlayerLogout|1|2014-10-28 14:28:58|game_1_app_id|1|_test_id1003022414061086776|37|1|0|90000||HTML5||WiFi|0|0|0|0||0|||
GameSvrState|2014-10-28 14:29:54|172.26.166.37
PlayerSystemModuleFlow|1|2014-10-28 14:29:54|game_1_app_id|1|test|4|5|0
MoneyFlow|1|2014-10-28 14:29:54|0|game_1_app_id|1|test|4|703270|90000|28|0|1|0|0
ItemFlow|1|2014-10-28 14:29:54|0|game_1_app_id|1|test|2|236|7|7|37|0|0|0
ItemFlow|1|2014-10-28 14:29:54|0|game_1_app_id|1|test|12|263|65|30|37|0|0|0
ItemFlow|1|2014-10-28 14:29:54|0|game_1_app_id|1|test|12|263|70|5|37|0|0|0
ItemFlow|1|2014-10-28 14:29:54|0|game_1_app_id|1|test|12|263|75|5|37|0|0|0
ItemFlow|1|2014-10-28 14:29:54|0|game_1_app_id|1|test|2|235|20|10|37|0|0|0
ItemFlow|1|2014-10-28 14:29:54|0|game_1_app_id|1|test|8|210|2|2|37|0|0|0
ItemFlow|1|2014-10-28 14:29:54|0|game_1_app_id|1|test|2|237|14|7|37|0|0|0
ItemFlow|1|2014-10-28 14:29:54|0|game_1_app_id|1|test|12|263|80|5|37|0|0|0
ItemFlow|1|2014-10-28 14:29:54|0|game_1_app_id|1|test|14|7|0|1|37|0|0|0
ItemFlow|1|2014-10-28 14:29:54|0|game_1_app_id|1|test|14|13|0|1|37|0|0|0
PlayerChestDrawFlow|1|2014-10-28 14:29:54|game_1_app_id|1|test|4|0|90000|0||2
PlayerSystemModuleFlow|1|2014-10-28 14:30:51|game_1_app_id|1|test|4|5|0
MoneyFlow|1|2014-10-28 14:30:51|0|game_1_app_id|1|test|4|613270|90000|28|0|1|0|0
ItemFlow|1|2014-10-28 14:30:51|0|game_1_app_id|1|test|15|303|1|1|37|0|0|0
ItemFlow|1|2014-10-28 14:30:51|0|game_1_app_id|1|test|2|235|30|10|37|0|0|0
ItemFlow|1|2014-10-28 14:30:51|0|game_1_app_id|1|test|12|263|85|5|37|0|0|0
ItemFlow|1|2014-10-28 14:30:51|0|game_1_app_id|1|test|9|306|1|1|37|0|0|0
ItemFlow|1|2014-10-28 14:30:51|0|game_1_app_id|1|test|2|238|7|7|37|0|0|0
ItemFlow|1|2014-10-28 14:30:51|0|game_1_app_id|1|test|11|308|2|1|9|0|0|0
ItemFlow|1|2014-10-28 14:30:51|0|game_1_app_id|1|test|2|237|21|7|37|0|0|0
ItemFlow|1|2014-10-28 14:30:51|0|game_1_app_id|1|test|2|231|7|7|37|0|0|0
ItemFlow|1|2014-10-28 14:30:51|0|game_1_app_id|1|test|14|13|0|1|37|0|0|0
ItemFlow|1|2014-10-28 14:30:51|0|game_1_app_id|1|test|2|237|28|7|37|0|0|0
PlayerChestDrawFlow|1|2014-10-28 14:30:51|game_1_app_id|1|test|4|0|90000|0||2
GameSvrState|2014-10-28 14:30:54|172.26.166.37
GameSvrState|2014-10-28 14:31:54|172.26.166.37
PlayerSystemModuleFlow|1|2014-10-28 14:32:44|game_1_app_id|1|test|4|5|0
MoneyFlow|1|2014-10-28 14:32:44|0|game_1_app_id|1|test|4|523270|90000|28|0|1|0|0
ItemFlow|1|2014-10-28 14:32:44|0|game_1_app_id|1|test|15|302|3|1|37|0|0|0
ItemFlow|1|2014-10-28 14:32:44|0|game_1_app_id|1|test|9|230|3|1|37|0|0|0
ItemFlow|1|2014-10-28 14:32:44|0|game_1_app_id|1|test|13|258|2|1|37|0|0|0
ItemFlow|1|2014-10-28 14:32:44|0|game_1_app_id|1|test|14|4|0|1|37|0|0|0
ItemFlow|1|2014-10-28 14:32:44|0|game_1_app_id|1|test|8|210|3|1|37|0|0|0
ItemFlow|1|2014-10-28 14:32:44|0|game_1_app_id|1|test|2|235|40|10|37|0|0|0
ItemFlow|1|2014-10-28 14:32:44|0|game_1_app_id|1|test|9|306|2|1|37|0|0|0
ItemFlow|1|2014-10-28 14:32:44|0|game_1_app_id|1|test|11|308|3|1|9|0|0|0
ItemFlow|1|2014-10-28 14:32:44|0|game_1_app_id|1|test|14|4|0|1|37|0|0|0
ItemFlow|1|2014-10-28 14:32:44|0|game_1_app_id|1|test|9|239|4|1|37|0|0|0
PlayerChestDrawFlow|1|2014-10-28 14:32:44|game_1_app_id|1|test|4|0|90000|0||2
GameSvrState|2014-10-28 14:32:54|172.26.166.37
PlayerLogin|1|2014-10-28 14:33:01|game_1_app_id|1|_test_id1003022414061086775|1|0|90000||HTML5||WiFi|0|0|0|0||0|||
PlayerLogin|1|2014-10-28 14:33:01|game_1_app_id|1|_test_id1003022414061086775|1|0|0.98|macos|intel|xxx|wifi|0|0|0.999999111|0|intel 001|1024|opengl 0.1|4.3|mac 10.94
GameSvrState|2014-10-28 14:33:54|172.26.166.37
GameSvrState|2014-10-28 14:34:54|172.26.166.37
PlayerLogout|1|2014-10-28 14:35:03|game_1_app_id|1|_test_id1003022414061086775|122|1|0|90000||HTML5||WiFi|0|0|0|0||0|||
GameSvrState|2014-10-28 14:35:54|172.26.166.37
