PlayerLogin|1|2014-10-28 17:13:26|game_1_app_id|1|_test_id1003022414061086775|2|0|90000||HTML5||WiFi|0|0|0|0||0|||
PlayerLogout|1|2014-10-28 17:13:26|game_1_app_id|1|_test_id1003022414061086775|0|2|0|90000||HTML5||WiFi|0|0|0|0||0|||
PlayerLogin|1|2014-10-28 17:13:42|game_1_app_id|1|_test_id1003022414061086775|2|0|90000||HTML5||WiFi|0|0|0|0||0|||
PlayerLogout|1|2014-10-28 17:13:42|game_1_app_id|1|_test_id1003022414061086775|0|2|0|90000||HTML5||WiFi|0|0|0|0||0|||
PlayerLogin|1|2014-10-28 17:13:43|game_1_app_id|1|_test_id1003022414061086775|2|0|90000||HTML5||WiFi|0|0|0|0||0|||
PlayerLogout|1|2014-10-28 17:13:43|game_1_app_id|1|_test_id1003022414061086775|0|2|0|90000||HTML5||WiFi|0|0|0|0||0|||
PlayerLogin|1|2014-10-28 17:13:57|game_1_app_id|1|_test_id1003022414061086775|2|0|90000||HTML5||WiFi|0|0|0|0||0|||
PlayerLogout|1|2014-10-28 17:13:57|game_1_app_id|1|_test_id1003022414061086775|0|2|0|90000||HTML5||WiFi|0|0|0|0||0|||
PlayerLogin|1|2014-10-28 17:13:58|game_1_app_id|1|_test_id1003022414061086775|2|0|90000||HTML5||WiFi|0|0|0|0||0|||
PlayerLogout|1|2014-10-28 17:13:58|game_1_app_id|1|_test_id1003022414061086775|0|2|0|90000||HTML5||WiFi|0|0|0|0||0|||
PlayerLogin|1|2014-10-28 17:14:06|game_1_app_id|1|_test_id1003022414061086775|2|0|90000||HTML5||WiFi|0|0|0|0||0|||
PlayerLogout|1|2014-10-28 17:14:06|game_1_app_id|1|_test_id1003022414061086775|0|2|0|90000||HTML5||WiFi|0|0|0|0||0|||
PlayerLogin|1|2014-10-28 17:14:07|game_1_app_id|1|_test_id1003022414061086775|2|0|90000||HTML5||WiFi|0|0|0|0||0|||
PlayerLogout|1|2014-10-28 17:14:07|game_1_app_id|1|_test_id1003022414061086775|0|2|0|90000||HTML5||WiFi|0|0|0|0||0|||
GameSvrState|2014-10-28 17:14:26|172.26.166.37
PlayerLogin|1|2014-10-28 17:14:30|game_1_app_id|1|_test_id1003022414061086775|2|0|90000||HTML5||WiFi|0|0|0|0||0|||
PlayerLogout|1|2014-10-28 17:14:30|game_1_app_id|1|_test_id1003022414061086775|0|2|0|90000||HTML5||WiFi|0|0|0|0||0|||
PlayerLogin|1|2014-10-28 17:14:31|game_1_app_id|1|_test_id1003022414061086775|2|0|90000||HTML5||WiFi|0|0|0|0||0|||
PlayerLogout|1|2014-10-28 17:14:31|game_1_app_id|1|_test_id1003022414061086775|0|2|0|90000||HTML5||WiFi|0|0|0|0||0|||
PlayerLogin|1|2014-10-28 17:14:37|game_1_app_id|1|_test_id1003022414061086775|2|0|90000||HTML5||WiFi|0|0|0|0||0|||
PlayerLogout|1|2014-10-28 17:14:37|game_1_app_id|1|_test_id1003022414061086775|0|2|0|90000||HTML5||WiFi|0|0|0|0||0|||
PlayerLogin|1|2014-10-28 17:14:38|game_1_app_id|1|_test_id1003022414061086775|2|0|90000||HTML5||WiFi|0|0|0|0||0|||
PlayerLogout|1|2014-10-28 17:14:38|game_1_app_id|1|_test_id1003022414061086775|0|2|0|90000||HTML5||WiFi|0|0|0|0||0|||
PlayerLogin|1|2014-10-28 17:15:15|game_1_app_id|1|_test_id1003022414061086775|2|0|90000||HTML5||WiFi|0|0|0|0||0|||
PlayerLogout|1|2014-10-28 17:15:15|game_1_app_id|1|_test_id1003022414061086775|0|2|0|90000||HTML5||WiFi|0|0|0|0||0|||
PlayerLogin|1|2014-10-28 17:15:16|game_1_app_id|1|_test_id1003022414061086775|2|0|90000||HTML5||WiFi|0|0|0|0||0|||
PlayerLogout|1|2014-10-28 17:15:17|game_1_app_id|1|_test_id1003022414061086775|1|2|0|90000||HTML5||WiFi|0|0|0|0||0|||
GameSvrState|2014-10-28 17:15:26|172.26.166.37
PlayerLogin|1|2014-10-28 17:15:41|game_1_app_id|1|_test_id1003022414061086775|2|0|90000||HTML5||WiFi|0|0|0|0||0|||
PlayerLogout|1|2014-10-28 17:15:41|game_1_app_id|1|_test_id1003022414061086775|0|2|0|90000||HTML5||WiFi|0|0|0|0||0|||
PlayerLogin|1|2014-10-28 17:15:42|game_1_app_id|1|_test_id1003022414061086775|2|0|90000||HTML5||WiFi|0|0|0|0||0|||
PlayerLogout|1|2014-10-28 17:15:42|game_1_app_id|1|_test_id1003022414061086775|0|2|0|90000||HTML5||WiFi|0|0|0|0||0|||
GameSvrState|2014-10-28 17:16:26|172.26.166.37
GameSvrState|2014-10-28 17:17:26|172.26.166.37
PlayerLogin|1|2014-10-28 17:18:12|game_1_app_id|1|_test_id1003022414061086775|2|0|90000||HTML5||WiFi|0|0|0|0||0|||
PlayerLogout|1|2014-10-28 17:18:13|game_1_app_id|1|_test_id1003022414061086775|1|2|0|90000||HTML5||WiFi|0|0|0|0||0|||
PlayerLogin|1|2014-10-28 17:18:14|game_1_app_id|1|_test_id1003022414061086775|2|0|90000||HTML5||WiFi|0|0|0|0||0|||
PlayerLogout|1|2014-10-28 17:18:14|game_1_app_id|1|_test_id1003022414061086775|0|2|0|90000||HTML5||WiFi|0|0|0|0||0|||
GameSvrState|2014-10-28 17:18:26|172.26.166.37
PlayerLogin|1|2014-10-28 17:18:26|game_1_app_id|1|_test_id1003022414061086775|2|0|90000||HTML5||WiFi|0|0|0|0||0|||
PlayerLogout|1|2014-10-28 17:18:27|game_1_app_id|1|_test_id1003022414061086775|1|2|0|90000||HTML5||WiFi|0|0|0|0||0|||
PlayerLogin|1|2014-10-28 17:18:28|game_1_app_id|1|_test_id1003022414061086775|2|0|90000||HTML5||WiFi|0|0|0|0||0|||
PlayerLogout|1|2014-10-28 17:18:28|game_1_app_id|1|_test_id1003022414061086775|0|2|0|90000||HTML5||WiFi|0|0|0|0||0|||
GameSvrState|2014-10-28 17:19:26|172.26.166.37
GameSvrState|2014-10-28 17:20:26|172.26.166.37
GameSvrState|2014-10-28 17:21:26|172.26.166.37
PlayerLogin|1|2014-10-28 17:21:45|game_1_app_id|1|_test_id1003022414061086775|2|0|90000||HTML5||WiFi|0|0|0|0||0|||
PlayerLogout|1|2014-10-28 17:21:45|game_1_app_id|1|_test_id1003022414061086775|0|2|0|90000||HTML5||WiFi|0|0|0|0||0|||
PlayerLogin|1|2014-10-28 17:21:46|game_1_app_id|1|_test_id1003022414061086775|2|0|90000||HTML5||WiFi|0|0|0|0||0|||
PlayerLogout|1|2014-10-28 17:21:46|game_1_app_id|1|_test_id1003022414061086775|0|2|0|90000||HTML5||WiFi|0|0|0|0||0|||
