GameSvrState|2014-11-19 15:26:19|192.168.10.35
PlayerRegister|928|2014-11-19 15:26:29|game_1_app_id|1|test|7898||HTML5||WiFi|0|0|0|0||0|||
PlayerLogin|928|2014-11-19 15:26:29|game_1_app_id|1|test|1|0|7898||HTML5||WiFi|0|0|0|0||0|||
PlayerLogout|928|2014-11-19 15:26:40|game_1_app_id|1|test|11|1|0|7898||HTML5||WiFi|0|0|0|0||0||||0
GameSvrState|2014-11-19 15:27:19|192.168.10.35
PlayerLogin|928|2014-11-19 15:27:45|game_1_app_id|1|test|1|0|7899||HTML5||WiFi|0|0|0|0||0|||
PlayerFightNumFlow|928|2014-11-19 15:27:46|game_1_app_id|1|test|1|0|920
PlayerQuestFlow|928|2014-11-19 15:27:48|game_1_app_id|1|test|1|0|1|0|0
PlayerLogout|928|2014-11-19 15:27:49|game_1_app_id|1|test|5|1|0|7899||HTML5||WiFi|0|0|0|0||0||||0
PlayerLogin|928|2014-11-19 15:28:18|game_1_app_id|1|test|1|0|7899||HTML5||WiFi|0|0|0|0||0|||
GameSvrState|2014-11-19 15:28:19|192.168.10.35
PlayerFightNumFlow|928|2014-11-19 15:28:19|game_1_app_id|1|test|1|0|920
MoneyFlow|928|2014-11-19 15:28:21|0|game_1_app_id|1|test|1|10|10|26|0|0|0|0
PlayerQuestFlow|928|2014-11-19 15:28:21|game_1_app_id|1|test|1|0|1|0|1
PlayerQuestFlow|928|2014-11-19 15:28:21|game_1_app_id|1|test|1|0|2|0|0
PlayerLogout|928|2014-11-19 15:28:37|game_1_app_id|1|test|19|1|0|7899||HTML5||WiFi|0|0|0|0||0||||0
PlayerLogin|928|2014-11-19 15:29:14|game_1_app_id|1|test|1|0|7899||HTML5||WiFi|0|0|0|0||0|||
PlayerFightNumFlow|928|2014-11-19 15:29:15|game_1_app_id|1|test|1|0|920
GameSvrState|2014-11-19 15:29:19|192.168.10.35
GameSvrState|2014-11-19 15:30:19|192.168.10.35
GameSvrState|2014-11-19 15:31:19|192.168.10.35
GameSvrState|2014-11-19 15:32:19|192.168.10.35
ItemFlow|928|2014-11-19 15:32:43|0|game_1_app_id|1|test|-1|1|1|1|53|0|0|0
MoneyFlow|928|2014-11-19 15:32:44|0|game_1_app_id|1|test|1|100010|100000|-1|0|0|0|0
MoneyFlow|928|2014-11-19 15:32:44|0|game_1_app_id|1|test|1|10000|10000|-1|0|0|1|0
ItemFlow|928|2014-11-19 15:32:44|0|game_1_app_id|1|test|13|256|7|7|-1|0|0|0
ItemFlow|928|2014-11-19 15:32:44|0|game_1_app_id|1|test|-1|2|1|1|-1|0|0|0
ItemFlow|928|2014-11-19 15:32:44|0|game_1_app_id|1|test|-1|3|1|1|-1|0|0|0
ItemFlow|928|2014-11-19 15:32:44|0|game_1_app_id|1|test|-1|4|1|1|-1|0|0|0
ItemFlow|928|2014-11-19 15:32:44|0|game_1_app_id|1|test|-1|5|1|1|-1|0|0|0
ItemFlow|928|2014-11-19 15:32:44|0|game_1_app_id|1|test|-1|6|1|1|-1|0|0|0
ItemFlow|928|2014-11-19 15:32:44|0|game_1_app_id|1|test|-1|7|1|1|-1|0|0|0
ItemFlow|928|2014-11-19 15:32:44|0|game_1_app_id|1|test|-1|8|1|1|-1|0|0|0
ItemFlow|928|2014-11-19 15:32:44|0|game_1_app_id|1|test|-1|9|1|1|-1|0|0|0
ItemFlow|928|2014-11-19 15:32:44|0|game_1_app_id|1|test|-1|10|1|1|-1|0|0|0
ItemFlow|928|2014-11-19 15:32:44|0|game_1_app_id|1|test|-1|11|1|1|-1|0|0|0
ItemFlow|928|2014-11-19 15:32:44|0|game_1_app_id|1|test|-1|12|1|1|-1|0|0|0
ItemFlow|928|2014-11-19 15:32:44|0|game_1_app_id|1|test|-1|13|1|1|-1|0|0|0
ItemFlow|928|2014-11-19 15:32:44|0|game_1_app_id|1|test|-1|14|1|1|-1|0|0|0
ItemFlow|928|2014-11-19 15:32:44|0|game_1_app_id|1|test|-1|15|1|1|-1|0|0|0
ItemFlow|928|2014-11-19 15:32:44|0|game_1_app_id|1|test|-1|16|1|1|-1|0|0|0
ItemFlow|928|2014-11-19 15:32:44|0|game_1_app_id|1|test|-1|17|1|1|-1|0|0|0
ItemFlow|928|2014-11-19 15:32:44|0|game_1_app_id|1|test|-1|18|1|1|-1|0|0|0
ItemFlow|928|2014-11-19 15:32:44|0|game_1_app_id|1|test|-1|19|1|1|-1|0|0|0
ItemFlow|928|2014-11-19 15:32:44|0|game_1_app_id|1|test|-1|20|1|1|-1|0|0|0
ItemFlow|928|2014-11-19 15:32:44|0|game_1_app_id|1|test|-1|22|1|1|-1|0|0|0
ItemFlow|928|2014-11-19 15:32:44|0|game_1_app_id|1|test|-1|23|1|1|-1|0|0|0
PlayerGuideFlow|928|2014-11-19 15:32:45|game_1_app_id|1|test|80|4|0|0
PlayerFightNumFlow|928|2014-11-19 15:33:05|game_1_app_id|1|test|80|0|12535
GameSvrState|2014-11-19 15:33:19|192.168.10.35
PlayerLogout|928|2014-11-19 15:33:29|game_1_app_id|1|test|255|80|0|7899||HTML5||WiFi|0|0|0|0||0||||0
GameSvrState|2014-11-19 15:34:19|192.168.10.35
GameSvrState|2014-11-19 15:35:19|192.168.10.35
GameSvrState|2014-11-19 15:36:19|192.168.10.35
PlayerRegister|928|2014-11-19 15:36:24|game_1_app_id|1|test2|7901||HTML5||WiFi|0|0|0|0||0|||
PlayerLogin|928|2014-11-19 15:36:24|game_1_app_id|1|test2|1|0|7901||HTML5||WiFi|0|0|0|0||0|||
PlayerGuideFlow|928|2014-11-19 15:36:25|game_1_app_id|1|test2|1|19|0|0
PlayerLogout|928|2014-11-19 15:36:27|game_1_app_id|1|test2|3|1|0|7901||HTML5||WiFi|0|0|0|0||0||||0
PlayerLogin|928|2014-11-19 15:36:57|game_1_app_id|1|test2|1|0|7901||HTML5||WiFi|0|0|0|0||0|||
PlayerFightNumFlow|928|2014-11-19 15:36:58|game_1_app_id|1|test2|1|0|920
PlayerQuestFlow|928|2014-11-19 15:37:00|game_1_app_id|1|test2|1|0|1|0|0
PlayerLogout|928|2014-11-19 15:37:01|game_1_app_id|1|test2|3|1|0|7901||HTML5||WiFi|0|0|0|0||0||||0
GameSvrState|2014-11-19 15:37:19|192.168.10.35
PlayerLogin|928|2014-11-19 15:37:31|game_1_app_id|1|test2|1|0|7901||HTML5||WiFi|0|0|0|0||0|||
PlayerFightNumFlow|928|2014-11-19 15:37:35|game_1_app_id|1|test2|1|0|920
MoneyFlow|928|2014-11-19 15:37:39|0|game_1_app_id|1|test2|1|10|10|26|0|0|0|0
PlayerQuestFlow|928|2014-11-19 15:37:39|game_1_app_id|1|test2|1|0|1|0|1
PlayerQuestFlow|928|2014-11-19 15:37:39|game_1_app_id|1|test2|1|0|2|0|0
ItemFlow|928|2014-11-19 15:38:11|0|game_1_app_id|1|test2|-1|1|1|1|53|0|0|0
MoneyFlow|928|2014-11-19 15:38:11|0|game_1_app_id|1|test2|1|100010|100000|-1|0|0|0|0
MoneyFlow|928|2014-11-19 15:38:11|0|game_1_app_id|1|test2|1|10000|10000|-1|0|0|1|0
ItemFlow|928|2014-11-19 15:38:11|0|game_1_app_id|1|test2|13|256|7|7|-1|0|0|0
ItemFlow|928|2014-11-19 15:38:11|0|game_1_app_id|1|test2|-1|2|1|1|-1|0|0|0
ItemFlow|928|2014-11-19 15:38:11|0|game_1_app_id|1|test2|-1|3|1|1|-1|0|0|0
ItemFlow|928|2014-11-19 15:38:11|0|game_1_app_id|1|test2|-1|4|1|1|-1|0|0|0
ItemFlow|928|2014-11-19 15:38:11|0|game_1_app_id|1|test2|-1|5|1|1|-1|0|0|0
ItemFlow|928|2014-11-19 15:38:11|0|game_1_app_id|1|test2|-1|6|1|1|-1|0|0|0
ItemFlow|928|2014-11-19 15:38:11|0|game_1_app_id|1|test2|-1|7|1|1|-1|0|0|0
ItemFlow|928|2014-11-19 15:38:11|0|game_1_app_id|1|test2|-1|8|1|1|-1|0|0|0
ItemFlow|928|2014-11-19 15:38:11|0|game_1_app_id|1|test2|-1|9|1|1|-1|0|0|0
ItemFlow|928|2014-11-19 15:38:11|0|game_1_app_id|1|test2|-1|10|1|1|-1|0|0|0
ItemFlow|928|2014-11-19 15:38:11|0|game_1_app_id|1|test2|-1|11|1|1|-1|0|0|0
ItemFlow|928|2014-11-19 15:38:11|0|game_1_app_id|1|test2|-1|12|1|1|-1|0|0|0
ItemFlow|928|2014-11-19 15:38:11|0|game_1_app_id|1|test2|-1|13|1|1|-1|0|0|0
ItemFlow|928|2014-11-19 15:38:11|0|game_1_app_id|1|test2|-1|14|1|1|-1|0|0|0
ItemFlow|928|2014-11-19 15:38:11|0|game_1_app_id|1|test2|-1|15|1|1|-1|0|0|0
ItemFlow|928|2014-11-19 15:38:11|0|game_1_app_id|1|test2|-1|16|1|1|-1|0|0|0
ItemFlow|928|2014-11-19 15:38:11|0|game_1_app_id|1|test2|-1|17|1|1|-1|0|0|0
ItemFlow|928|2014-11-19 15:38:11|0|game_1_app_id|1|test2|-1|18|1|1|-1|0|0|0
ItemFlow|928|2014-11-19 15:38:11|0|game_1_app_id|1|test2|-1|19|1|1|-1|0|0|0
ItemFlow|928|2014-11-19 15:38:11|0|game_1_app_id|1|test2|-1|20|1|1|-1|0|0|0
ItemFlow|928|2014-11-19 15:38:11|0|game_1_app_id|1|test2|-1|22|1|1|-1|0|0|0
ItemFlow|928|2014-11-19 15:38:11|0|game_1_app_id|1|test2|-1|23|1|1|-1|0|0|0
PlayerGuideFlow|928|2014-11-19 15:38:12|game_1_app_id|1|test2|80|4|0|0
GameSvrState|2014-11-19 15:38:19|192.168.10.35
PlayerFightNumFlow|928|2014-11-19 15:38:43|game_1_app_id|1|test2|80|0|12535
GameSvrState|2014-11-19 15:39:19|192.168.10.35
PlayerGuideFlow|928|2014-11-19 15:39:19|game_1_app_id|1|test2|80|4|0|1
PlayerGuideFlow|928|2014-11-19 15:39:19|game_1_app_id|1|test2|80|21|0|0
GameSvrState|2014-11-19 15:40:19|192.168.10.35
PlayerSystemModuleFlow|928|2014-11-19 15:40:58|game_1_app_id|1|test2|80|0|0
GameSvrState|2014-11-19 15:41:19|192.168.10.35
ItemFlow|928|2014-11-19 15:41:26|0|game_1_app_id|1|test2|12|263|3|3|0|0|0|0
PlayerPvpFlow|928|2014-11-19 15:41:26|game_1_app_id|1|test|80|1|2|0|4
PlayerPvpFlow|928|2014-11-19 15:41:26|game_1_app_id|1|test2|80|2|1|0|1
PlayerSystemModuleFlow|928|2014-11-19 15:41:38|game_1_app_id|1|test2|80|0|0
ItemFlow|928|2014-11-19 15:42:00|0|game_1_app_id|1|test2|12|263|8|5|0|0|0|0
PlayerPvpFlow|928|2014-11-19 15:42:00|game_1_app_id|1|test2|80|1|1|0|1
PlayerPvpFlow|928|2014-11-19 15:42:00|game_1_app_id|1|test|80|2|2|0|4
PlayerSystemModuleFlow|928|2014-11-19 15:42:14|game_1_app_id|1|test2|80|0|0
GameSvrState|2014-11-19 15:42:19|192.168.10.35
ItemFlow|928|2014-11-19 15:42:32|0|game_1_app_id|1|test2|12|263|13|5|0|0|0|0
PlayerPvpFlow|928|2014-11-19 15:42:32|game_1_app_id|1|test2|80|1|1|0|1
PlayerPvpFlow|928|2014-11-19 15:42:32|game_1_app_id|1|test|80|2|2|0|4
PlayerSystemModuleFlow|928|2014-11-19 15:42:48|game_1_app_id|1|test2|80|0|0
ItemFlow|928|2014-11-19 15:43:01|0|game_1_app_id|1|test2|12|263|18|5|0|0|0|0
PlayerPvpFlow|928|2014-11-19 15:43:01|game_1_app_id|1|test2|80|1|1|0|1
PlayerPvpFlow|928|2014-11-19 15:43:01|game_1_app_id|1|test|80|2|2|0|4
PlayerSystemModuleFlow|928|2014-11-19 15:43:11|game_1_app_id|1|test2|80|0|0
GameSvrState|2014-11-19 15:43:19|192.168.10.35
ItemFlow|928|2014-11-19 15:43:31|0|game_1_app_id|1|test2|12|263|23|5|0|0|0|0
PlayerPvpFlow|928|2014-11-19 15:43:31|game_1_app_id|1|test2|80|1|1|0|1
PlayerPvpFlow|928|2014-11-19 15:43:31|game_1_app_id|1|test|80|2|2|0|4
PlayerFightNumFlow|928|2014-11-19 15:44:07|game_1_app_id|1|test2|80|6|12535
PlayerFightNumFlow|928|2014-11-19 15:44:11|game_1_app_id|1|test2|80|6|12535
GameSvrState|2014-11-19 15:44:19|192.168.10.35
PlayerSystemModuleFlow|928|2014-11-19 15:44:29|game_1_app_id|1|test2|80|6|6
MoneyFlow|928|2014-11-19 15:44:42|0|game_1_app_id|1|test2|80|10000|0|40|0|1|1|6
PlayerSystemModuleFlow|928|2014-11-19 15:44:48|game_1_app_id|1|test2|80|0|6
ItemFlow|928|2014-11-19 15:45:06|0|game_1_app_id|1|test2|12|263|28|5|0|0|0|6
PlayerPvpFlow|928|2014-11-19 15:45:06|game_1_app_id|1|test2|80|1|1|6|1
PlayerPvpFlow|928|2014-11-19 15:45:06|game_1_app_id|1|test|80|2|2|0|4
GameSvrState|2014-11-19 15:45:19|192.168.10.35
GameSvrState|2014-11-19 15:46:19|192.168.10.35
MoneyFlow|928|2014-11-19 15:46:47|0|game_1_app_id|1|test2|80|10000|0|40|0|1|1|6
PlayerSystemModuleFlow|928|2014-11-19 15:47:09|game_1_app_id|1|test2|80|0|6
GameSvrState|2014-11-19 15:47:19|192.168.10.35
ItemFlow|928|2014-11-19 15:47:24|0|game_1_app_id|1|test2|12|263|33|5|0|0|0|6
PlayerPvpFlow|928|2014-11-19 15:47:24|game_1_app_id|1|test2|80|1|1|6|1
PlayerPvpFlow|928|2014-11-19 15:47:24|game_1_app_id|1|test|80|2|2|0|4
MoneyFlow|928|2014-11-19 15:47:39|0|game_1_app_id|1|test2|80|10000|0|40|0|1|1|6
PlayerLogout|928|2014-11-19 15:48:03|game_1_app_id|1|test2|632|80|0|7901||HTML5||WiFi|0|0|0|0||0||||6
GameSvrState|2014-11-19 15:48:19|192.168.10.35
PlayerLogin|928|2014-11-19 15:48:48|game_1_app_id|1|test2|80|0|7901||HTML5||WiFi|0|0|0|0||0|||
PlayerQuestFlow|928|2014-11-19 15:48:48|game_1_app_id|1|test2|80|6|14|1|0
PlayerQuestFlow|928|2014-11-19 15:48:48|game_1_app_id|1|test2|80|6|6|1|0
PlayerQuestFlow|928|2014-11-19 15:48:48|game_1_app_id|1|test2|80|6|9|1|0
PlayerQuestFlow|928|2014-11-19 15:48:48|game_1_app_id|1|test2|80|6|10|1|0
PlayerQuestFlow|928|2014-11-19 15:48:48|game_1_app_id|1|test2|80|6|16|1|0
PlayerQuestFlow|928|2014-11-19 15:48:48|game_1_app_id|1|test2|80|6|22|1|0
PlayerQuestFlow|928|2014-11-19 15:48:48|game_1_app_id|1|test2|80|6|15|1|0
PlayerQuestFlow|928|2014-11-19 15:48:48|game_1_app_id|1|test2|80|6|17|1|0
PlayerQuestFlow|928|2014-11-19 15:48:48|game_1_app_id|1|test2|80|6|11|1|0
PlayerQuestFlow|928|2014-11-19 15:48:48|game_1_app_id|1|test2|80|6|20|1|0
PlayerQuestFlow|928|2014-11-19 15:48:48|game_1_app_id|1|test2|80|6|21|1|0
PlayerQuestFlow|928|2014-11-19 15:48:48|game_1_app_id|1|test2|80|6|18|1|0
PlayerFightNumFlow|928|2014-11-19 15:48:49|game_1_app_id|1|test2|80|6|12535
GameSvrState|2014-11-19 15:49:19|192.168.10.35
GameSvrState|2014-11-19 15:50:19|192.168.10.35
PlayerSystemModuleFlow|928|2014-11-19 15:50:46|game_1_app_id|1|test2|80|8|6
PlayerSystemModuleFlow|928|2014-11-19 15:50:52|game_1_app_id|1|test2|80|20|6
PlayerMissionFlow|928|2014-11-19 15:50:52|game_1_app_id|1|test2|80|12|327|0|100100|6|0
GameSvrState|2014-11-19 15:51:19|192.168.10.35
