PlayerLogin|928|2014-11-19 22:13:49|game_1_app_id|1|test661|80|0|7933||HTML5||WiFi|0|0|0|0||0|||
PlayerLogout|928|2014-11-19 22:13:49|game_1_app_id|1|test661|0|80|0|7933||HTML5||WiFi|0|0|0|0||0||||0
PlayerLogin|928|2014-11-19 22:13:59|game_1_app_id|1|test661|80|0|7933||HTML5||WiFi|0|0|0|0||0|||
PlayerQuestFlow|928|2014-11-19 22:13:59|game_1_app_id|1|test661|80|0|9|1|0
PlayerQuestFlow|928|2014-11-19 22:13:59|game_1_app_id|1|test661|80|0|11|1|0
PlayerQuestFlow|928|2014-11-19 22:13:59|game_1_app_id|1|test661|80|0|14|1|0
PlayerQuestFlow|928|2014-11-19 22:13:59|game_1_app_id|1|test661|80|0|22|1|0
PlayerQuestFlow|928|2014-11-19 22:13:59|game_1_app_id|1|test661|80|0|17|1|0
PlayerQuestFlow|928|2014-11-19 22:13:59|game_1_app_id|1|test661|80|0|18|1|0
PlayerQuestFlow|928|2014-11-19 22:13:59|game_1_app_id|1|test661|80|0|20|1|0
PlayerQuestFlow|928|2014-11-19 22:13:59|game_1_app_id|1|test661|80|0|21|1|0
PlayerQuestFlow|928|2014-11-19 22:13:59|game_1_app_id|1|test661|80|0|6|1|0
PlayerQuestFlow|928|2014-11-19 22:13:59|game_1_app_id|1|test661|80|0|15|1|0
PlayerQuestFlow|928|2014-11-19 22:13:59|game_1_app_id|1|test661|80|0|10|1|0
PlayerQuestFlow|928|2014-11-19 22:13:59|game_1_app_id|1|test661|80|0|16|1|0
PlayerFightNumFlow|928|2014-11-19 22:13:59|game_1_app_id|1|test661|80|0|12535
PlayerSystemModuleFlow|928|2014-11-19 22:14:19|game_1_app_id|1|test661|80|11|0
ItemFlow|928|2014-11-19 22:14:19|0|game_1_app_id|1|test661|2|231|997|1|23|0|1|0
MoneyFlow|928|2014-11-19 22:14:19|0|game_1_app_id|1|test661|80|10098510|1000|3|0|1|0|0
EquipRefineFlow|928|2014-11-19 22:14:19|game_1_app_id|1|test661|31|998|997|0|0|0|0|0|0|235|999|999|0|10099510|10098510|1|2|80|0
GameSvrState|2014-11-19 22:14:48|192.168.10.35
