PlayerLogin|928|2014-11-19 22:15:24|game_1_app_id|1|test661|80|0|7933||HTML5||WiFi|0|0|0|0||0|||
PlayerLogout|928|2014-11-19 22:15:24|game_1_app_id|1|test661|0|80|0|7933||HTML5||WiFi|0|0|0|0||0||||0
PlayerLogin|928|2014-11-19 22:15:36|game_1_app_id|1|test661|80|0|7933||HTML5||WiFi|0|0|0|0||0|||
PlayerFightNumFlow|928|2014-11-19 22:15:36|game_1_app_id|1|test661|80|0|12535
PlayerSystemModuleFlow|928|2014-11-19 22:15:49|game_1_app_id|1|test661|80|11|0
ItemFlow|928|2014-11-19 22:15:49|0|game_1_app_id|1|test661|2|231|996|1|23|0|1|0
MoneyFlow|928|2014-11-19 22:15:49|0|game_1_app_id|1|test661|80|10097010|1500|3|0|1|0|0
EquipRefineFlow|928|2014-11-19 22:15:49|game_1_app_id|1|test661|31|997|996|0|0|0|0|0|0|0|0|0|0|10098510|10097010|2|2|80|0
PlayerSystemModuleFlow|928|2014-11-19 22:15:59|game_1_app_id|1|test661|80|11|0
ItemFlow|928|2014-11-19 22:15:59|0|game_1_app_id|1|test661|2|231|995|1|23|0|1|0
MoneyFlow|928|2014-11-19 22:15:59|0|game_1_app_id|1|test661|80|10095510|1500|3|0|1|0|0
EquipRefineFlow|928|2014-11-19 22:15:59|game_1_app_id|1|test661|31|996|995|0|0|0|0|0|0|0|0|0|0|10097010|10095510|2|3|80|0
PlayerSystemModuleFlow|928|2014-11-19 22:16:07|game_1_app_id|1|test661|80|11|0
ItemFlow|928|2014-11-19 22:16:07|0|game_1_app_id|1|test661|2|235|998|1|23|0|1|0
ItemFlow|928|2014-11-19 22:16:07|0|game_1_app_id|1|test661|2|231|994|1|23|0|1|0
ItemFlow|928|2014-11-19 22:16:07|0|game_1_app_id|1|test661|2|232|998|1|23|0|1|0
MoneyFlow|928|2014-11-19 22:16:07|0|game_1_app_id|1|test661|80|10093510|2000|3|0|1|0|0
EquipRefineFlow|928|2014-11-19 22:16:07|game_1_app_id|1|test661|61|999|998|0|0|0|0|0|0|235|999|998|0|10095510|10093510|0|0|80|0
GameSvrState|2014-11-19 22:16:24|192.168.10.35
PlayerSystemModuleFlow|928|2014-11-19 22:16:42|game_1_app_id|1|test661|80|11|0
ItemFlow|928|2014-11-19 22:16:42|0|game_1_app_id|1|test661|2|235|997|1|23|0|1|0
ItemFlow|928|2014-11-19 22:16:42|0|game_1_app_id|1|test661|2|231|993|1|23|0|1|0
ItemFlow|928|2014-11-19 22:16:42|0|game_1_app_id|1|test661|2|232|997|1|23|0|1|0
MoneyFlow|928|2014-11-19 22:16:42|0|game_1_app_id|1|test661|80|10091510|2000|3|0|1|0|0
EquipRefineFlow|928|2014-11-19 22:16:42|game_1_app_id|1|test661|61|998|997|0|0|0|0|0|0|235|998|997|0|10093510|10091510|0|1|80|0
GameSvrState|2014-11-19 22:17:24|192.168.10.35
GameSvrState|2014-11-19 22:18:24|192.168.10.35
